d:\visual studio projects\git\comp140-gam160-game\spaceex-plorer\spaceex-plorer\debug\vc141.pdb
d:\visual studio projects\git\comp140-gam160-game\spaceex-plorer\spaceex-plorer\debug\vc141.idb
d:\visual studio projects\git\comp140-gam160-game\spaceex-plorer\spaceex-plorer\debug\sprojectile.obj
d:\visual studio projects\git\comp140-gam160-game\spaceex-plorer\spaceex-plorer\debug\spaceex-plorer.obj
d:\visual studio projects\git\comp140-gam160-game\spaceex-plorer\spaceex-plorer\debug\sobject.obj
d:\visual studio projects\git\comp140-gam160-game\spaceex-plorer\spaceex-plorer\debug\eventhandler.obj
d:\visual studio projects\git\comp140-gam160-game\spaceex-plorer\spaceex-plorer\debug\camera.obj
d:\visual studio projects\git\comp140-gam160-game\spaceex-plorer\spaceex-plorer\debug\basecomponent.obj
d:\visual studio projects\git\comp140-gam160-game\spaceex-plorer\spaceex-plorer\debug\spaceex-plorer.pch
d:\visual studio projects\git\comp140-gam160-game\spaceex-plorer\spaceex-plorer\debug\pch.obj
d:\visual studio projects\git\comp140-gam160-game\spaceex-plorer\debug\spaceex-plorer.exe
d:\visual studio projects\git\comp140-gam160-game\spaceex-plorer\debug\spaceex-plorer.ilk
d:\visual studio projects\git\comp140-gam160-game\spaceex-plorer\debug\spaceex-plorer.pdb
d:\visual studio projects\git\comp140-gam160-game\spaceex-plorer\spaceex-plorer\debug\swidgetui.obj
d:\visual studio projects\git\comp140-gam160-game\spaceex-plorer\spaceex-plorer\debug\spaceex-plorer.tlog\cl.command.1.tlog
d:\visual studio projects\git\comp140-gam160-game\spaceex-plorer\spaceex-plorer\debug\spaceex-plorer.tlog\cl.read.1.tlog
d:\visual studio projects\git\comp140-gam160-game\spaceex-plorer\spaceex-plorer\debug\spaceex-plorer.tlog\cl.write.1.tlog
d:\visual studio projects\git\comp140-gam160-game\spaceex-plorer\spaceex-plorer\debug\spaceex-plorer.tlog\link.command.1.tlog
d:\visual studio projects\git\comp140-gam160-game\spaceex-plorer\spaceex-plorer\debug\spaceex-plorer.tlog\link.read.1.tlog
d:\visual studio projects\git\comp140-gam160-game\spaceex-plorer\spaceex-plorer\debug\spaceex-plorer.tlog\link.write.1.tlog
