d:\digital\uni stuff\comp140\assignments\comp140-gam160-game\spaceshooter\spaceshooter\debug\vc141.pdb
d:\digital\uni stuff\comp140\assignments\comp140-gam160-game\spaceshooter\spaceshooter\debug\vc141.idb
d:\digital\uni stuff\comp140\assignments\comp140-gam160-game\spaceshooter\spaceshooter\debug\collisionbox.obj
d:\digital\uni stuff\comp140\assignments\comp140-gam160-game\spaceshooter\spaceshooter\debug\connectionlistener.obj
d:\digital\uni stuff\comp140\assignments\comp140-gam160-game\spaceshooter\spaceshooter\debug\controls.obj
d:\digital\uni stuff\comp140\assignments\comp140-gam160-game\spaceshooter\spaceshooter\debug\game.obj
d:\digital\uni stuff\comp140\assignments\comp140-gam160-game\spaceshooter\spaceshooter\debug\graphics.obj
d:\digital\uni stuff\comp140\assignments\comp140-gam160-game\spaceshooter\spaceshooter\debug\level.obj
d:\digital\uni stuff\comp140\assignments\comp140-gam160-game\spaceshooter\spaceshooter\debug\main.obj
d:\digital\uni stuff\comp140\assignments\comp140-gam160-game\spaceshooter\spaceshooter\debug\player.obj
d:\digital\uni stuff\comp140\assignments\comp140-gam160-game\spaceshooter\spaceshooter\debug\input.obj
d:\digital\uni stuff\comp140\assignments\comp140-gam160-game\spaceshooter\spaceshooter\debug\projectile.obj
d:\digital\uni stuff\comp140\assignments\comp140-gam160-game\spaceshooter\spaceshooter\debug\serialinterface.obj
d:\digital\uni stuff\comp140\assignments\comp140-gam160-game\spaceshooter\spaceshooter\debug\serverconnect.obj
d:\digital\uni stuff\comp140\assignments\comp140-gam160-game\spaceshooter\spaceshooter\debug\sprite.obj
d:\digital\uni stuff\comp140\assignments\comp140-gam160-game\spaceshooter\debug\spaceshooter.ilk
d:\digital\uni stuff\comp140\assignments\comp140-gam160-game\spaceshooter\debug\spaceshooter.exe
d:\digital\uni stuff\comp140\assignments\comp140-gam160-game\spaceshooter\debug\spaceshooter.pdb
d:\digital\uni stuff\comp140\assignments\comp140-gam160-game\spaceshooter\spaceshooter\debug\spaceshooter.tlog\cl.command.1.tlog
d:\digital\uni stuff\comp140\assignments\comp140-gam160-game\spaceshooter\spaceshooter\debug\spaceshooter.tlog\cl.read.1.tlog
d:\digital\uni stuff\comp140\assignments\comp140-gam160-game\spaceshooter\spaceshooter\debug\spaceshooter.tlog\cl.write.1.tlog
d:\digital\uni stuff\comp140\assignments\comp140-gam160-game\spaceshooter\spaceshooter\debug\spaceshooter.tlog\link.command.1.tlog
d:\digital\uni stuff\comp140\assignments\comp140-gam160-game\spaceshooter\spaceshooter\debug\spaceshooter.tlog\link.read.1.tlog
d:\digital\uni stuff\comp140\assignments\comp140-gam160-game\spaceshooter\spaceshooter\debug\spaceshooter.tlog\link.write.1.tlog
