Log file open, 03/09/17 23:55:58
LogInit:Display: Running engine for game: COMP140
LogPlatformFile: Not using cached read wrapper
LogInit:Display: RandInit(1876848758) SRandInit(1876848759).
LogTaskGraph: Started task graph with 4 named threads and 7 total threads with 1 sets of task threads.
LogStats: Stats thread started at 0.088628
LogInit: Version: 4.12.5-3039270+++UE4+Release-4.12
LogInit: API Version: 2992821
LogInit: Net Version: 3039270
LogDevObjectVersion: Number of dev versions registered: 13
LogDevObjectVersion:   Dev-Blueprints (B0D832E4-1F89-4F0D-ACCF-7EB736FD4AA2): 3
LogDevObjectVersion:   Dev-Build (E1C64328-A22C-4D53-A36C-8E866417BD8C): 0
LogDevObjectVersion:   Dev-Core (375EC13C-06E4-48FB-B500-84F0262A717E): 1
LogDevObjectVersion:   Dev-Editor (E4B068ED-F494-42E9-A231-DA0B2E46BB41): 2
LogDevObjectVersion:   Dev-Framework (CFFC743F-43B0-4480-9391-14DF171D2073): 6
LogDevObjectVersion:   Dev-Mobile (B02B49B5-BB20-44E9-A304-32B752E40360): 0
LogDevObjectVersion:   Dev-Networking (A4E4105C-59A1-49B5-A7C5-40C4547EDFEE): 0
LogDevObjectVersion:   Dev-Online (39C831C9-5AE6-47DC-9A44-9C173E1C8E7C): 0
LogDevObjectVersion:   Dev-Physics (78F01B33-EBEA-4F98-B9B4-84EACCB95AA2): 0
LogDevObjectVersion:   Dev-Platform (6631380F-2D4D-43E0-8009-CF276956A95A): 0
LogDevObjectVersion:   Dev-Rendering (12F88B9F-8875-4AFC-A67C-D90C383ABD29): 2
LogDevObjectVersion:   Dev-Sequencer (7B5AE74C-D270-4C10-A958-57980B212A5A): 0
LogDevObjectVersion:   Dev-VR (D7296918-1DD6-4BDD-9DE2-64A83CC13884): 0
LogInit: Compiled (64-bit): Jul  6 2016 09:09:46
LogInit: Compiled with Visual C++: 19.00.23026.00
LogInit: Build Configuration: Development
LogInit: Branch Name: ++UE4+Release-4.12
LogInit: Command line: -EpicPortal 
LogInit: Base directory: C:/Program Files/Epic Games/UE_4.12/Engine/Binaries/Win64/
LogInit: Installed Engine Build: 1
LogInit: Using libcurl 7.41.0
LogInit:  - built for x86_64-pc-win32
LogInit:  - supports SSL with WinSSL
LogInit:  - other features:
LogInit:      CURL_VERSION_SSL
LogInit:      CURL_VERSION_IPV6
LogInit:      CURL_VERSION_ASYNCHDNS
LogInit:      CURL_VERSION_LARGEFILE
LogInit:      CURL_VERSION_IDN
LogInit:  CurlRequestOptions (configurable via config and command line):
LogInit:  - bVerifyPeer = true  - Libcurl will verify peer certificate
LogInit:  - bUseHttpProxy = false  - Libcurl will NOT use HTTP proxy
LogInit:  - bDontReuseConnections = false  - Libcurl will reuse connections
LogInit:  - CertBundlePath = nullptr  - Libcurl will use whatever was configured at build time.
LogInit: Presizing for max 8388607 objects, including 0 objects not considered by GC, pre-allocating 0 bytes for permanent pool.
LogInit: Object subsystem initialized
[2017.03.09-23.55.58:396][  0]LogInit: Selected Device Profile: [Windows]
[2017.03.09-23.55.58:396][  0]LogInit: Applying CVar settings loaded from the selected device profile: [Windows]
[2017.03.09-23.55.58:410][  0]LogInit: Computer: DESKTOP-RFGC7MG
[2017.03.09-23.55.58:410][  0]LogInit: User: rasta
[2017.03.09-23.55.58:410][  0]LogInit: CPU Page size=65536, Cores=4
[2017.03.09-23.55.58:410][  0]LogInit: High frequency timer resolution =2.435776 MHz
[2017.03.09-23.55.58:410][  0]LogMemory: Memory total: Physical=15.9GB (16GB approx)
[2017.03.09-23.55.58:410][  0]LogMemory: Platform Memory Stats for Windows
[2017.03.09-23.55.58:410][  0]LogMemory: Process Physical Memory: 190.46 MB used, 190.46 MB peak
[2017.03.09-23.55.58:410][  0]LogMemory: Process Virtual Memory: 195.43 MB used, 195.43 MB peak
[2017.03.09-23.55.58:410][  0]LogMemory: Physical Memory: 5710.76 MB used, 16300.36 MB total
[2017.03.09-23.55.58:410][  0]LogMemory: Virtual Memory: 553.59 MB used, 134217728.00 MB total
[2017.03.09-23.55.58:445][  0]LogTextLocalizationManager: No specific translations for ('en-GB') exist, so ('en') translations will be used.
[2017.03.09-23.55.58:913][  0]LogD3D11RHI: D3D11 adapters:
[2017.03.09-23.55.58:949][  0]LogD3D11RHI:    0. 'NVIDIA GeForce GTX 860M' (Feature Level 11_0)
[2017.03.09-23.55.58:949][  0]LogD3D11RHI:       2019/0/8150 MB DedicatedVideo/DedicatedSystem/SharedSystem, Outputs:1, VendorId:0x10de
[2017.03.09-23.55.58:955][  0]LogD3D11RHI:    1. 'Intel(R) HD Graphics 4600' (Feature Level 11_0)
[2017.03.09-23.55.58:955][  0]LogD3D11RHI:       112/0/2048 MB DedicatedVideo/DedicatedSystem/SharedSystem, Outputs:0, VendorId:0x8086
[2017.03.09-23.55.58:957][  0]LogD3D11RHI:    2. 'Microsoft Basic Render Driver' (Feature Level 11_0)
[2017.03.09-23.55.58:957][  0]LogD3D11RHI:       0/0/8150 MB DedicatedVideo/DedicatedSystem/SharedSystem, Outputs:0, VendorId:0x1414
[2017.03.09-23.55.58:957][  0]LogD3D11RHI: Chosen D3D11 Adapter: 0
[2017.03.09-23.55.58:963][  0]LogD3D11RHI: Creating new Direct3DDevice
[2017.03.09-23.55.58:963][  0]LogD3D11RHI:     GPU DeviceId: 0x1392 (for the marketing name, search the web for "GPU Device Id")
[2017.03.09-23.55.58:963][  0]LogWindows: EnumDisplayDevices:
[2017.03.09-23.55.58:963][  0]LogWindows:    0. 'Intel(R) HD Graphics 4600' (P:1 D:1)
[2017.03.09-23.55.58:963][  0]LogWindows:    1. 'Intel(R) HD Graphics 4600' (P:0 D:0)
[2017.03.09-23.55.58:964][  0]LogWindows:    2. 'Intel(R) HD Graphics 4600' (P:0 D:0)
[2017.03.09-23.55.58:964][  0]LogWindows: DebugString: PrimaryIsNotTheChoosenAdapter PrimaryIsNotTheChoosenAdapter PrimaryIsNotTheChoosenAdapter FoundDriverCount:0 
[2017.03.09-23.55.58:964][  0]LogD3D11RHI:     Adapter Name: NVIDIA GeForce GTX 860M
[2017.03.09-23.55.58:964][  0]LogD3D11RHI:   Driver Version: Unknown (internal:Unknown, unified:Unknown)
[2017.03.09-23.55.58:964][  0]LogD3D11RHI:      Driver Date: Unknown
[2017.03.09-23.55.58:964][  0]LogRHI: Texture pool is 1361 MB (70% of 1945 MB)
[2017.03.09-23.55.58:979][  0]LogD3D11RHI: Async texture creation enabled
[2017.03.09-23.55.58:990][  0]LogD3D11RHI: GPU Timing Frequency: 1000.000000 (Debug: 2 1)
[2017.03.09-23.55.58:990][  0]LogShaderCompilers: Guid format shader working directory is -28 characters bigger than the processId version (../../../../../../Users/rasta/Documents/Github/comp140-gam160-game/COMP140/Intermediate/Shaders/WorkingDirectory/9412/).
[2017.03.09-23.55.58:991][  0]LogShaderCompilers: Cleaned the shader compiler working directory 'C:/Users/rasta/AppData/Local/Temp/UnrealShaderWorkingDir/D4C34D4746269B132BB783893D8EE2E9/'.
[2017.03.09-23.55.58:991][  0]LogShaderCompilers:Display: Using Local Shader Compiler.
[2017.03.09-23.56.00:061][  0]LogTemp:Display: Loaded TP AllDesktopTargetPlatform
[2017.03.09-23.56.00:072][  0]LogTemp:Display: Loaded TP WindowsClientTargetPlatform
[2017.03.09-23.56.00:083][  0]LogTemp:Display: Loaded TP WindowsNoEditorTargetPlatform
[2017.03.09-23.56.00:094][  0]LogTemp:Display: Loaded TP WindowsServerTargetPlatform
[2017.03.09-23.56.00:105][  0]LogTemp:Display: Loaded TP WindowsTargetPlatform
[2017.03.09-23.56.00:116][  0]LogTemp:Display: Loaded TP AndroidTargetPlatform
[2017.03.09-23.56.00:125][  0]LogTemp:Display: Loaded TP Android_ASTCTargetPlatform
[2017.03.09-23.56.00:135][  0]LogTemp:Display: Loaded TP Android_ATCTargetPlatform
[2017.03.09-23.56.00:144][  0]LogTemp:Display: Loaded TP Android_DXTTargetPlatform
[2017.03.09-23.56.00:154][  0]LogTemp:Display: Loaded TP Android_ETC1TargetPlatform
[2017.03.09-23.56.00:163][  0]LogTemp:Display: Loaded TP Android_ETC2TargetPlatform
[2017.03.09-23.56.00:182][  0]LogTemp:Display: Loaded TP Android_MultiTargetPlatform
[2017.03.09-23.56.00:182][  0]LogTemp:Display: Loaded TP Android_PVRTCTargetPlatform
[2017.03.09-23.56.00:183][  0]LogTemp:Display: Loaded TP HTML5TargetPlatform
[2017.03.09-23.56.00:207][  0]LogTemp:Display: Loaded TP IOSTargetPlatform
[2017.03.09-23.56.00:217][  0]LogTemp:Display: Loaded TP TVOSTargetPlatform
[2017.03.09-23.56.00:226][  0]LogTemp:Display: Loaded TP LinuxNoEditorTargetPlatform
[2017.03.09-23.56.00:236][  0]LogTemp:Display: Loaded TP LinuxServerTargetPlatform
[2017.03.09-23.56.00:246][  0]LogTemp:Display: Loaded TP LinuxTargetPlatform
[2017.03.09-23.56.00:246][  0]LogTargetPlatformManager:Display: Building Assets For Windows
[2017.03.09-23.56.00:357][  0]LogDerivedDataCache:Display: Max Cache Size: 512 MB
[2017.03.09-23.56.00:422][  0]LogDerivedDataCache: Loaded boot cache 0.06s 48MB C:/Users/rasta/AppData/Local/UnrealEngine/4.12/DerivedDataCache/Boot.ddc.
[2017.03.09-23.56.00:422][  0]LogDerivedDataCache:Display: Loaded Boot cache: C:/Users/rasta/AppData/Local/UnrealEngine/4.12/DerivedDataCache/Boot.ddc
[2017.03.09-23.56.00:423][  0]LogDerivedDataCache: FDerivedDataBackendGraph:  Pak pak cache file ../../../../../../Users/rasta/Documents/Github/comp140-gam160-game/COMP140/DerivedDataCache/DDC.ddp not found, will not use a pak cache.
[2017.03.09-23.56.00:423][  0]LogDerivedDataCache: Unable to find inner node Pak for hierarchical cache Hierarchy.
[2017.03.09-23.56.00:423][  0]LogDerivedDataCache: FDerivedDataBackendGraph:  CompressedPak pak cache file ../../../../../../Users/rasta/Documents/Github/comp140-gam160-game/COMP140/DerivedDataCache/Compressed.ddp not found, will not use a pak cache.
[2017.03.09-23.56.00:423][  0]LogDerivedDataCache: Unable to find inner node CompressedPak for hierarchical cache Hierarchy.
[2017.03.09-23.56.00:444][  0]LogDerivedDataCache:Display: Pak cache opened for reading ../../../Engine/DerivedDataCache/Compressed.ddp.
[2017.03.09-23.56.00:456][  0]LogDerivedDataCache: Using Local data cache path C:/Users/rasta/AppData/Local/UnrealEngine/Common/DerivedDataCache: Writable
[2017.03.09-23.56.00:691][  0]LogInit: Selected Device Profile: [Windows]
[2017.03.09-23.56.00:691][  0]LogContentStreaming: Texture pool size is 0.00 MB
[2017.03.09-23.56.00:899][  0]LogMeshUtilities: No automatic mesh reduction module available
[2017.03.09-23.56.00:899][  0]LogMeshUtilities: No automatic mesh merging module available
[2017.03.09-23.56.00:899][  0]LogMeshUtilities: No distributed automatic mesh merging module available
[2017.03.09-23.56.01:248][  0]LogAssetRegistry: FAssetRegistry took 0.0219 seconds to start up
[2017.03.09-23.56.01:287][  0]LogPackageLocalizationCache: Processed 3 localized package path(s) for 2 prioritized culture(s) in 0.036223 seconds
[2017.03.09-23.56.01:296][  0]LogUObjectArray: 28739 objects as part of root set at end of initial load.
[2017.03.09-23.56.01:296][  0]LogUObjectAllocator: 5855632 out of 0 bytes used by permanent object pool.
[2017.03.09-23.56.01:296][  0]LogUObjectArray: CloseDisregardForGC: 0/0 objects in disregard for GC pool
[2017.03.09-23.56.01:308][  0]LogInit: WinSock: version 1.1 (2.2), MaxSocks=32767, MaxUdp=65467
[2017.03.09-23.56.01:577][  0]LogSlate: SlateFontCache - WITH_FREETYPE: 1, WITH_HARFBUZZ: 1
[2017.03.09-23.56.01:577][  0]LogSlate: SlateFontCache - WITH_FREETYPE: 1, WITH_HARFBUZZ: 1
[2017.03.09-23.56.02:500][  0]LogUdpMessaging: Initializing bridge on interface 0.0.0.0:0 to multicast group 230.0.0.1:6666.
[2017.03.09-23.56.02:775][  0]SourceControl: Info Source control is disabled
[2017.03.09-23.56.02:830][  0]SourceControl: Info Source control is disabled
[2017.03.09-23.56.02:842][  0]SourceControl: Info Source control is disabled
[2017.03.09-23.56.02:855][  0]SourceControl: Info Source control is disabled
[2017.03.09-23.56.03:151][  0]LogEngine: Initializing Engine...
[2017.03.09-23.56.03:152][  0]LogHMD: SteamVR failed to initialize.  Err: 110
[2017.03.09-23.56.03:153][  0]LogHMD: SteamVR failed to initialize.  Err: 110
[2017.03.09-23.56.03:325][  0]LogAIModule: Creating AISystem for world NewWorld
[2017.03.09-23.56.03:330][  0]LogInit: XAudio2 using 'Speakers (Realtek High Definition Audio)' : 2 channels at 48 kHz using 32 bits per sample (channel mask 0x3)
[2017.03.09-23.56.03:344][  0]LogInit: FAudioDevice initialized.
[2017.03.09-23.56.03:375][  0]LogDerivedDataCache: Saved boot cache 0.03s 48MB C:/Users/rasta/AppData/Local/UnrealEngine/4.12/DerivedDataCache/Boot.ddc.
[2017.03.09-23.56.03:383][  0]LogInit: Texture streaming: Enabled
[2017.03.09-23.56.03:412][  0]LogInit: Transaction tracking system initialized
[2017.03.09-23.56.03:440][  0]BlueprintLog: New page: Editor Load
[2017.03.09-23.56.03:530][  0]LocalizationService: Info Localization service is disabled
[2017.03.09-23.56.03:599][  0]LogConsoleResponse:Display: 
[2017.03.09-23.56.03:735][  0]LogCook:Display: Max memory allowance for cook 8192mb
[2017.03.09-23.56.03:735][  0]LogCook:Display: Mobile HDR setting 1
[2017.03.09-23.56.03:871][  0]LogFileCache: Scanning file cache for directory 'C:/Users/rasta/Documents/Github/comp140-gam160-game/COMP140/Content/' took 0.02s
[2017.03.09-23.56.03:871][  0]SourceControl: Info Source control is disabled
[2017.03.09-23.56.03:871][  0]Cmd: MAP LOAD FILE="../../../../../../Users/rasta/Documents/Github/comp140-gam160-game/COMP140/Content/SideScrollerBP/Maps/SideScrollerExampleMap.umap" TEMPLATE=0 SHOWPROGRESS=1 FEATURELEVEL=3
[2017.03.09-23.56.03:871][  0]LightingResults: New page: Lighting Build
[2017.03.09-23.56.03:875][  0]MapCheck: New page: Map Check
[2017.03.09-23.56.03:875][  0]LightingResults: New page: Lighting Build
[2017.03.09-23.56.04:467][  0]LogAIModule: Creating AISystem for world SideScrollerExampleMap
[2017.03.09-23.56.04:480][  0]LogEditorServer: Finished looking for orphan Actors (0.000 secs)
[2017.03.09-23.56.04:481][  0]Cmd: MAP CHECKDEP NOCLEARLOG
[2017.03.09-23.56.04:537][  0]MapCheck: Info Map check complete: 0 Error(s), 0 Warning(s), took 55.888ms to complete.
[2017.03.09-23.56.04:537][  0]LogFileHelpers: Loading map 'SideScrollerExampleMap' took 0.666
[2017.03.09-23.56.04:707][  0]LogCollectionManager: Loaded 0 collections in 0.002793 seconds
[2017.03.09-23.56.04:747][  0]LogFileCache: Scanning file cache for directory 'C:/Users/rasta/Documents/Github/comp140-gam160-game/COMP140/Saved/Collections/' took 0.01s
[2017.03.09-23.56.04:747][  0]LogFileCache: Scanning file cache for directory 'C:/Users/rasta/Documents/Github/comp140-gam160-game/COMP140/Content/Developers/rasta/Collections/' took 0.01s
[2017.03.09-23.56.04:747][  0]LogFileCache: Scanning file cache for directory 'C:/Users/rasta/Documents/Github/comp140-gam160-game/COMP140/Content/Collections/' took 0.01s
[2017.03.09-23.56.04:747][  0]LogCollectionManager: Rebuilt the GUID cache for 0 collections in 0.000003 seconds
[2017.03.09-23.56.04:758][  0]LogContentBrowser: Native class hierarchy populated in 0.0104 seconds. Added 2047 classes and 369 folders.
[2017.03.09-23.56.04:762][  0]LogStats: UGameplayTagsManager::ConstructGameplayTagTree: Construct from data asset -  0.000 s
[2017.03.09-23.56.04:762][  0]LogStats: UGameplayTagsManager::ConstructGameplayTagTree: GameplayTagTreeChangedEvent.Broadcast -  0.000 s
[2017.03.09-23.56.04:763][  0]LogContentBrowser: Native class hierarchy updated for 'GameplayTags' in 0.0005 seconds. Added 12 classes and 0 folders.
[2017.03.09-23.56.04:768][  0]LogContentBrowser: Native class hierarchy updated for 'WidgetCarousel' in 0.0004 seconds. Added 0 classes and 0 folders.
[2017.03.09-23.56.04:827][  0]LogContentBrowser: Native class hierarchy updated for 'AddContentDialog' in 0.0005 seconds. Added 0 classes and 0 folders.
[2017.03.09-23.56.04:832][  0]LogContentBrowser: Native class hierarchy updated for 'SceneOutliner' in 0.0004 seconds. Added 1 classes and 2 folders.
[2017.03.09-23.56.04:852][  0]LogCrashTracker: Crashtracker disabled due to settings.
[2017.03.09-23.56.04:859][  0]LogUObjectGlobals:Warning: Failed to find object 'Class None.'
[2017.03.09-23.56.04:886][  0]LogContentBrowser: Native class hierarchy updated for 'HierarchicalLODOutliner' in 0.0005 seconds. Added 1 classes and 2 folders.
[2017.03.09-23.56.04:886][  0]LogLoad: Full Startup: 7.32 seconds (BP compile: 0.11 seconds)
[2017.03.09-23.56.04:886][  0]LogExternalProfiler: Found external profiler: VSPerf
[2017.03.09-23.56.04:886][  0]LogExternalProfiler: Using external profiler: VSPerf
[2017.03.09-23.56.04:904][  0]LogWindowsTextInputMethodSystem:Display: IME system now deactivated.
[2017.03.09-23.56.04:904][  0]LogWindowsTextInputMethodSystem:Display: IME system now deactivated.
[2017.03.09-23.56.04:904][  0]LogOcInput: OculusInput pre-init called
[2017.03.09-23.56.04:923][  0]LogContentStreaming: Texture pool size now 1000 MB
[2017.03.09-23.56.05:118][  0]LogRenderer: Reallocating scene render targets to support 1208x580 (Frame:2).
[2017.03.09-23.56.05:246][  2]LogAssetRegistry: Asset discovery search completed in 4.0203 seconds
[2017.03.09-23.56.05:246][  2]LogCollectionManager: Rebuilt the object cache for 0 collections in 0.000001 seconds (found 0 objects)
[2017.03.09-23.56.05:246][  2]LogCollectionManager: Fixed up redirectors for 0 collections in 0.000040 seconds (updated 0 objects)
[2017.03.09-23.56.17:235][607]LogObjectTools:Warning: ForceReplaceReferences replaced references for a transient object 'DEADCLASS_BP_Bullet_C_0' or package '/Engine/Transient'.
[2017.03.09-23.56.17:236][607]LogObjectTools:Warning: ForceReplaceReferences replaced references for a transient object 'DEADCLASS_BP_Bullet_C_1' or package '/Engine/Transient'.
[2017.03.09-23.56.17:236][607]LogObjectTools:Warning: ForceReplaceReferences replaced references for a transient object 'REINST_SKEL_BP_Bullet_C_38' or package '/Engine/Transient'.
[2017.03.09-23.56.17:236][607]LogObjectTools:Warning: ForceReplaceReferences replaced references for a transient object 'REINST_BP_Bullet_C_37' or package '/Engine/Transient'.
[2017.03.09-23.56.26:801][ 51]LogContentBrowser: Native class hierarchy updated for 'BlueprintGraph' in 0.0009 seconds. Added 111 classes and 0 folders.
[2017.03.09-23.56.27:497][ 52]LogRenderer: Reallocating scene render targets to support 1208x720 (Frame:1928).
[2017.03.09-23.57.32:323][903]BlueprintLog: New page: Compile BP_Bullet
[2017.03.09-23.57.32:619][903]BlueprintEditorCompileResults: Info [0095.05] Compile of BP_Bullet successful! [in 295 ms] (/Game/SideScrollerBP/Blueprints/BP_Bullet.BP_Bullet)
[2017.03.09-23.57.34:034][975]LogSavePackage: Save=111.43ms
[2017.03.09-23.57.34:034][975]LogSavePackage: Moving '../../../../../../Users/rasta/Documents/Github/comp140-gam160-game/COMP140/Saved/BP_Bullet1183819C4BD80974C5C92E8EC917001B.tmp' to '../../../../../../Users/rasta/Documents/Github/comp140-gam160-game/COMP140/Content/SideScrollerBP/Blueprints/BP_Bullet.uasset'
[2017.03.09-23.57.34:037][975]LogSavePackage:Display: Finished SavePackage ../../../../../../Users/rasta/Documents/Github/comp140-gam160-game/COMP140/Content/SideScrollerBP/Blueprints/BP_Bullet.uasset
[2017.03.09-23.57.59:825][964]LogActorComponent: ReregisterComponent: (/Engine/Transient.World_2:PersistentLevel.BP_Bullet_C_0.SphereCollision) Not currently registered. Aborting.
[2017.03.09-23.57.59:825][964]LogActorComponent: ReregisterComponent: (/Engine/Transient.World_1:PersistentLevel.BP_Bullet_C_4.SphereCollision) Not currently registered. Aborting.
[2017.03.09-23.57.59:825][964]LogActorComponent: ReregisterComponent: (/Engine/Transient.World_1:PersistentLevel.BP_Bullet_C_24.SphereCollision) Not currently registered. Aborting.
[2017.03.09-23.58.03:192][166]BlueprintLog: New page: Compile BP_Bullet
[2017.03.09-23.58.03:563][166]BlueprintEditorCompileResults: Info [0126.00] Compile of BP_Bullet successful! [in 371 ms] (/Game/SideScrollerBP/Blueprints/BP_Bullet.BP_Bullet)
[2017.03.09-23.58.03:659][166]LogSavePackage: Save=26.94ms
[2017.03.09-23.58.03:659][166]LogSavePackage: Moving '../../../../../../Users/rasta/Documents/Github/comp140-gam160-game/COMP140/Saved/BP_Bullet2DC678C64AAD41BA6BFB3684AC71F0A1.tmp' to '../../../../../../Users/rasta/Documents/Github/comp140-gam160-game/COMP140/Content/SideScrollerBP/Blueprints/BP_Bullet.uasset'
[2017.03.09-23.58.03:663][166]LogSavePackage:Display: Finished SavePackage ../../../../../../Users/rasta/Documents/Github/comp140-gam160-game/COMP140/Content/SideScrollerBP/Blueprints/BP_Bullet.uasset
[2017.03.09-23.59.39:581][125]BlueprintLog: New page: Compile BP_Bullet
[2017.03.09-23.59.39:679][125]BlueprintEditorCompileResults: Info [0222.12] Compile of BP_Bullet successful! [in 98 ms] (/Game/SideScrollerBP/Blueprints/BP_Bullet.BP_Bullet)
[2017.03.09-23.59.40:089][143]LogSavePackage: Save=25.77ms
[2017.03.09-23.59.40:089][143]LogSavePackage: Moving '../../../../../../Users/rasta/Documents/Github/comp140-gam160-game/COMP140/Saved/BP_Bullet547A796A479E4152E5D380A61644113F.tmp' to '../../../../../../Users/rasta/Documents/Github/comp140-gam160-game/COMP140/Content/SideScrollerBP/Blueprints/BP_Bullet.uasset'
[2017.03.09-23.59.40:092][143]LogSavePackage:Display: Finished SavePackage ../../../../../../Users/rasta/Documents/Github/comp140-gam160-game/COMP140/Content/SideScrollerBP/Blueprints/BP_Bullet.uasset
[2017.03.10-00.01.37:794][164]BlueprintLog: New page: Compile BP_Bullet
[2017.03.10-00.01.38:152][164]BlueprintEditorCompileResults: Info [0340.59] Compile of BP_Bullet successful! [in 358 ms] (/Game/SideScrollerBP/Blueprints/BP_Bullet.BP_Bullet)
[2017.03.10-00.01.46:371][610]LogBlueprintUserMessages: Early PlayInEditor Detection: Level '/Game/SideScrollerBP/Maps/SideScrollerExampleMap.SideScrollerExampleMap:PersistentLevel' has LevelScriptBlueprint '/Game/SideScrollerBP/Maps/SideScrollerExampleMap.SideScrollerExampleMap:PersistentLevel.SideScrollerExampleMap' with GeneratedClass '/Game/SideScrollerBP/Maps/SideScrollerExampleMap.SideScrollerExampleMap_C' with ClassGeneratedBy '/Game/SideScrollerBP/Maps/SideScrollerExampleMap.SideScrollerExampleMap:PersistentLevel.SideScrollerExampleMap'
[2017.03.10-00.01.46:371][610]LogPlayLevel: PlayLevel: No blueprints needed recompiling
[2017.03.10-00.01.46:372][610]PIE: New page: PIE session: SideScrollerExampleMap (10 Mar 2017 00:01:46)
[2017.03.10-00.01.46:372][610]LogPlayLevel: Creating play world package: /Game/SideScrollerBP/Maps/UEDPIE_0_SideScrollerExampleMap
[2017.03.10-00.01.46:399][610]LogPlayLevel: PIE: StaticDuplicateObject took: (0.026797s)
[2017.03.10-00.01.46:400][610]LogAIModule: Creating AISystem for world SideScrollerExampleMap
[2017.03.10-00.01.46:400][610]LogPlayLevel: PIE: World Init took: (0.000825s)
[2017.03.10-00.01.46:400][610]LogPlayLevel: PIE: Created PIE world by copying editor world from /Game/SideScrollerBP/Maps/SideScrollerExampleMap.SideScrollerExampleMap to /Game/SideScrollerBP/Maps/UEDPIE_0_SideScrollerExampleMap.SideScrollerExampleMap (0.027899s)
[2017.03.10-00.01.46:431][610]LogInit: XAudio2 using 'Speakers (Realtek High Definition Audio)' : 2 channels at 48 kHz using 32 bits per sample (channel mask 0x3)
[2017.03.10-00.01.46:442][610]LogInit: FAudioDevice initialized.
[2017.03.10-00.01.46:545][610]LogWorld: Game class is 'SideScrollerGameMode_C'
[2017.03.10-00.01.46:553][610]LogWorld: Bringing World /Game/SideScrollerBP/Maps/UEDPIE_0_SideScrollerExampleMap.SideScrollerExampleMap up for play (max tick rate 60) at 2017.03.10-00.01.46
[2017.03.10-00.01.46:554][610]LogWorld: Bringing up level for play took: 0.007890
[2017.03.10-00.01.46:560][610]LogContentBrowser: Native class hierarchy updated for 'MovieSceneCapture' in 0.0005 seconds. Added 11 classes and 0 folders.
[2017.03.10-00.01.46:561][610]PIE: Info Play in editor start time for /Game/SideScrollerBP/Maps/UEDPIE_0_SideScrollerExampleMap 0.441
[2017.03.10-00.01.46:562][610]LogBlueprintUserMessages: Late PlayInEditor Detection: Level '/Game/SideScrollerBP/Maps/SideScrollerExampleMap.SideScrollerExampleMap:PersistentLevel' has LevelScriptBlueprint '/Game/SideScrollerBP/Maps/SideScrollerExampleMap.SideScrollerExampleMap:PersistentLevel.SideScrollerExampleMap' with GeneratedClass '/Game/SideScrollerBP/Maps/SideScrollerExampleMap.SideScrollerExampleMap_C' with ClassGeneratedBy '/Game/SideScrollerBP/Maps/SideScrollerExampleMap.SideScrollerExampleMap:PersistentLevel.SideScrollerExampleMap'
[2017.03.10-00.01.49:131][750]LogBlueprintUserMessages: Early EndPlayMap Detection: Level '/Game/SideScrollerBP/Maps/SideScrollerExampleMap.SideScrollerExampleMap:PersistentLevel' has LevelScriptBlueprint '/Game/SideScrollerBP/Maps/SideScrollerExampleMap.SideScrollerExampleMap:PersistentLevel.SideScrollerExampleMap' with GeneratedClass '/Game/SideScrollerBP/Maps/SideScrollerExampleMap.SideScrollerExampleMap_C' with ClassGeneratedBy '/Game/SideScrollerBP/Maps/SideScrollerExampleMap.SideScrollerExampleMap:PersistentLevel.SideScrollerExampleMap'
[2017.03.10-00.01.49:177][750]LogBlueprintUserMessages: Late EndPlayMap Detection: Level '/Game/SideScrollerBP/Maps/SideScrollerExampleMap.SideScrollerExampleMap:PersistentLevel' has LevelScriptBlueprint '/Game/SideScrollerBP/Maps/SideScrollerExampleMap.SideScrollerExampleMap:PersistentLevel.SideScrollerExampleMap' with GeneratedClass '/Game/SideScrollerBP/Maps/SideScrollerExampleMap.SideScrollerExampleMap_C' with ClassGeneratedBy '/Game/SideScrollerBP/Maps/SideScrollerExampleMap.SideScrollerExampleMap:PersistentLevel.SideScrollerExampleMap'
[2017.03.10-00.01.58:070][270]BlueprintLog: New page: Compile BP_Bullet
[2017.03.10-00.01.58:176][270]BlueprintEditorCompileResults: Info [0360.61] Compile of BP_Bullet successful! [in 105 ms] (/Game/SideScrollerBP/Blueprints/BP_Bullet.BP_Bullet)
[2017.03.10-00.01.59:566][351]LogBlueprintUserMessages: Early PlayInEditor Detection: Level '/Game/SideScrollerBP/Maps/SideScrollerExampleMap.SideScrollerExampleMap:PersistentLevel' has LevelScriptBlueprint '/Game/SideScrollerBP/Maps/SideScrollerExampleMap.SideScrollerExampleMap:PersistentLevel.SideScrollerExampleMap' with GeneratedClass '/Game/SideScrollerBP/Maps/SideScrollerExampleMap.SideScrollerExampleMap_C' with ClassGeneratedBy '/Game/SideScrollerBP/Maps/SideScrollerExampleMap.SideScrollerExampleMap:PersistentLevel.SideScrollerExampleMap'
[2017.03.10-00.01.59:566][351]LogPlayLevel: PlayLevel: No blueprints needed recompiling
[2017.03.10-00.01.59:566][351]PIE: New page: PIE session: SideScrollerExampleMap (10 Mar 2017 00:01:59)
[2017.03.10-00.01.59:566][351]LogPlayLevel: Creating play world package: /Game/SideScrollerBP/Maps/UEDPIE_0_SideScrollerExampleMap
[2017.03.10-00.01.59:592][351]LogPlayLevel: PIE: StaticDuplicateObject took: (0.025947s)
[2017.03.10-00.01.59:593][351]LogAIModule: Creating AISystem for world SideScrollerExampleMap
[2017.03.10-00.01.59:593][351]LogPlayLevel: PIE: World Init took: (0.000948s)
[2017.03.10-00.01.59:593][351]LogPlayLevel: PIE: Created PIE world by copying editor world from /Game/SideScrollerBP/Maps/SideScrollerExampleMap.SideScrollerExampleMap to /Game/SideScrollerBP/Maps/UEDPIE_0_SideScrollerExampleMap.SideScrollerExampleMap (0.027246s)
[2017.03.10-00.01.59:620][351]LogInit: XAudio2 using 'Speakers (Realtek High Definition Audio)' : 2 channels at 48 kHz using 32 bits per sample (channel mask 0x3)
[2017.03.10-00.01.59:630][351]LogInit: FAudioDevice initialized.
[2017.03.10-00.01.59:688][351]LogWorld: Game class is 'SideScrollerGameMode_C'
[2017.03.10-00.01.59:696][351]LogWorld: Bringing World /Game/SideScrollerBP/Maps/UEDPIE_0_SideScrollerExampleMap.SideScrollerExampleMap up for play (max tick rate 60) at 2017.03.10-00.01.59
[2017.03.10-00.01.59:697][351]LogWorld: Bringing up level for play took: 0.008124
[2017.03.10-00.01.59:699][351]PIE: Info Play in editor start time for /Game/SideScrollerBP/Maps/UEDPIE_0_SideScrollerExampleMap -0.421
[2017.03.10-00.01.59:699][351]LogBlueprintUserMessages: Late PlayInEditor Detection: Level '/Game/SideScrollerBP/Maps/SideScrollerExampleMap.SideScrollerExampleMap:PersistentLevel' has LevelScriptBlueprint '/Game/SideScrollerBP/Maps/SideScrollerExampleMap.SideScrollerExampleMap:PersistentLevel.SideScrollerExampleMap' with GeneratedClass '/Game/SideScrollerBP/Maps/SideScrollerExampleMap.SideScrollerExampleMap_C' with ClassGeneratedBy '/Game/SideScrollerBP/Maps/SideScrollerExampleMap.SideScrollerExampleMap:PersistentLevel.SideScrollerExampleMap'
[2017.03.10-00.02.04:058][611]LogBlueprintUserMessages: Early EndPlayMap Detection: Level '/Game/SideScrollerBP/Maps/SideScrollerExampleMap.SideScrollerExampleMap:PersistentLevel' has LevelScriptBlueprint '/Game/SideScrollerBP/Maps/SideScrollerExampleMap.SideScrollerExampleMap:PersistentLevel.SideScrollerExampleMap' with GeneratedClass '/Game/SideScrollerBP/Maps/SideScrollerExampleMap.SideScrollerExampleMap_C' with ClassGeneratedBy '/Game/SideScrollerBP/Maps/SideScrollerExampleMap.SideScrollerExampleMap:PersistentLevel.SideScrollerExampleMap'
[2017.03.10-00.02.04:101][611]LogBlueprintUserMessages: Late EndPlayMap Detection: Level '/Game/SideScrollerBP/Maps/SideScrollerExampleMap.SideScrollerExampleMap:PersistentLevel' has LevelScriptBlueprint '/Game/SideScrollerBP/Maps/SideScrollerExampleMap.SideScrollerExampleMap:PersistentLevel.SideScrollerExampleMap' with GeneratedClass '/Game/SideScrollerBP/Maps/SideScrollerExampleMap.SideScrollerExampleMap_C' with ClassGeneratedBy '/Game/SideScrollerBP/Maps/SideScrollerExampleMap.SideScrollerExampleMap:PersistentLevel.SideScrollerExampleMap'
[2017.03.10-00.02.54:597][507]BlueprintLog: New page: Compile BP_Bullet
[2017.03.10-00.02.54:701][507]BlueprintEditorCompileResults: Info [0417.14] Compile of BP_Bullet successful! [in 103 ms] (/Game/SideScrollerBP/Blueprints/BP_Bullet.BP_Bullet)
[2017.03.10-00.02.55:658][562]LogBlueprintUserMessages: Early PlayInEditor Detection: Level '/Game/SideScrollerBP/Maps/SideScrollerExampleMap.SideScrollerExampleMap:PersistentLevel' has LevelScriptBlueprint '/Game/SideScrollerBP/Maps/SideScrollerExampleMap.SideScrollerExampleMap:PersistentLevel.SideScrollerExampleMap' with GeneratedClass '/Game/SideScrollerBP/Maps/SideScrollerExampleMap.SideScrollerExampleMap_C' with ClassGeneratedBy '/Game/SideScrollerBP/Maps/SideScrollerExampleMap.SideScrollerExampleMap:PersistentLevel.SideScrollerExampleMap'
[2017.03.10-00.02.55:658][562]LogPlayLevel: PlayLevel: No blueprints needed recompiling
[2017.03.10-00.02.55:658][562]PIE: New page: PIE session: SideScrollerExampleMap (10 Mar 2017 00:02:55)
[2017.03.10-00.02.55:658][562]LogPlayLevel: Creating play world package: /Game/SideScrollerBP/Maps/UEDPIE_0_SideScrollerExampleMap
[2017.03.10-00.02.55:687][562]LogPlayLevel: PIE: StaticDuplicateObject took: (0.028114s)
[2017.03.10-00.02.55:687][562]LogAIModule: Creating AISystem for world SideScrollerExampleMap
[2017.03.10-00.02.55:687][562]LogPlayLevel: PIE: World Init took: (0.000884s)
[2017.03.10-00.02.55:688][562]LogPlayLevel: PIE: Created PIE world by copying editor world from /Game/SideScrollerBP/Maps/SideScrollerExampleMap.SideScrollerExampleMap to /Game/SideScrollerBP/Maps/UEDPIE_0_SideScrollerExampleMap.SideScrollerExampleMap (0.029322s)
[2017.03.10-00.02.55:716][562]LogInit: XAudio2 using 'Speakers (Realtek High Definition Audio)' : 2 channels at 48 kHz using 32 bits per sample (channel mask 0x3)
[2017.03.10-00.02.55:727][562]LogInit: FAudioDevice initialized.
[2017.03.10-00.02.55:783][562]LogWorld: Game class is 'SideScrollerGameMode_C'
[2017.03.10-00.02.55:791][562]LogWorld: Bringing World /Game/SideScrollerBP/Maps/UEDPIE_0_SideScrollerExampleMap.SideScrollerExampleMap up for play (max tick rate 60) at 2017.03.10-00.02.55
[2017.03.10-00.02.55:792][562]LogWorld: Bringing up level for play took: 0.008199
[2017.03.10-00.02.55:793][562]PIE: Info Play in editor start time for /Game/SideScrollerBP/Maps/UEDPIE_0_SideScrollerExampleMap -0.327
[2017.03.10-00.02.55:794][562]LogBlueprintUserMessages: Late PlayInEditor Detection: Level '/Game/SideScrollerBP/Maps/SideScrollerExampleMap.SideScrollerExampleMap:PersistentLevel' has LevelScriptBlueprint '/Game/SideScrollerBP/Maps/SideScrollerExampleMap.SideScrollerExampleMap:PersistentLevel.SideScrollerExampleMap' with GeneratedClass '/Game/SideScrollerBP/Maps/SideScrollerExampleMap.SideScrollerExampleMap_C' with ClassGeneratedBy '/Game/SideScrollerBP/Maps/SideScrollerExampleMap.SideScrollerExampleMap:PersistentLevel.SideScrollerExampleMap'
[2017.03.10-00.03.02:205][945]LogBlueprintUserMessages: Early EndPlayMap Detection: Level '/Game/SideScrollerBP/Maps/SideScrollerExampleMap.SideScrollerExampleMap:PersistentLevel' has LevelScriptBlueprint '/Game/SideScrollerBP/Maps/SideScrollerExampleMap.SideScrollerExampleMap:PersistentLevel.SideScrollerExampleMap' with GeneratedClass '/Game/SideScrollerBP/Maps/SideScrollerExampleMap.SideScrollerExampleMap_C' with ClassGeneratedBy '/Game/SideScrollerBP/Maps/SideScrollerExampleMap.SideScrollerExampleMap:PersistentLevel.SideScrollerExampleMap'
[2017.03.10-00.03.02:253][945]LogBlueprintUserMessages: Late EndPlayMap Detection: Level '/Game/SideScrollerBP/Maps/SideScrollerExampleMap.SideScrollerExampleMap:PersistentLevel' has LevelScriptBlueprint '/Game/SideScrollerBP/Maps/SideScrollerExampleMap.SideScrollerExampleMap:PersistentLevel.SideScrollerExampleMap' with GeneratedClass '/Game/SideScrollerBP/Maps/SideScrollerExampleMap.SideScrollerExampleMap_C' with ClassGeneratedBy '/Game/SideScrollerBP/Maps/SideScrollerExampleMap.SideScrollerExampleMap:PersistentLevel.SideScrollerExampleMap'
[2017.03.10-00.03.08:800][287]LogActorComponent: UnregisterComponent: (/Engine/Transient.EditorFloorComp) Not registered. Aborting.
[2017.03.10-00.03.12:704][416]LogObjectTools:Warning: ForceReplaceReferences replaced references for a transient object 'DEADCLASS_BP_Bullet_C_3' or package '/Engine/Transient'.
[2017.03.10-00.03.12:704][416]LogObjectTools:Warning: ForceReplaceReferences replaced references for a transient object 'DEADCLASS_BP_Bullet_C_2' or package '/Engine/Transient'.
[2017.03.10-00.03.12:704][416]LogObjectTools:Warning: ForceReplaceReferences replaced references for a transient object 'REINST_SKEL_BP_Bullet_C_102' or package '/Engine/Transient'.
[2017.03.10-00.03.12:704][416]LogObjectTools:Warning: ForceReplaceReferences replaced references for a transient object 'REINST_BP_Bullet_C_101' or package '/Engine/Transient'.
[2017.03.10-00.03.17:282][559]LogSavePackage: Save=343.88ms
[2017.03.10-00.03.17:282][559]LogSavePackage: Moving '../../../../../../Users/rasta/Documents/Github/comp140-gam160-game/COMP140/Saved/SideScrollerExampleMap4461795F49CD5B00A76A48B07F2BA8F3.tmp' to '../../../../../../Users/rasta/Documents/Github/comp140-gam160-game/COMP140/Content/SideScrollerBP/Maps/SideScrollerExampleMap.umap'
[2017.03.10-00.03.17:286][559]LogSavePackage:Display: Finished SavePackage ../../../../../../Users/rasta/Documents/Github/comp140-gam160-game/COMP140/Content/SideScrollerBP/Maps/SideScrollerExampleMap.umap
[2017.03.10-00.03.17:322][559]LogFileHelpers: Saving map 'SideScrollerExampleMap' took 0.482
[2017.03.10-00.03.17:608][560]Cmd: QUIT_EDITOR
[2017.03.10-00.03.18:227][560]LogWindowsTextInputMethodSystem:Display: IME system now deactivated.
[2017.03.10-00.03.18:228][560]LogWindowsTextInputMethodSystem:Display: IME system now deactivated.
[2017.03.10-00.03.18:270][560]LogExit: Preparing to exit.
[2017.03.10-00.03.18:806][560]LogExit: Editor shut down
[2017.03.10-00.03.18:807][560]LogExit: Transaction tracking system shut down
[2017.03.10-00.03.19:040][560]LogObj: Freed 0b from 0 cluster array pools.
[2017.03.10-00.03.19:041][560]LogExit: Object subsystem successfully closed.
[2017.03.10-00.03.19:062][560]LogD3D11RHI: Shutdown
[2017.03.10-00.03.19:062][560]LogD3D11RHI: CleanupD3DDevice
[2017.03.10-00.03.19:182][560]LogD3D11RHI: ~FD3D11DynamicRHI
[2017.03.10-00.03.19:197][560]LogModuleManager: Shutting down and abandoning module MovieSceneCapture (216)
[2017.03.10-00.03.19:197][560]LogModuleManager: Shutting down and abandoning module HierarchicalLODUtilities (215)
[2017.03.10-00.03.19:197][560]LogModuleManager: Shutting down and abandoning module BlueprintGraph (214)
[2017.03.10-00.03.19:197][560]LogModuleManager: Shutting down and abandoning module HierarchicalLODOutliner (213)
[2017.03.10-00.03.19:197][560]LogModuleManager: Shutting down and abandoning module CrashTracker (212)
[2017.03.10-00.03.19:197][560]LogModuleManager: Shutting down and abandoning module SceneOutliner (211)
[2017.03.10-00.03.19:197][560]LogModuleManager: Shutting down and abandoning module WidgetCarousel (210)
[2017.03.10-00.03.19:197][560]LogModuleManager: Shutting down and abandoning module AddContentDialog (209)
[2017.03.10-00.03.19:198][560]LogModuleManager: Shutting down and abandoning module GameplayTags (208)
[2017.03.10-00.03.19:198][560]LogModuleManager: Shutting down and abandoning module EditorWidgets (207)
[2017.03.10-00.03.19:198][560]LogModuleManager: Shutting down and abandoning module CollectionManager (206)
[2017.03.10-00.03.19:199][560]LogModuleManager: Shutting down and abandoning module StatsViewer (205)
[2017.03.10-00.03.19:199][560]LogModuleManager: Shutting down and abandoning module FoliageEdit (204)
[2017.03.10-00.03.19:199][560]LogModuleManager: Shutting down and abandoning module LandscapeEditor (203)
[2017.03.10-00.03.19:199][560]LogModuleManager: Shutting down and abandoning module SceneDepthPickerMode (202)
[2017.03.10-00.03.19:199][560]LogModuleManager: Shutting down and abandoning module ActorPickerMode (201)
[2017.03.10-00.03.19:199][560]LogModuleManager: Shutting down and abandoning module GeometryMode (200)
[2017.03.10-00.03.19:199][560]LogModuleManager: Shutting down and abandoning module TextureAlignMode (199)
[2017.03.10-00.03.19:199][560]LogModuleManager: Shutting down and abandoning module BspMode (198)
[2017.03.10-00.03.19:199][560]LogModuleManager: Shutting down and abandoning module HardwareSurvey (197)
[2017.03.10-00.03.19:199][560]LogModuleManager: Shutting down and abandoning module SequenceRecorderSections (196)
[2017.03.10-00.03.19:199][560]LogModuleManager: Shutting down and abandoning module SequenceRecorder (195)
[2017.03.10-00.03.19:199][560]LogModuleManager: Shutting down and abandoning module AutomationWorker (194)
[2017.03.10-00.03.19:199][560]LogModuleManager: Shutting down and abandoning module MatineeToLevelSequence (193)
[2017.03.10-00.03.19:199][560]LogModuleManager: Shutting down and abandoning module PlacementMode (192)
[2017.03.10-00.03.19:199][560]LogModuleManager: Shutting down and abandoning module LevelSequenceEditor (191)
[2017.03.10-00.03.19:199][560]LogModuleManager: Shutting down and abandoning module CharacterAI (190)
[2017.03.10-00.03.19:199][560]LogModuleManager: Shutting down and abandoning module SmartSnapping (189)
[2017.03.10-00.03.19:199][560]LogModuleManager: Shutting down and abandoning module SessionServices (188)
[2017.03.10-00.03.19:199][560]LogModuleManager: Shutting down and abandoning module ViewportSnapping (187)
[2017.03.10-00.03.19:199][560]LogModuleManager: Shutting down and abandoning module LogVisualizer (186)
[2017.03.10-00.03.19:200][560]LogModuleManager: Shutting down and abandoning module GameProjectGeneration (185)
[2017.03.10-00.03.19:200][560]LogModuleManager: Shutting down and abandoning module IntroTutorials (184)
[2017.03.10-00.03.19:200][560]LogModuleManager: Shutting down and abandoning module EditorLiveStreaming (183)
[2017.03.10-00.03.19:200][560]LogModuleManager: Shutting down and abandoning module IOSPlatformEditor (182)
[2017.03.10-00.03.19:200][560]LogModuleManager: Shutting down and abandoning module HTML5PlatformEditor (181)
[2017.03.10-00.03.19:200][560]LogModuleManager: Shutting down and abandoning module AndroidDeviceDetection (180)
[2017.03.10-00.03.19:739][560]LogModuleManager: Shutting down and abandoning module AndroidPlatformEditor (179)
[2017.03.10-00.03.19:739][560]LogModuleManager: Shutting down and abandoning module IOSRuntimeSettings (178)
[2017.03.10-00.03.19:739][560]LogModuleManager: Shutting down and abandoning module AndroidRuntimeSettings (177)
[2017.03.10-00.03.19:739][560]LogModuleManager: Shutting down and abandoning module MergeActors (176)
[2017.03.10-00.03.19:739][560]LogModuleManager: Shutting down and abandoning module SizeMap (175)
[2017.03.10-00.03.19:739][560]LogModuleManager: Shutting down and abandoning module TreeMap (174)
[2017.03.10-00.03.19:739][560]LogModuleManager: Shutting down and abandoning module ReferenceViewer (173)
[2017.03.10-00.03.19:739][560]LogModuleManager: Shutting down and abandoning module LocalizationService (172)
[2017.03.10-00.03.19:739][560]LogModuleManager: Shutting down and abandoning module LocalizationDashboard (171)
[2017.03.10-00.03.19:739][560]LogModuleManager: Shutting down and abandoning module HardwareTargeting (170)
[2017.03.10-00.03.19:739][560]LogModuleManager: Shutting down and abandoning module DeviceProfileEditor (169)
[2017.03.10-00.03.19:739][560]LogModuleManager: Shutting down and abandoning module UndoHistory (168)
[2017.03.10-00.03.19:739][560]LogModuleManager: Shutting down and abandoning module UserFeedback (167)
[2017.03.10-00.03.19:739][560]LogModuleManager: Shutting down and abandoning module XmlParser (166)
[2017.03.10-00.03.19:739][560]LogModuleManager: Shutting down and abandoning module Blutility (165)
[2017.03.10-00.03.19:739][560]LogModuleManager: Shutting down and abandoning module ProjectTargetPlatformEditor (164)
[2017.03.10-00.03.19:739][560]LogModuleManager: Shutting down and abandoning module ProjectSettingsViewer (163)
[2017.03.10-00.03.19:740][560]LogModuleManager: Shutting down and abandoning module InputBindingEditor (162)
[2017.03.10-00.03.19:740][560]LogModuleManager: Shutting down and abandoning module EditorSettingsViewer (161)
[2017.03.10-00.03.19:740][560]LogModuleManager: Shutting down and abandoning module SettingsEditor (160)
[2017.03.10-00.03.19:740][560]LogModuleManager: Shutting down and abandoning module ProjectLauncher (159)
[2017.03.10-00.03.19:740][560]LogModuleManager: Shutting down and abandoning module SessionFrontend (158)
[2017.03.10-00.03.19:740][560]LogModuleManager: Shutting down and abandoning module ProfilerClient (157)
[2017.03.10-00.03.19:740][560]LogModuleManager: Shutting down and abandoning module TargetDeviceServices (156)
[2017.03.10-00.03.19:740][560]LogModuleManager: Shutting down and abandoning module DeviceManager (155)
[2017.03.10-00.03.19:793][560]LogModuleManager: Shutting down and abandoning module AutomationController (154)
[2017.03.10-00.03.19:793][560]LogModuleManager: Shutting down and abandoning module AutomationWindow (153)
[2017.03.10-00.03.19:793][560]LogModuleManager: Shutting down and abandoning module Layers (152)
[2017.03.10-00.03.19:793][560]LogModuleManager: Shutting down and abandoning module ComponentVisualizers (151)
[2017.03.10-00.03.19:793][560]LogModuleManager: Shutting down and abandoning module DetailCustomizations (150)
[2017.03.10-00.03.19:793][560]LogModuleManager: Shutting down and abandoning module PackagesDialog (149)
[2017.03.10-00.03.19:793][560]LogModuleManager: Shutting down and abandoning module Persona (148)
[2017.03.10-00.03.19:793][560]LogModuleManager: Shutting down and abandoning module Kismet (147)
[2017.03.10-00.03.19:793][560]LogModuleManager: Shutting down and abandoning module GraphEditor (146)
[2017.03.10-00.03.19:793][560]LogModuleManager: Shutting down and abandoning module ClassViewer (145)
[2017.03.10-00.03.19:794][560]LogModuleManager: Shutting down and abandoning module Toolbox (144)
[2017.03.10-00.03.19:794][560]LogModuleManager: Shutting down and abandoning module ModuleUI (143)
[2017.03.10-00.03.19:794][560]LogModuleManager: Shutting down and abandoning module MovieSceneTools (142)
[2017.03.10-00.03.19:794][560]LogModuleManager: Shutting down and abandoning module OutputLog (141)
[2017.03.10-00.03.19:794][560]LogModuleManager: Shutting down and abandoning module GammaUI (140)
[2017.03.10-00.03.19:794][560]LogModuleManager: Shutting down and abandoning module Documentation (139)
[2017.03.10-00.03.19:795][560]LogModuleManager: Shutting down and abandoning module StreamingPauseRendering (138)
[2017.03.10-00.03.19:795][560]LogModuleManager: Shutting down and abandoning module AnalyticsET (137)
[2017.03.10-00.03.19:795][560]LogModuleManager: Shutting down and abandoning module Analytics (136)
[2017.03.10-00.03.19:795][560]LogModuleManager: Shutting down and abandoning module PortalServices (135)
[2017.03.10-00.03.19:795][560]LogModuleManager: Shutting down and abandoning module PortalRpc (134)
[2017.03.10-00.03.19:795][560]LogModuleManager: Shutting down and abandoning module MessagingRpc (133)
[2017.03.10-00.03.19:795][560]LogModuleManager: Shutting down and abandoning module GameplayDebugger (132)
[2017.03.10-00.03.19:795][560]LogModuleManager: Shutting down and abandoning module AITestSuite (131)
[2017.03.10-00.03.19:795][560]LogModuleManager: Shutting down and abandoning module AIModule (130)
[2017.03.10-00.03.19:795][560]LogModuleManager: Shutting down and abandoning module ProfilerService (129)
[2017.03.10-00.03.19:960][560]LogModuleManager: Shutting down and abandoning module TaskGraph (128)
[2017.03.10-00.03.19:960][560]LogModuleManager: Shutting down and abandoning module SlateRemote (127)
[2017.03.10-00.03.19:960][560]LogModuleManager: Shutting down and abandoning module SteamVRController (126)
[2017.03.10-00.03.19:960][560]LogModuleManager: Shutting down and abandoning module SteamVR (125)
[2017.03.10-00.03.19:960][560]LogModuleManager: Shutting down and abandoning module ProceduralMeshComponent (124)
[2017.03.10-00.03.19:960][560]LogModuleManager: Shutting down and abandoning module OculusLibrary (123)
[2017.03.10-00.03.19:960][560]LogModuleManager: Shutting down and abandoning module OculusInput (122)
[2017.03.10-00.03.19:960][560]LogModuleManager: Shutting down and abandoning module CustomMeshComponent (121)
[2017.03.10-00.03.19:960][560]LogModuleManager: Shutting down and abandoning module CableComponent (120)
[2017.03.10-00.03.19:960][560]LogModuleManager: Shutting down and abandoning module ArchVisCharacter (119)
[2017.03.10-00.03.19:960][560]LogModuleManager: Shutting down and abandoning module MediaPlayerEditor (118)
[2017.03.10-00.03.19:960][560]LogModuleManager: Shutting down and abandoning module HTML5Networking (117)
[2017.03.10-00.03.19:960][560]LogModuleManager: Shutting down and abandoning module SuperSearch (116)
[2017.03.10-00.03.19:960][560]LogModuleManager: Shutting down and abandoning module SuperSearchEditor (115)
[2017.03.10-00.03.19:960][560]LogModuleManager: Shutting down and abandoning module SpeedTreeImporter (114)
[2017.03.10-00.03.19:960][560]LogModuleManager: Shutting down and abandoning module PluginBrowser (113)
[2017.03.10-00.03.19:960][560]LogModuleManager: Shutting down and abandoning module EpicSurvey (112)
[2017.03.10-00.03.19:960][560]LogModuleManager: Shutting down and abandoning module DesktopPlatform (111)
[2017.03.10-00.03.19:960][560]LogModuleManager: Shutting down and abandoning module VisualStudioSourceCodeAccess (110)
[2017.03.10-00.03.19:960][560]LogModuleManager: Shutting down and abandoning module UObjectPlugin (109)
[2017.03.10-00.03.19:960][560]LogModuleManager: Shutting down and abandoning module SubversionSourceControl (108)
[2017.03.10-00.03.19:960][560]LogModuleManager: Shutting down and abandoning module PerforceSourceControl (107)
[2017.03.10-00.03.19:960][560]LogModuleManager: Shutting down and abandoning module SourceControl (106)
[2017.03.10-00.03.19:961][560]LogModuleManager: Shutting down and abandoning module GitSourceControl (105)
[2017.03.10-00.03.19:961][560]LogModuleManager: Shutting down and abandoning module LightPropagationVolumeEditor (104)
[2017.03.10-00.03.19:961][560]LogModuleManager: Shutting down and abandoning module PaperTiledImporter (103)
[2017.03.10-00.03.19:961][560]LogModuleManager: Shutting down and abandoning module PaperSpriteSheetImporter (102)
[2017.03.10-00.03.19:961][560]LogModuleManager: Shutting down and abandoning module MeshPaint (101)
[2017.03.10-00.03.19:961][560]LogModuleManager: Shutting down and abandoning module PixelInspectorModule (100)
[2017.03.10-00.03.19:961][560]LogModuleManager: Shutting down and abandoning module HotReload (99)
[2017.03.10-00.03.19:961][560]LogModuleManager: Shutting down and abandoning module MainFrame (98)
[2017.03.10-00.03.19:961][560]LogModuleManager: Shutting down and abandoning module LevelEditor (97)
[2017.03.10-00.03.19:962][560]LogModuleManager: Shutting down and abandoning module ContentBrowser (96)
[2017.03.10-00.03.19:963][560]LogModuleManager: Shutting down and abandoning module Paper2DEditor (95)
[2017.03.10-00.03.19:963][560]LogModuleManager: Shutting down and abandoning module UdpMessaging (94)
[2017.03.10-00.03.20:064][560]LogModuleManager: Shutting down and abandoning module LightPropagationVolumeRuntime (93)
[2017.03.10-00.03.20:064][560]LogModuleManager: Shutting down and abandoning module Paper2D (92)
[2017.03.10-00.03.20:064][560]LogModuleManager: Shutting down and abandoning module WindowsMoviePlayer (91)
[2017.03.10-00.03.20:064][560]LogModuleManager: Shutting down and abandoning module Media (90)
[2017.03.10-00.03.20:064][560]LogModuleManager: Shutting down and abandoning module WmfMedia (89)
[2017.03.10-00.03.20:064][560]LogModuleManager: Shutting down and abandoning module MediaAssets (88)
[2017.03.10-00.03.20:064][560]LogModuleManager: Shutting down and abandoning module GameLiveStreaming (87)
[2017.03.10-00.03.20:064][560]LogModuleManager: Shutting down and abandoning module GameplayTagsEditor (86)
[2017.03.10-00.03.20:064][560]LogModuleManager: Shutting down and abandoning module OnlineBlueprintSupport (85)
[2017.03.10-00.03.20:064][560]LogModuleManager: Shutting down and abandoning module VREditor (84)
[2017.03.10-00.03.20:064][560]LogModuleManager: Shutting down and abandoning module GameplayTasksEditor (83)
[2017.03.10-00.03.20:064][560]LogModuleManager: Shutting down and abandoning module PropertyEditor (82)
[2017.03.10-00.03.20:064][560]LogModuleManager: Shutting down and abandoning module BehaviorTreeEditor (81)
[2017.03.10-00.03.20:064][560]LogModuleManager: Shutting down and abandoning module FunctionalTesting (80)
[2017.03.10-00.03.20:064][560]LogModuleManager: Shutting down and abandoning module CollisionAnalyzer (79)
[2017.03.10-00.03.20:064][560]LogModuleManager: Shutting down and abandoning module Sequencer (78)
[2017.03.10-00.03.20:065][560]LogModuleManager: Shutting down and abandoning module WorkspaceMenuStructure (77)
[2017.03.10-00.03.20:065][560]LogModuleManager: Shutting down and abandoning module MessageLog (76)
[2017.03.10-00.03.20:065][560]LogModuleManager: Shutting down and abandoning module AssetTools (75)
[2017.03.10-00.03.20:065][560]LogModuleManager: Shutting down and abandoning module UMGEditor (74)
[2017.03.10-00.03.20:065][560]LogModuleManager: Shutting down and abandoning module UMG (73)
[2017.03.10-00.03.20:065][560]LogModuleManager: Shutting down and abandoning module SlateReflector (72)
[2017.03.10-00.03.20:065][560]LogModuleManager: Shutting down and abandoning module Slate (71)
[2017.03.10-00.03.20:065][560]LogModuleManager: Shutting down and abandoning module EditorStyle (70)
[2017.03.10-00.03.20:067][560]LogModuleManager: Shutting down and abandoning module SourceCodeAccess (69)
[2017.03.10-00.03.20:068][560]LogModuleManager: Shutting down and abandoning module HeadMountedDisplay (68)
[2017.03.10-00.03.20:068][560]LogModuleManager: Shutting down and abandoning module XAudio2 (67)
[2017.03.10-00.03.20:068][560]LogModuleManager: Shutting down and abandoning module Networking (65)
[2017.03.10-00.03.20:068][560]LogModuleManager: Shutting down and abandoning module Core (64)
[2017.03.10-00.03.20:068][560]LogModuleManager: Shutting down and abandoning module DirectoryWatcher (63)
[2017.03.10-00.03.20:068][560]LogModuleManager: Shutting down and abandoning module AssetRegistry (62)
[2017.03.10-00.03.20:210][560]LogModuleManager: Shutting down and abandoning module KismetCompiler (61)
[2017.03.10-00.03.20:210][560]LogModuleManager: Shutting down and abandoning module PhysXFormats (60)
[2017.03.10-00.03.20:210][560]LogModuleManager: Shutting down and abandoning module MeshUtilities (59)
[2017.03.10-00.03.20:210][560]LogModuleManager: Shutting down and abandoning module DerivedDataCache (58)
[2017.03.10-00.03.20:257][560]LogDerivedDataCache: Shutdown
[2017.03.10-00.03.20:257][560]LogModuleManager: Shutting down and abandoning module VulkanShaderFormat (57)
[2017.03.10-00.03.20:257][560]LogModuleManager: Shutting down and abandoning module ShaderFormatOpenGL (56)
[2017.03.10-00.03.20:257][560]LogModuleManager: Shutting down and abandoning module ShaderFormatD3D (55)
[2017.03.10-00.03.20:257][560]LogModuleManager: Shutting down and abandoning module MetalShaderFormat (54)
[2017.03.10-00.03.20:257][560]LogModuleManager: Shutting down and abandoning module TextureFormatUncompressed (53)
[2017.03.10-00.03.20:257][560]LogModuleManager: Shutting down and abandoning module TextureFormatPVR (52)
[2017.03.10-00.03.20:257][560]LogModuleManager: Shutting down and abandoning module TextureFormatIntelISPCTexComp (51)
[2017.03.10-00.03.20:257][560]LogModuleManager: Shutting down and abandoning module TextureFormatDXT (50)
[2017.03.10-00.03.20:257][560]LogModuleManager: Shutting down and abandoning module ImageWrapper (49)
[2017.03.10-00.03.20:257][560]LogModuleManager: Shutting down and abandoning module TextureFormatASTC (48)
[2017.03.10-00.03.20:257][560]LogModuleManager: Shutting down and abandoning module TextureFormatAndroid (47)
[2017.03.10-00.03.20:257][560]LogModuleManager: Shutting down and abandoning module AudioFormatOpus (46)
[2017.03.10-00.03.20:257][560]LogModuleManager: Shutting down and abandoning module AudioFormatOgg (45)
[2017.03.10-00.03.20:257][560]LogModuleManager: Shutting down and abandoning module AudioFormatADPCM (44)
[2017.03.10-00.03.20:257][560]LogModuleManager: Shutting down and abandoning module LinuxTargetPlatform (43)
[2017.03.10-00.03.20:257][560]LogModuleManager: Shutting down and abandoning module LinuxServerTargetPlatform (42)
[2017.03.10-00.03.20:257][560]LogModuleManager: Shutting down and abandoning module LinuxNoEditorTargetPlatform (41)
[2017.03.10-00.03.20:257][560]LogModuleManager: Shutting down and abandoning module TVOSTargetPlatform (40)
[2017.03.10-00.03.20:257][560]LogModuleManager: Shutting down and abandoning module Messaging (39)
[2017.03.10-00.03.20:257][560]LogModuleManager: Shutting down and abandoning module IOSTargetPlatform (38)
[2017.03.10-00.03.20:257][560]LogModuleManager: Shutting down and abandoning module HTML5TargetPlatform (37)
[2017.03.10-00.03.20:257][560]LogModuleManager: Shutting down and abandoning module Android_PVRTCTargetPlatform (36)
[2017.03.10-00.03.20:257][560]LogModuleManager: Shutting down and abandoning module Android_MultiTargetPlatform (35)
[2017.03.10-00.03.20:258][560]LogModuleManager: Shutting down and abandoning module Android_ETC2TargetPlatform (34)
[2017.03.10-00.03.20:258][560]LogModuleManager: Shutting down and abandoning module Android_ETC1TargetPlatform (33)
[2017.03.10-00.03.20:258][560]LogModuleManager: Shutting down and abandoning module Android_DXTTargetPlatform (32)
[2017.03.10-00.03.20:258][560]LogModuleManager: Shutting down and abandoning module Android_ATCTargetPlatform (31)
[2017.03.10-00.03.20:258][560]LogModuleManager: Shutting down and abandoning module Android_ASTCTargetPlatform (30)
[2017.03.10-00.03.20:258][560]LogModuleManager: Shutting down and abandoning module AndroidTargetPlatform (29)
[2017.03.10-00.03.20:258][560]LogModuleManager: Shutting down and abandoning module WindowsTargetPlatform (28)
[2017.03.10-00.03.20:258][560]LogModuleManager: Shutting down and abandoning module WindowsServerTargetPlatform (27)
[2017.03.10-00.03.20:258][560]LogModuleManager: Shutting down and abandoning module WindowsNoEditorTargetPlatform (26)
[2017.03.10-00.03.20:258][560]LogModuleManager: Shutting down and abandoning module WindowsClientTargetPlatform (25)
[2017.03.10-00.03.20:258][560]LogModuleManager: Shutting down and abandoning module AllDesktopTargetPlatform (24)
[2017.03.10-00.03.20:258][560]LogModuleManager: Shutting down and abandoning module TargetPlatform (23)
[2017.03.10-00.03.20:258][560]LogModuleManager: Shutting down and abandoning module InputCore (22)
[2017.03.10-00.03.20:258][560]LogModuleManager: Shutting down and abandoning module Settings (21)
[2017.03.10-00.03.20:258][560]LogModuleManager: Shutting down and abandoning module OnlineSubsystem (19)
[2017.03.10-00.03.20:258][560]LogModuleManager: Shutting down and abandoning module HTTP (18)
[2017.03.10-00.03.21:760][560]LogModuleManager: Shutting down and abandoning module XMPP (17)
[2017.03.10-00.03.21:760][560]LogModuleManager: Shutting down and abandoning module OculusRift (16)
[2017.03.10-00.03.21:760][560]LogModuleManager: Shutting down and abandoning module ExampleDeviceProfileSelector (15)
[2017.03.10-00.03.21:760][560]LogModuleManager: Shutting down and abandoning module TextureCompressor (14)
[2017.03.10-00.03.21:760][560]LogModuleManager: Shutting down and abandoning module ShaderCore (13)
[2017.03.10-00.03.21:760][560]LogModuleManager: Shutting down and abandoning module Landscape (12)
[2017.03.10-00.03.21:760][560]LogModuleManager: Shutting down and abandoning module SlateRHIRenderer (11)
[2017.03.10-00.03.21:762][560]LogModuleManager: Shutting down and abandoning module OpenGLDrv (10)
[2017.03.10-00.03.21:762][560]LogModuleManager: Shutting down and abandoning module D3D11RHI (9)
[2017.03.10-00.03.21:762][560]LogModuleManager: Shutting down and abandoning module AnimGraphRuntime (8)
[2017.03.10-00.03.21:762][560]LogModuleManager: Shutting down and abandoning module Renderer (7)
[2017.03.10-00.03.21:762][560]LogModuleManager: Shutting down and abandoning module Engine (6)
[2017.03.10-00.03.21:762][560]LogModuleManager: Shutting down and abandoning module CoreUObject (5)
[2017.03.10-00.03.21:762][560]LogModuleManager: Shutting down and abandoning module NetworkFile (4)
[2017.03.10-00.03.21:762][560]LogModuleManager: Shutting down and abandoning module StreamingFile (3)
[2017.03.10-00.03.21:762][560]LogModuleManager: Shutting down and abandoning module SandboxFile (2)
[2017.03.10-00.03.21:762][560]LogModuleManager: Shutting down and abandoning module PakFile (1)
[2017.03.10-00.03.21:764][560]LogExit: Exiting.
[2017.03.10-00.03.21:767][560]Log file closed, 03/10/17 00:03:21
