Log file open, 05/03/17 12:49:48
LogInit:Display: Running engine for game: ArdunoGame
LogPlatformFile: Not using cached read wrapper
LogInit:Display: RandInit(-807588081) SRandInit(-807588081).
LogTaskGraph: Started task graph with 5 named threads and 8 total threads with 1 sets of task threads.
LogStats: Stats thread started at 0.659108
LogInit:Warning: Incompatible or missing module: UE4Editor-ArdunoGame.dll
LogInit:Warning: Incompatible or missing module: UE4Editor-UE4Duino.dll
Running C:/Program Files/Epic Games/UE_4.15/Engine/Binaries/DotNET/UnrealBuildTool.exe ArdunoGame Development Win64 -project="C:/Users/rasta/Documents/Github/comp140-gam160-game/ArdunoGame/ArdunoGame.uproject" -editorrecompile -progress -NoHotReloadFromIDE
Creating makefile for ArdunoGame (no existing makefile)
Performing full C++ include scan (no include cache file)
@progress push 5%
Parsing headers for ArdunoGameEditor
  Running UnrealHeaderTool "C:\Users\rasta\Documents\Github\comp140-gam160-game\ArdunoGame\ArdunoGame.uproject" "C:\Users\rasta\Documents\Github\comp140-gam160-game\ArdunoGame\Intermediate\Build\Win64\ArdunoGameEditor\Development\ArdunoGameEditor.uhtmanifest" -LogCmds="loginit warning, logexit warning, logdatabase error" -Unattended -WarningsAsErrors -installed
Reflection code generated for ArdunoGameEditor in 16.6053905 seconds
@progress pop
Performing 15 actions (4 in parallel)
[2/15] Resource ModuleVersionResource.rc.inl
UE4Duino.generated.cpp
PCH.ArdunoGame.cpp
Module.UE4Duino.cpp
[5/15] Resource PCLaunch.rc
[6/15] Resource PCLaunch.rc
[7/15] Link UE4Editor-UE4Duino.dll
[8/15] Link UE4Editor-UE4Duino.lib
   Creating library C:\Users\rasta\Documents\Github\comp140-gam160-game\ArdunoGame\Plugins\UE4Duino\Intermediate\Build\Win64\UE4Editor\Development\UE4Editor-UE4Duino.lib and object C:\Users\rasta\Documents\Github\comp140-gam160-game\ArdunoGame\Plugins\UE4Duino\Intermediate\Build\Win64\UE4Editor\Development\UE4Editor-UE4Duino.exp
   Creating library C:\Users\rasta\Documents\Github\comp140-gam160-game\ArdunoGame\Plugins\UE4Duino\Intermediate\Build\Win64\UE4Editor\Development\UE4Editor-UE4Duino.suppressed.lib and object C:\Users\rasta\Documents\Github\comp140-gam160-game\ArdunoGame\Plugins\UE4Duino\Intermediate\Build\Win64\UE4Editor\Development\UE4Editor-UE4Duino.suppressed.exp
ArdunoGame.cpp
ArdunoGameCharacter.cpp
ArdunoGameGameMode.cpp
MyClass.cpp
ArdunoGame.generated.cpp
[14/15] Link UE4Editor-ArdunoGame.dll
[15/15] Link UE4Editor-ArdunoGame.lib
   Creating library C:\Users\rasta\Documents\Github\comp140-gam160-game\ArdunoGame\Intermediate\Build\Win64\UE4Editor\Development\UE4Editor-ArdunoGame.suppressed.lib and object C:\Users\rasta\Documents\Github\comp140-gam160-game\ArdunoGame\Intermediate\Build\Win64\UE4Editor\Development\UE4Editor-ArdunoGame.suppressed.exp
   Creating library C:\Users\rasta\Documents\Github\comp140-gam160-game\ArdunoGame\Intermediate\Build\Win64\UE4Editor\Development\UE4Editor-ArdunoGame.lib and object C:\Users\rasta\Documents\Github\comp140-gam160-game\ArdunoGame\Intermediate\Build\Win64\UE4Editor\Development\UE4Editor-ArdunoGame.exp
Total build time: 128.61 seconds (Local executor: 38.74 seconds)
LogInit: Using libcurl 7.47.1
LogInit:  - built for x86_64-pc-win32
LogInit:  - supports SSL with OpenSSL/1.0.2g
LogInit:  - supports HTTP deflate (compression) using libz 1.2.8
LogInit:  - other features:
LogInit:      CURL_VERSION_SSL
LogInit:      CURL_VERSION_LIBZ
LogInit:      CURL_VERSION_IPV6
LogInit:      CURL_VERSION_ASYNCHDNS
LogInit:      CURL_VERSION_LARGEFILE
LogInit:      CURL_VERSION_IDN
LogInit:  CurlRequestOptions (configurable via config and command line):
LogInit:  - bVerifyPeer = false  - Libcurl will NOT verify peer certificate
LogInit:  - bUseHttpProxy = false  - Libcurl will NOT use HTTP proxy
LogInit:  - bDontReuseConnections = false  - Libcurl will reuse connections
LogInit:  - CertBundlePath = nullptr  - Libcurl will use whatever was configured at build time.
LogInit: Build: ++UE4+Release-4.15-CL-3348071
LogInit: Engine Version: 4.15.1-3348071+++UE4+Release-4.15
LogInit: Compatible Engine Version: 4.15.0-3299760+++UE4+Release-4.15
LogInit: Net CL: 3299760
LogDevObjectVersion: Number of dev versions registered: 14
LogDevObjectVersion:   Dev-Blueprints (B0D832E4-1F89-4F0D-ACCF-7EB736FD4AA2): 8
LogDevObjectVersion:   Dev-Build (E1C64328-A22C-4D53-A36C-8E866417BD8C): 0
LogDevObjectVersion:   Dev-Core (375EC13C-06E4-48FB-B500-84F0262A717E): 2
LogDevObjectVersion:   Dev-Editor (E4B068ED-F494-42E9-A231-DA0B2E46BB41): 14
LogDevObjectVersion:   Dev-Framework (CFFC743F-43B0-4480-9391-14DF171D2073): 22
LogDevObjectVersion:   Dev-Mobile (B02B49B5-BB20-44E9-A304-32B752E40360): 0
LogDevObjectVersion:   Dev-Networking (A4E4105C-59A1-49B5-A7C5-40C4547EDFEE): 0
LogDevObjectVersion:   Dev-Online (39C831C9-5AE6-47DC-9A44-9C173E1C8E7C): 0
LogDevObjectVersion:   Dev-Physics (78F01B33-EBEA-4F98-B9B4-84EACCB95AA2): 0
LogDevObjectVersion:   Dev-Platform (6631380F-2D4D-43E0-8009-CF276956A95A): 0
LogDevObjectVersion:   Dev-Rendering (12F88B9F-8875-4AFC-A67C-D90C383ABD29): 12
LogDevObjectVersion:   Dev-Sequencer (7B5AE74C-D270-4C10-A958-57980B212A5A): 3
LogDevObjectVersion:   Dev-VR (D7296918-1DD6-4BDD-9DE2-64A83CC13884): 0
LogDevObjectVersion:   Dev-LoadTimes (C2A15278-BFE7-4AFE-6C17-90FF531DF755): 1
LogInit: Compiled (64-bit): Mar 15 2017 16:52:47
LogInit: Compiled with Visual C++: 19.00.23026.00
LogInit: Build Configuration: Development
LogInit: Branch Name: ++UE4+Release-4.15
LogInit: Command line:  
LogInit: Base directory: C:/Program Files/Epic Games/UE_4.15/Engine/Binaries/Win64/
LogInit: Installed Engine Build: 1
LogInit: Presizing for max 8388607 objects, including 0 objects not considered by GC, pre-allocating 0 bytes for permanent pool.
LogInit: Object subsystem initialized
[2017.05.03-11.52.22:295][  0]LogInit: Selected Device Profile: [Windows]
[2017.05.03-11.52.22:295][  0]LogInit: Applying CVar settings loaded from the selected device profile: [Windows]
[2017.05.03-11.52.22:465][  0]LogInit: Computer: DESKTOP-RFGC7MG
[2017.05.03-11.52.22:465][  0]LogInit: User: rasta
[2017.05.03-11.52.22:465][  0]LogInit: CPU Page size=65536, Cores=4
[2017.05.03-11.52.22:465][  0]LogInit: High frequency timer resolution =2.435765 MHz
[2017.05.03-11.52.22:505][  0]LogMemory: Memory total: Physical=15.9GB (16GB approx)
[2017.05.03-11.52.22:505][  0]LogMemory: Platform Memory Stats for Windows
[2017.05.03-11.52.22:505][  0]LogMemory: Process Physical Memory: 271.35 MB used, 271.35 MB peak
[2017.05.03-11.52.22:505][  0]LogMemory: Process Virtual Memory: 263.93 MB used, 263.93 MB peak
[2017.05.03-11.52.22:505][  0]LogMemory: Physical Memory: 5574.63 MB used,  10725.72 MB free, 16300.36 MB total
[2017.05.03-11.52.22:505][  0]LogMemory: Virtual Memory: 775.35 MB used,  10725.72 MB free, 134217728.00 MB total
[2017.05.03-11.52.25:355][  0]LogTextLocalizationManager: No specific translations for ('en-GB') exist, so ('en') translations will be used.
[2017.05.03-11.52.33:386][  0]LogD3D11RHI: D3D11 adapters:
[2017.05.03-11.52.34:120][  0]LogD3D11RHI:    0. 'NVIDIA GeForce GTX 860M' (Feature Level 11_0)
[2017.05.03-11.52.34:120][  0]LogD3D11RHI:       2019/0/8150 MB DedicatedVideo/DedicatedSystem/SharedSystem, Outputs:1, VendorId:0x10de
[2017.05.03-11.52.34:147][  0]LogD3D11RHI:    1. 'Intel(R) HD Graphics 4600' (Feature Level 11_0)
[2017.05.03-11.52.34:147][  0]LogD3D11RHI:       112/0/2048 MB DedicatedVideo/DedicatedSystem/SharedSystem, Outputs:0, VendorId:0x8086
[2017.05.03-11.52.34:175][  0]LogD3D11RHI:    2. 'Microsoft Basic Render Driver' (Feature Level 11_0)
[2017.05.03-11.52.34:175][  0]LogD3D11RHI:       0/0/8150 MB DedicatedVideo/DedicatedSystem/SharedSystem, Outputs:0, VendorId:0x1414
[2017.05.03-11.52.34:175][  0]LogD3D11RHI: Chosen D3D11 Adapter: 0
[2017.05.03-11.52.34:190][  0]LogD3D11RHI: Creating new Direct3DDevice
[2017.05.03-11.52.34:190][  0]LogD3D11RHI:     GPU DeviceId: 0x1392 (for the marketing name, search the web for "GPU Device Id")
[2017.05.03-11.52.34:190][  0]LogWindows: EnumDisplayDevices:
[2017.05.03-11.52.34:190][  0]LogWindows:    0. 'Intel(R) HD Graphics 4600' (P:1 D:1)
[2017.05.03-11.52.34:190][  0]LogWindows:    1. 'Intel(R) HD Graphics 4600' (P:0 D:0)
[2017.05.03-11.52.34:190][  0]LogWindows:    2. 'Intel(R) HD Graphics 4600' (P:0 D:0)
[2017.05.03-11.52.34:190][  0]LogWindows: DebugString: PrimaryIsNotTheChoosenAdapter PrimaryIsNotTheChoosenAdapter PrimaryIsNotTheChoosenAdapter FoundDriverCount:0 
[2017.05.03-11.52.34:190][  0]LogD3D11RHI:     Adapter Name: NVIDIA GeForce GTX 860M
[2017.05.03-11.52.34:190][  0]LogD3D11RHI:   Driver Version: Unknown (internal:Unknown, unified:Unknown)
[2017.05.03-11.52.34:190][  0]LogD3D11RHI:      Driver Date: Unknown
[2017.05.03-11.52.34:191][  0]LogRHI: Texture pool is 1361 MB (70% of 1945 MB)
[2017.05.03-11.52.34:888][  0]LogD3D11RHI: Async texture creation enabled
[2017.05.03-11.52.35:754][  0]LogD3D11RHI: GPU Timing Frequency: 1000.000000 (Debug: 2 1)
[2017.05.03-11.52.36:090][  0]LogShaderCompilers: Guid format shader working directory is -32 characters bigger than the processId version (../../../../../../Users/rasta/Documents/Github/comp140-gam160-game/ArdunoGame/Intermediate/Shaders/WorkingDirectory/28472/).
[2017.05.03-11.52.36:091][  0]LogShaderCompilers: Cleaned the shader compiler working directory 'C:/Users/rasta/AppData/Local/Temp/UnrealShaderWorkingDir/877412394E5EAFF9ABE7A598FC75AE37/'.
[2017.05.03-11.52.36:107][  0]LogShaderCompilers:Display: Using Local Shader Compiler.
[2017.05.03-11.52.42:050][  0]LogTemp:Display: Loaded TP AllDesktopTargetPlatform
[2017.05.03-11.52.42:188][  0]LogTemp:Display: Loaded TP MacClientTargetPlatform
[2017.05.03-11.52.42:335][  0]LogTemp:Display: Loaded TP MacNoEditorTargetPlatform
[2017.05.03-11.52.42:476][  0]LogTemp:Display: Loaded TP MacServerTargetPlatform
[2017.05.03-11.52.42:730][  0]LogTemp:Display: Loaded TP MacTargetPlatform
[2017.05.03-11.52.42:866][  0]LogTemp:Display: Loaded TP WindowsClientTargetPlatform
[2017.05.03-11.52.43:003][  0]LogTemp:Display: Loaded TP WindowsNoEditorTargetPlatform
[2017.05.03-11.52.43:139][  0]LogTemp:Display: Loaded TP WindowsServerTargetPlatform
[2017.05.03-11.52.43:317][  0]LogTemp:Display: Loaded TP WindowsTargetPlatform
[2017.05.03-11.52.43:589][  0]LogTemp:Display: Loaded TP AndroidTargetPlatform
[2017.05.03-11.52.43:762][  0]LogTemp:Display: Loaded TP Android_ASTCTargetPlatform
[2017.05.03-11.52.43:954][  0]LogTemp:Display: Loaded TP Android_ATCTargetPlatform
[2017.05.03-11.52.44:147][  0]LogTemp:Display: Loaded TP Android_DXTTargetPlatform
[2017.05.03-11.52.44:338][  0]LogTemp:Display: Loaded TP Android_ETC1TargetPlatform
[2017.05.03-11.52.44:464][  0]LogTemp:Display: Loaded TP Android_ETC2TargetPlatform
[2017.05.03-11.52.44:846][  0]LogTemp:Display: Loaded TP Android_MultiTargetPlatform
[2017.05.03-11.52.44:846][  0]LogTemp:Display: Loaded TP Android_PVRTCTargetPlatform
[2017.05.03-11.52.45:018][  0]LogTemp:Display: Loaded TP HTML5TargetPlatform
[2017.05.03-11.52.45:353][  0]LogTemp:Display: Loaded TP IOSTargetPlatform
[2017.05.03-11.52.45:399][  0]LogTemp:Display: Loaded TP TVOSTargetPlatform
[2017.05.03-11.52.45:576][  0]LogTemp:Display: Loaded TP LinuxClientTargetPlatform
[2017.05.03-11.52.45:759][  0]LogTemp:Display: Loaded TP LinuxNoEditorTargetPlatform
[2017.05.03-11.52.45:948][  0]LogTemp:Display: Loaded TP LinuxServerTargetPlatform
[2017.05.03-11.52.46:174][  0]LogTemp:Display: Loaded TP LinuxTargetPlatform
[2017.05.03-11.52.46:174][  0]LogTargetPlatformManager:Display: Building Assets For Windows
[2017.05.03-11.52.48:005][  0]LogDerivedDataCache:Display: Max Cache Size: 512 MB
[2017.05.03-11.52.48:876][  0]LogDerivedDataCache: Loaded boot cache 0.82s 50MB C:/Users/rasta/AppData/Local/UnrealEngine/4.15/DerivedDataCache/Boot.ddc.
[2017.05.03-11.52.48:876][  0]LogDerivedDataCache:Display: Loaded Boot cache: C:/Users/rasta/AppData/Local/UnrealEngine/4.15/DerivedDataCache/Boot.ddc
[2017.05.03-11.52.48:876][  0]LogDerivedDataCache: FDerivedDataBackendGraph:  Pak pak cache file ../../../../../../Users/rasta/Documents/Github/comp140-gam160-game/ArdunoGame/DerivedDataCache/DDC.ddp not found, will not use a pak cache.
[2017.05.03-11.52.48:876][  0]LogDerivedDataCache: Unable to find inner node Pak for hierarchical cache Hierarchy.
[2017.05.03-11.52.48:876][  0]LogDerivedDataCache: FDerivedDataBackendGraph:  CompressedPak pak cache file ../../../../../../Users/rasta/Documents/Github/comp140-gam160-game/ArdunoGame/DerivedDataCache/Compressed.ddp not found, will not use a pak cache.
[2017.05.03-11.52.48:876][  0]LogDerivedDataCache: Unable to find inner node CompressedPak for hierarchical cache Hierarchy.
[2017.05.03-11.52.48:958][  0]LogDerivedDataCache:Display: Pak cache opened for reading ../../../Engine/DerivedDataCache/Compressed.ddp.
[2017.05.03-11.52.48:993][  0]LogDerivedDataCache: Using Local data cache path C:/Users/rasta/AppData/Local/UnrealEngine/Common/DerivedDataCache: Writable
[2017.05.03-11.52.49:431][  0]LogSlate: Using Freetype 2.6.0
[2017.05.03-11.52.50:237][  0]LogSlate: SlateFontCache - WITH_FREETYPE: 1, WITH_HARFBUZZ: 1
[2017.05.03-11.52.50:237][  0]LogSlate: SlateFontCache - WITH_FREETYPE: 1, WITH_HARFBUZZ: 1
[2017.05.03-11.53.04:443][  0]LogInit: Selected Device Profile: [Windows]
[2017.05.03-11.53.04:570][  0]LogContentStreaming: Texture pool size is 0.00 MB
[2017.05.03-11.53.06:922][  0]LogMeshUtilities: Using QuadricMeshReduction for automatic static mesh reduction
[2017.05.03-11.53.07:109][  0]LogSimplygon: Simplygon DLL not present - disabling.
[2017.05.03-11.53.07:281][  0]LogMeshUtilities: Using SimplygonSwarm for distributed automatic mesh merging
[2017.05.03-11.53.07:281][  0]LogMeshUtilities: No automatic skeletal mesh reduction module available
[2017.05.03-11.53.07:281][  0]LogMeshUtilities: No automatic mesh merging module available
[2017.05.03-11.53.17:237][  0]LogNetVersion: GetLocalNetworkVersion: CL: 3299760, ProjectName: ardunogame, ProjectVersion: , EngineNetworkVersion: 2, GameNetworkVersion: 0, NetworkChecksum: 3529948824
[2017.05.03-11.53.17:419][  0]LogAssetRegistry: FAssetRegistry took 0.0257 seconds to start up
[2017.05.03-11.53.17:881][  0]LogPackageLocalizationCache: Processed 3 localized package path(s) for 2 prioritized culture(s) in 0.268030 seconds
[2017.05.03-11.53.17:974][  0]LogUObjectArray: 32493 objects as part of root set at end of initial load.
[2017.05.03-11.53.17:974][  0]LogUObjectAllocator: 7077032 out of 0 bytes used by permanent object pool.
[2017.05.03-11.53.17:974][  0]LogUObjectArray: CloseDisregardForGC: 0/0 objects in disregard for GC pool
[2017.05.03-11.53.18:232][  0]LogInit: WinSock: version 1.1 (2.2), MaxSocks=32767, MaxUdp=65467
[2017.05.03-11.55.05:802][  0]LogTcpMessaging: Initializing TcpMessaging bridge
[2017.05.03-11.55.06:125][  0]LogUdpMessaging: Initializing bridge on interface 0.0.0.0:0 to multicast group 230.0.0.1:6666.
[2017.05.03-11.55.08:913][  0]LogMaterial: Uniform references updated for custom material expression Custom.
[2017.05.03-11.55.10:440][  0]SourceControl: Info Source control is disabled
[2017.05.03-11.55.10:791][  0]SourceControl: Info Source control is disabled
[2017.05.03-11.55.11:052][  0]SourceControl: Info Source control is disabled
[2017.05.03-11.55.11:330][  0]SourceControl: Info Source control is disabled
[2017.05.03-11.55.12:644][  0]LogLinker:Warning: Can't find file '/Game/ThirdPersonBP/ThirdPersonOverview'
[2017.05.03-11.55.12:644][  0]LogLinker:Warning: Can't find file '/Game/ThirdPersonBP/ThirdPersonOverview'
[2017.05.03-11.55.12:644][  0]LogUObjectGlobals:Warning: Failed to find object 'Class /Game/ThirdPersonBP/ThirdPersonOverview.ThirdPersonOverview_C'
[2017.05.03-11.55.16:140][  0]UE4DuinoLog:Warning: UE4Duino: Log Started
[2017.05.03-11.55.17:209][  0]LogEngine: Initializing Engine...
[2017.05.03-11.55.17:232][  0]LogHMD: Failed to initialize OpenVR with code 110
[2017.05.03-11.55.18:459][  0]LogAIModule: Creating AISystem for world Untitled
[2017.05.03-11.55.18:720][  0]LogInit: XAudio2 using 'Speakers (Realtek High Definition Audio)' : 2 channels at 48 kHz using 16 bits per sample (channel mask 0x3)
[2017.05.03-11.55.18:749][  0]LogInit: FAudioDevice initialized.
[2017.05.03-11.55.18:783][  0]LogDerivedDataCache: Saved boot cache 0.03s 50MB C:/Users/rasta/AppData/Local/UnrealEngine/4.15/DerivedDataCache/Boot.ddc.
[2017.05.03-11.55.18:792][  0]LogInit: Texture streaming: Enabled
[2017.05.03-11.55.19:664][  0]LogEngineSessionManager: EngineSessionManager initialized
[2017.05.03-11.55.20:612][  0]LogInit: Transaction tracking system initialized
[2017.05.03-11.55.26:517][  0]BlueprintLog: New page: Editor Load
[2017.05.03-11.55.34:004][  0]LocalizationService: Info Localization service is disabled
[2017.05.03-11.55.41:654][  0]LogConsoleResponse:Display: 
[2017.05.03-11.55.47:300][  0]LogFileCache: Scanning file cache for directory 'C:/Users/rasta/Documents/Github/comp140-gam160-game/ArdunoGame/Content/' took 0.01s
[2017.05.03-11.55.47:300][  0]LogCook:Display: Max memory allowance for cook 16384mb min free memory 0mb
[2017.05.03-11.55.47:308][  0]LogCook:Display: Mobile HDR setting 1
[2017.05.03-11.56.00:931][  0]SourceControl: Info Source control is disabled
[2017.05.03-11.56.01:283][  0]Cmd: MAP LOAD FILE="../../../../../../Users/rasta/Documents/Github/comp140-gam160-game/ArdunoGame/Content/2DSideScrollerCPP/Maps/2DSideScrollerExampleMap.umap" TEMPLATE=0 SHOWPROGRESS=1 FEATURELEVEL=3
[2017.05.03-11.56.01:651][  0]LightingResults: New page: Lighting Build
[2017.05.03-11.56.03:796][  0]MapCheck: New page: Map Check
[2017.05.03-11.56.03:796][  0]LightingResults: New page: Lighting Build
[2017.05.03-11.56.20:633][  0]LogAIModule: Creating AISystem for world 2DSideScrollerExampleMap
[2017.05.03-11.56.21:930][  0]LogEditorServer: Finished looking for orphan Actors (0.000 secs)
[2017.05.03-11.56.22:090][  0]Cmd: MAP CHECKDEP NOCLEARLOG
[2017.05.03-11.56.22:142][  0]MapCheck: Info Map check complete: 0 Error(s), 0 Warning(s), took 52.073ms to complete.
[2017.05.03-11.56.22:142][  0]LogFileHelpers: Loading map '2DSideScrollerExampleMap' took 21.056
[2017.05.03-11.56.26:655][  0]LogCollectionManager: Loaded 0 collections in 0.004977 seconds
[2017.05.03-11.56.27:678][  0]LogFileCache: Scanning file cache for directory 'C:/Users/rasta/Documents/Github/comp140-gam160-game/ArdunoGame/Saved/Collections/' took 0.01s
[2017.05.03-11.56.27:678][  0]LogFileCache: Scanning file cache for directory 'C:/Users/rasta/Documents/Github/comp140-gam160-game/ArdunoGame/Content/Developers/rasta/Collections/' took 0.01s
[2017.05.03-11.56.27:678][  0]LogFileCache: Scanning file cache for directory 'C:/Users/rasta/Documents/Github/comp140-gam160-game/ArdunoGame/Content/Collections/' took 0.01s
[2017.05.03-11.56.27:678][  0]LogCollectionManager: Rebuilt the GUID cache for 0 collections in 0.000002 seconds
[2017.05.03-11.56.28:187][  0]LogContentBrowser: Native class hierarchy populated in 0.3197 seconds. Added 2248 classes and 458 folders.
[2017.05.03-11.56.28:415][  0]LogStats: UGameplayTagsManager::ConstructGameplayTagTree: Construct from data asset -  0.022 s
[2017.05.03-11.56.28:448][  0]LogStats: UGameplayTagsManager::ConstructGameplayTagTree: GameplayTagTreeChangedEvent.Broadcast -  0.032 s
[2017.05.03-11.56.28:769][  0]LogContentBrowser: Native class hierarchy updated for 'WidgetCarousel' in 0.0018 seconds. Added 0 classes and 0 folders.
[2017.05.03-11.56.31:160][  0]LogContentBrowser: Native class hierarchy updated for 'AddContentDialog' in 0.0019 seconds. Added 0 classes and 0 folders.
[2017.05.03-11.56.31:377][  0]LogContentBrowser: Native class hierarchy updated for 'SceneOutliner' in 0.0018 seconds. Added 1 classes and 2 folders.
[2017.05.03-11.56.32:603][  0]LogCrashTracker: Crashtracker disabled due to settings.
[2017.05.03-11.56.32:990][  0]LogUObjectGlobals:Warning: Failed to find object 'Class None.'
[2017.05.03-11.56.33:395][  0]LogContentBrowser: Native class hierarchy updated for 'HierarchicalLODOutliner' in 0.0018 seconds. Added 1 classes and 2 folders.
[2017.05.03-11.56.33:395][  0]LogLoad: (Engine Initialization) Total time: 430.45 seconds
[2017.05.03-11.56.33:395][  0]LogLoad: (Engine Initialization) Total Blueprint compile time: 2.32 seconds
[2017.05.03-11.56.33:395][  0]LogExternalProfiler: Found external profiler: VSPerf
[2017.05.03-11.56.33:395][  0]LogExternalProfiler: Using external profiler: VSPerf
[2017.05.03-11.56.33:580][  0]LogOcInput: OculusInput pre-init called
[2017.05.03-11.56.34:425][  0]LogContentStreaming: Texture pool size now 1000 MB
[2017.05.03-11.56.34:636][  0]LogSlate: Took 0.016501 seconds to synchronously load lazily loaded font '../../../Engine/Content/Slate/Fonts/Roboto-Regular.ttf' (155K)
[2017.05.03-11.56.34:672][  0]LogSlate: Took 0.007711 seconds to synchronously load lazily loaded font '../../../Engine/Content/Slate/Fonts/Roboto-Bold.ttf' (160K)
[2017.05.03-11.56.34:738][  0]LogSlate: Took 0.010871 seconds to synchronously load lazily loaded font '../../../Engine/Content/Editor/Slate/Fonts/FontAwesome.ttf' (139K)
[2017.05.03-11.56.36:169][  0]LogRenderer: Reallocating scene render targets to support 1208x580 NumSamples 1 (Frame:2).
[2017.05.03-11.56.37:419][  1]LogSlate: Took 0.102050 seconds to synchronously load lazily loaded font '../../../Engine/Content/Slate/Fonts/Roboto-Light.ttf' (159K)
[2017.05.03-11.56.37:629][  3]LogAssetRegistry: Asset discovery search completed in 200.2345 seconds
[2017.05.03-11.56.37:629][  3]LogCollectionManager: Rebuilt the object cache for 0 collections in 0.000005 seconds (found 0 objects)
[2017.05.03-11.56.37:629][  3]LogCollectionManager: Fixed up redirectors for 0 collections in 0.000021 seconds (updated 0 objects)
[2017.05.03-12.05.34:450][114]LogTemp: Repeting last play command: Selected Viewport
[2017.05.03-12.05.34:563][114]LogBlueprintUserMessages: Early PlayInEditor Detection: Level '/Game/2DSideScrollerCPP/Maps/2DSideScrollerExampleMap.2DSideScrollerExampleMap:PersistentLevel' has LevelScriptBlueprint '/Game/2DSideScrollerCPP/Maps/2DSideScrollerExampleMap.2DSideScrollerExampleMap:PersistentLevel.2DSideScrollerExampleMap' with GeneratedClass '/Game/2DSideScrollerCPP/Maps/2DSideScrollerExampleMap.2DSideScrollerExampleMap_C' with ClassGeneratedBy '/Game/2DSideScrollerCPP/Maps/2DSideScrollerExampleMap.2DSideScrollerExampleMap:PersistentLevel.2DSideScrollerExampleMap'
[2017.05.03-12.05.34:581][114]LogPlayLevel: PlayLevel: No blueprints needed recompiling
[2017.05.03-12.05.34:696][114]PIE: New page: PIE session: 2DSideScrollerExampleMap (3 May 2017 14:05:34)
[2017.05.03-12.05.34:735][114]LogPlayLevel: Creating play world package: /Game/2DSideScrollerCPP/Maps/UEDPIE_0_2DSideScrollerExampleMap
[2017.05.03-12.05.34:901][114]LogPlayLevel: PIE: StaticDuplicateObject took: (0.165990s)
[2017.05.03-12.05.34:902][114]LogAIModule: Creating AISystem for world 2DSideScrollerExampleMap
[2017.05.03-12.05.34:928][114]LogPlayLevel: PIE: World Init took: (0.027354s)
[2017.05.03-12.05.34:945][114]LogPlayLevel: PIE: Created PIE world by copying editor world from /Game/2DSideScrollerCPP/Maps/2DSideScrollerExampleMap.2DSideScrollerExampleMap to /Game/2DSideScrollerCPP/Maps/UEDPIE_0_2DSideScrollerExampleMap.2DSideScrollerExampleMap (0.215328s)
[2017.05.03-12.05.35:206][114]LogInit: XAudio2 using 'Speakers (Realtek High Definition Audio)' : 2 channels at 48 kHz using 16 bits per sample (channel mask 0x3)
[2017.05.03-12.05.35:226][114]LogInit: FAudioDevice initialized.
[2017.05.03-12.05.35:597][114]LogLoad: Game class is 'ArdunoGameGameMode'
[2017.05.03-12.05.35:783][114]LogWorld: Bringing World /Game/2DSideScrollerCPP/Maps/UEDPIE_0_2DSideScrollerExampleMap.2DSideScrollerExampleMap up for play (max tick rate 60) at 2017.05.03-13.05.35
[2017.05.03-12.05.36:061][114]LogWorld: Bringing up level for play took: 0.317832
[2017.05.03-12.05.36:300][114]LogContentBrowser: Native class hierarchy updated for 'MovieSceneCapture' in 0.0021 seconds. Added 11 classes and 0 folders.
[2017.05.03-12.05.36:366][114]LogTemp:Error: Failed to open port COM3. Error: 00000006
[2017.05.03-12.05.36:394][114]LogBlueprintUserMessages: [TP_2DSideScrollerCharacter_1] FAILED TO OPEN COMS
[2017.05.03-12.05.36:430][114]PIE: Info Play in editor start time for /Game/2DSideScrollerCPP/Maps/UEDPIE_0_2DSideScrollerExampleMap 2.826
[2017.05.03-12.05.36:431][114]LogBlueprintUserMessages: Late PlayInEditor Detection: Level '/Game/2DSideScrollerCPP/Maps/2DSideScrollerExampleMap.2DSideScrollerExampleMap:PersistentLevel' has LevelScriptBlueprint '/Game/2DSideScrollerCPP/Maps/2DSideScrollerExampleMap.2DSideScrollerExampleMap:PersistentLevel.2DSideScrollerExampleMap' with GeneratedClass '/Game/2DSideScrollerCPP/Maps/2DSideScrollerExampleMap.2DSideScrollerExampleMap_C' with ClassGeneratedBy '/Game/2DSideScrollerCPP/Maps/2DSideScrollerExampleMap.2DSideScrollerExampleMap:PersistentLevel.2DSideScrollerExampleMap'
[2017.05.03-12.05.41:147][327]LogBlueprintUserMessages: Early EndPlayMap Detection: Level '/Game/2DSideScrollerCPP/Maps/2DSideScrollerExampleMap.2DSideScrollerExampleMap:PersistentLevel' has LevelScriptBlueprint '/Game/2DSideScrollerCPP/Maps/2DSideScrollerExampleMap.2DSideScrollerExampleMap:PersistentLevel.2DSideScrollerExampleMap' with GeneratedClass '/Game/2DSideScrollerCPP/Maps/2DSideScrollerExampleMap.2DSideScrollerExampleMap_C' with ClassGeneratedBy '/Game/2DSideScrollerCPP/Maps/2DSideScrollerExampleMap.2DSideScrollerExampleMap:PersistentLevel.2DSideScrollerExampleMap'
[2017.05.03-12.05.41:422][327]LogBlueprintUserMessages: Late EndPlayMap Detection: Level '/Game/2DSideScrollerCPP/Maps/2DSideScrollerExampleMap.2DSideScrollerExampleMap:PersistentLevel' has LevelScriptBlueprint '/Game/2DSideScrollerCPP/Maps/2DSideScrollerExampleMap.2DSideScrollerExampleMap:PersistentLevel.2DSideScrollerExampleMap' with GeneratedClass '/Game/2DSideScrollerCPP/Maps/2DSideScrollerExampleMap.2DSideScrollerExampleMap_C' with ClassGeneratedBy '/Game/2DSideScrollerCPP/Maps/2DSideScrollerExampleMap.2DSideScrollerExampleMap:PersistentLevel.2DSideScrollerExampleMap'
[2017.05.03-12.05.48:186][600]LogSlate: Took 0.000155 seconds to synchronously load lazily loaded font '../../../Engine/Content/Slate/Fonts/Roboto-Light.ttf' (159K)
[2017.05.03-12.05.49:095][600]LogSlate: Took 0.000189 seconds to synchronously load lazily loaded font '../../../Engine/Content/Slate/Fonts/Roboto-Regular.ttf' (155K)
[2017.05.03-12.05.49:821][600]LogContentBrowser: Native class hierarchy updated for 'BlueprintGraph' in 0.0023 seconds. Added 112 classes and 0 folders.
[2017.05.03-12.05.52:729][600]LogSlate: Took 0.014292 seconds to synchronously load lazily loaded font '../../../Engine/Content/Editor/Slate/Fonts/Roboto-BoldCondensed.ttf' (158K)
[2017.05.03-12.05.54:997][612]LogSlate: Took 0.065145 seconds to synchronously load lazily loaded font '../../../Engine/Content/Editor/Slate/Fonts/Roboto-Italic.ttf' (157K)
[2017.05.03-12.05.59:865][826]BlueprintLog: New page: Compile BP_AI
[2017.05.03-12.06.02:358][894]LogSavePackage: Save=229.99ms
[2017.05.03-12.06.02:358][894]LogSavePackage: Moving '../../../../../../Users/rasta/Documents/Github/comp140-gam160-game/ArdunoGame/Saved/2DSideScrollerExampleMap7C0A98FF4C42E792CA9263B4C6D8D2DD.tmp' to '../../../../../../Users/rasta/Documents/Github/comp140-gam160-game/ArdunoGame/Content/2DSideScrollerCPP/Maps/2DSideScrollerExampleMap.umap'
[2017.05.03-12.06.02:454][894]LogSavePackage:Display: Finished SavePackage ../../../../../../Users/rasta/Documents/Github/comp140-gam160-game/ArdunoGame/Content/2DSideScrollerCPP/Maps/2DSideScrollerExampleMap.umap
[2017.05.03-12.06.05:099][953]LogSavePackage: Save=56.98ms
[2017.05.03-12.06.05:099][953]LogSavePackage: Moving '../../../../../../Users/rasta/Documents/Github/comp140-gam160-game/ArdunoGame/Saved/BP_AI7730936C4A1BDA24171249B88B62DAC9.tmp' to '../../../../../../Users/rasta/Documents/Github/comp140-gam160-game/ArdunoGame/Content/2DSideScrollerCPP/Blueprints/BP_AI.uasset'
[2017.05.03-12.06.05:101][953]LogSavePackage:Display: Finished SavePackage ../../../../../../Users/rasta/Documents/Github/comp140-gam160-game/ArdunoGame/Content/2DSideScrollerCPP/Blueprints/BP_AI.uasset
[2017.05.03-12.09.36:007][608]LogWindowsTextInputMethodSystem:Display: IME system now deactivated.
[2017.05.03-12.09.36:007][608]LogWindowsTextInputMethodSystem:Display: IME system now deactivated.
[2017.05.03-12.09.36:392][609]Cmd: QUIT_EDITOR
[2017.05.03-12.09.37:461][609]LogExit: Preparing to exit.
[2017.05.03-12.09.38:984][609]LogDirectoryWatcher: A directory notification for 'C:/Users/rasta/Documents/Github/comp140-gam160-game/ArdunoGame/Content/' was aborted.
[2017.05.03-12.09.39:266][609]LogExit: Editor shut down
[2017.05.03-12.09.39:266][609]LogExit: Transaction tracking system shut down
[2017.05.03-12.09.41:172][609]LogObj: Freed 0b from 0 cluster array pools.
[2017.05.03-12.09.41:173][609]LogExit: Object subsystem successfully closed.
[2017.05.03-12.09.41:389][609]LogD3D11RHI: Shutdown
[2017.05.03-12.09.41:389][609]LogD3D11RHI: CleanupD3DDevice
[2017.05.03-12.09.41:491][609]LogD3D11RHI: ~FD3D11DynamicRHI
[2017.05.03-12.09.42:796][609]LogModuleManager: Shutting down and abandoning module BlueprintGraph (508)
[2017.05.03-12.09.42:796][609]LogModuleManager: Shutting down and abandoning module BlueprintProfiler (506)
[2017.05.03-12.09.42:912][609]LogModuleManager: Shutting down and abandoning module MovieSceneCapture (504)
[2017.05.03-12.09.42:912][609]LogModuleManager: Shutting down and abandoning module HierarchicalLODOutliner (502)
[2017.05.03-12.09.42:927][609]LogModuleManager: Shutting down and abandoning module CrashTracker (500)
[2017.05.03-12.09.42:927][609]LogModuleManager: Shutting down and abandoning module SceneOutliner (498)
[2017.05.03-12.09.42:927][609]LogModuleManager: Shutting down and abandoning module AddContentDialog (496)
[2017.05.03-12.09.42:943][609]LogDirectoryWatcher: A directory notification for 'C:/Program Files/Epic Games/UE_4.15/FeaturePacks/' was aborted.
[2017.05.03-12.09.42:965][609]LogModuleManager: Shutting down and abandoning module WidgetCarousel (495)
[2017.05.03-12.09.42:965][609]LogModuleManager: Shutting down and abandoning module EditorWidgets (492)
[2017.05.03-12.09.42:965][609]LogModuleManager: Shutting down and abandoning module CollectionManager (490)
[2017.05.03-12.09.42:980][609]LogDirectoryWatcher: A directory notification for 'C:/Users/rasta/Documents/Github/comp140-gam160-game/ArdunoGame/Content/Collections/' was aborted.
[2017.05.03-12.09.42:981][609]LogDirectoryWatcher: A directory notification for 'C:/Users/rasta/Documents/Github/comp140-gam160-game/ArdunoGame/Content/Developers/rasta/Collections/' was aborted.
[2017.05.03-12.09.42:981][609]LogDirectoryWatcher: A directory notification for 'C:/Users/rasta/Documents/Github/comp140-gam160-game/ArdunoGame/Saved/Collections/' was aborted.
[2017.05.03-12.09.42:981][609]LogModuleManager: Shutting down and abandoning module StatsViewer (488)
[2017.05.03-12.09.43:017][609]LogModuleManager: Shutting down and abandoning module FoliageEdit (486)
[2017.05.03-12.09.43:024][609]LogModuleManager: Shutting down and abandoning module LandscapeEditor (484)
[2017.05.03-12.09.43:035][609]LogModuleManager: Shutting down and abandoning module SceneDepthPickerMode (482)
[2017.05.03-12.09.43:035][609]LogModuleManager: Shutting down and abandoning module ActorPickerMode (480)
[2017.05.03-12.09.43:035][609]LogModuleManager: Shutting down and abandoning module GeometryMode (478)
[2017.05.03-12.09.43:035][609]LogModuleManager: Shutting down and abandoning module TextureAlignMode (476)
[2017.05.03-12.09.43:035][609]LogModuleManager: Shutting down and abandoning module BspMode (474)
[2017.05.03-12.09.43:060][609]LogModuleManager: Shutting down and abandoning module HardwareSurvey (472)
[2017.05.03-12.09.43:073][609]LogModuleManager: Shutting down and abandoning module SequenceRecorderSections (470)
[2017.05.03-12.09.43:094][609]LogModuleManager: Shutting down and abandoning module AutomationWorker (468)
[2017.05.03-12.09.43:105][609]LogModuleManager: Shutting down and abandoning module MatineeToLevelSequence (466)
[2017.05.03-12.09.43:105][609]LogModuleManager: Shutting down and abandoning module LevelSequenceEditor (464)
[2017.05.03-12.09.43:169][609]LogModuleManager: Shutting down and abandoning module PlacementMode (463)
[2017.05.03-12.09.43:169][609]LogModuleManager: Shutting down and abandoning module WmfMediaFactory (460)
[2017.05.03-12.09.43:169][609]LogModuleManager: Shutting down and abandoning module WmfMediaEditor (458)
[2017.05.03-12.09.43:169][609]LogModuleManager: Shutting down and abandoning module MfMediaFactory (456)
[2017.05.03-12.09.43:169][609]LogModuleManager: Shutting down and abandoning module MfMediaEditor (454)
[2017.05.03-12.09.43:169][609]LogModuleManager: Shutting down and abandoning module AvfMediaFactory (452)
[2017.05.03-12.09.43:169][609]LogModuleManager: Shutting down and abandoning module AvfMediaEditor (450)
[2017.05.03-12.09.43:169][609]LogModuleManager: Shutting down and abandoning module AndroidMediaFactory (448)
[2017.05.03-12.09.43:169][609]LogModuleManager: Shutting down and abandoning module Media (447)
[2017.05.03-12.09.43:169][609]LogModuleManager: Shutting down and abandoning module AndroidMediaEditor (444)
[2017.05.03-12.09.43:169][609]LogModuleManager: Shutting down and abandoning module CharacterAI (442)
[2017.05.03-12.09.43:169][609]LogModuleManager: Shutting down and abandoning module AudioCapture (440)
[2017.05.03-12.09.43:169][609]LogModuleManager: Shutting down and abandoning module SequenceRecorder (439)
[2017.05.03-12.09.43:218][609]LogModuleManager: Shutting down and abandoning module SmartSnapping (436)
[2017.05.03-12.09.43:218][609]LogModuleManager: Shutting down and abandoning module SessionServices (434)
[2017.05.03-12.09.43:218][609]LogModuleManager: Shutting down and abandoning module ViewportSnapping (432)
[2017.05.03-12.09.43:218][609]LogModuleManager: Shutting down and abandoning module ViewportInteraction (430)
[2017.05.03-12.09.43:218][609]LogModuleManager: Shutting down and abandoning module LogVisualizer (428)
[2017.05.03-12.09.43:238][609]LogModuleManager: Shutting down and abandoning module IntroTutorials (426)
[2017.05.03-12.09.43:248][609]LogModuleManager: Shutting down and abandoning module GameProjectGeneration (425)
[2017.05.03-12.09.43:258][609]LogModuleManager: Shutting down and abandoning module EditorLiveStreaming (422)
[2017.05.03-12.09.43:258][609]LogModuleManager: Shutting down and abandoning module IOSPlatformEditor (420)
[2017.05.03-12.09.43:258][609]LogModuleManager: Shutting down and abandoning module HTML5PlatformEditor (418)
[2017.05.03-12.09.43:258][609]LogModuleManager: Shutting down and abandoning module AndroidPlatformEditor (416)
[2017.05.03-12.09.43:279][609]LogModuleManager: Shutting down and abandoning module AndroidDeviceDetection (415)
[2017.05.03-12.09.43:813][609]LogModuleManager: Shutting down and abandoning module IOSRuntimeSettings (412)
[2017.05.03-12.09.43:813][609]LogModuleManager: Shutting down and abandoning module AndroidRuntimeSettings (410)
[2017.05.03-12.09.43:813][609]LogModuleManager: Shutting down and abandoning module InputBindingEditor (408)
[2017.05.03-12.09.43:819][609]LogModuleManager: Shutting down and abandoning module NiagaraEditor (406)
[2017.05.03-12.09.43:861][609]LogModuleManager: Shutting down and abandoning module MergeActors (404)
[2017.05.03-12.09.43:882][609]LogModuleManager: Shutting down and abandoning module SizeMap (402)
[2017.05.03-12.09.43:899][609]LogModuleManager: Shutting down and abandoning module TreeMap (400)
[2017.05.03-12.09.43:908][609]LogModuleManager: Shutting down and abandoning module ReferenceViewer (398)
[2017.05.03-12.09.43:908][609]LogModuleManager: Shutting down and abandoning module LocalizationDashboard (396)
[2017.05.03-12.09.43:921][609]LogModuleManager: Shutting down and abandoning module LocalizationService (395)
[2017.05.03-12.09.43:944][609]LogModuleManager: Shutting down and abandoning module HardwareTargeting (392)
[2017.05.03-12.09.43:953][609]LogModuleManager: Shutting down and abandoning module DeviceProfileEditor (390)
[2017.05.03-12.09.43:963][609]LogModuleManager: Shutting down and abandoning module UndoHistory (388)
[2017.05.03-12.09.43:974][609]LogModuleManager: Shutting down and abandoning module UserFeedback (386)
[2017.05.03-12.09.43:974][609]LogModuleManager: Shutting down and abandoning module XmlParser (384)
[2017.05.03-12.09.43:974][609]LogModuleManager: Shutting down and abandoning module Blutility (382)
[2017.05.03-12.09.43:993][609]LogModuleManager: Shutting down and abandoning module ProjectSettingsViewer (380)
[2017.05.03-12.09.43:993][609]LogModuleManager: Shutting down and abandoning module ProjectTargetPlatformEditor (379)
[2017.05.03-12.09.43:993][609]LogModuleManager: Shutting down and abandoning module EditorSettingsViewer (376)
[2017.05.03-12.09.43:994][609]LogModuleManager: Shutting down and abandoning module SettingsEditor (374)
[2017.05.03-12.09.44:023][609]LogModuleManager: Shutting down and abandoning module ProjectLauncher (372)
[2017.05.03-12.09.44:044][609]LogModuleManager: Shutting down and abandoning module SessionFrontend (370)
[2017.05.03-12.09.44:068][609]LogModuleManager: Shutting down and abandoning module ProfilerClient (368)
[2017.05.03-12.09.44:100][609]LogModuleManager: Shutting down and abandoning module DeviceManager (366)
[2017.05.03-12.09.44:120][609]LogModuleManager: Shutting down and abandoning module TargetDeviceServices (365)
[2017.05.03-12.09.44:177][609]LogModuleManager: Shutting down and abandoning module AutomationController (362)
[2017.05.03-12.09.44:235][609]LogModuleManager: Shutting down and abandoning module AutomationWindow (360)
[2017.05.03-12.09.44:252][609]LogModuleManager: Shutting down and abandoning module Layers (358)
[2017.05.03-12.09.44:283][609]LogModuleManager: Shutting down and abandoning module ComponentVisualizers (356)
[2017.05.03-12.09.44:284][609]LogModuleManager: Shutting down and abandoning module DetailCustomizations (354)
[2017.05.03-12.09.44:316][609]LogModuleManager: Shutting down and abandoning module PackagesDialog (352)
[2017.05.03-12.09.44:316][609]LogModuleManager: Shutting down and abandoning module Persona (350)
[2017.05.03-12.09.44:337][609]LogModuleManager: Shutting down and abandoning module AnimGraph (349)
[2017.05.03-12.09.44:337][609]LogModuleManager: Shutting down and abandoning module Kismet (346)
[2017.05.03-12.09.44:343][609]LogModuleManager: Shutting down and abandoning module GraphEditor (344)
[2017.05.03-12.09.44:343][609]LogModuleManager: Shutting down and abandoning module ClassViewer (342)
[2017.05.03-12.09.44:356][609]LogModuleManager: Shutting down and abandoning module Toolbox (340)
[2017.05.03-12.09.44:356][609]LogModuleManager: Shutting down and abandoning module ModuleUI (338)
[2017.05.03-12.09.44:393][609]LogModuleManager: Shutting down and abandoning module MovieSceneTools (336)
[2017.05.03-12.09.44:410][609]LogModuleManager: Shutting down and abandoning module OutputLog (334)
[2017.05.03-12.09.44:424][609]LogModuleManager: Shutting down and abandoning module GammaUI (332)
[2017.05.03-12.09.44:454][609]LogModuleManager: Shutting down and abandoning module Documentation (330)
[2017.05.03-12.09.44:454][609]LogModuleManager: Shutting down and abandoning module Niagara (328)
[2017.05.03-12.09.44:454][609]LogModuleManager: Shutting down and abandoning module StreamingPauseRendering (326)
[2017.05.03-12.09.44:454][609]LogModuleManager: Shutting down and abandoning module AnalyticsET (324)
[2017.05.03-12.09.44:454][609]LogModuleManager: Shutting down and abandoning module PortalServices (322)
[2017.05.03-12.09.44:454][609]LogModuleManager: Shutting down and abandoning module PortalRpc (320)
[2017.05.03-12.09.44:454][609]LogModuleManager: Shutting down and abandoning module MessagingRpc (318)
[2017.05.03-12.09.44:454][609]LogModuleManager: Shutting down and abandoning module AIModule (316)
[2017.05.03-12.09.44:468][609]LogModuleManager: Shutting down and abandoning module GameplayDebugger (315)
[2017.05.03-12.09.44:486][609]LogModuleManager: Shutting down and abandoning module AITestSuite (313)
[2017.05.03-12.09.44:486][609]LogModuleManager: Shutting down and abandoning module ProfilerService (310)
[2017.05.03-12.09.44:559][609]LogModuleManager: Shutting down and abandoning module TaskGraph (308)
[2017.05.03-12.09.44:589][609]LogModuleManager: Shutting down and abandoning module UE4Duino (306)
[2017.05.03-12.09.44:590][609]UE4DuinoLog:Warning: UE4Duino: Log Ended
[2017.05.03-12.09.44:590][609]LogModuleManager: Shutting down and abandoning module SteamVRController (304)
[2017.05.03-12.09.44:590][609]LogModuleManager: Shutting down and abandoning module SteamVR (302)
[2017.05.03-12.09.44:590][609]LogModuleManager: Shutting down and abandoning module ProceduralMeshComponentEditor (300)
[2017.05.03-12.09.44:590][609]LogModuleManager: Shutting down and abandoning module ProceduralMeshComponent (298)
[2017.05.03-12.09.44:590][609]LogModuleManager: Shutting down and abandoning module OculusLibrary (296)
[2017.05.03-12.09.44:590][609]LogModuleManager: Shutting down and abandoning module OculusInput (294)
[2017.05.03-12.09.44:590][609]LogModuleManager: Shutting down and abandoning module MobilePatchingUtils (292)
[2017.05.03-12.09.44:590][609]LogModuleManager: Shutting down and abandoning module CustomMeshComponent (290)
[2017.05.03-12.09.44:590][609]LogModuleManager: Shutting down and abandoning module CableComponent (288)
[2017.05.03-12.09.44:590][609]LogModuleManager: Shutting down and abandoning module ArchVisCharacter (286)
[2017.05.03-12.09.44:590][609]LogModuleManager: Shutting down and abandoning module MediaPlayerEditor (282)
[2017.05.03-12.09.44:640][609]LogModuleManager: Shutting down and abandoning module HTML5Networking (280)
[2017.05.03-12.09.44:640][609]LogModuleManager: Shutting down and abandoning module AlembicImporter (278)
[2017.05.03-12.09.44:652][609]LogModuleManager: Shutting down and abandoning module AlembicLibrary (277)
[2017.05.03-12.09.44:652][609]LogModuleManager: Shutting down and abandoning module GeometryCache (276)
[2017.05.03-12.09.44:652][609]LogModuleManager: Shutting down and abandoning module GeometryCacheEd (275)
[2017.05.03-12.09.44:652][609]LogModuleManager: Shutting down and abandoning module SuperSearchEditor (270)
[2017.05.03-12.09.44:652][609]LogModuleManager: Shutting down and abandoning module SuperSearch (269)
[2017.05.03-12.09.44:652][609]LogModuleManager: Shutting down and abandoning module SpeedTreeImporter (266)
[2017.05.03-12.09.44:652][609]LogModuleManager: Shutting down and abandoning module PluginBrowser (264)
[2017.05.03-12.09.44:722][609]LogModuleManager: Shutting down and abandoning module MobileLauncherProfileWizard (262)
[2017.05.03-12.09.44:739][609]LogModuleManager: Shutting down and abandoning module EpicSurvey (260)
[2017.05.03-12.09.44:739][609]LogModuleManager: Shutting down and abandoning module VisualStudioSourceCodeAccess (258)
[2017.05.03-12.09.44:739][609]LogModuleManager: Shutting down and abandoning module UObjectPlugin (256)
[2017.05.03-12.09.44:739][609]LogModuleManager: Shutting down and abandoning module SubversionSourceControl (254)
[2017.05.03-12.09.44:751][609]LogModuleManager: Shutting down and abandoning module PerforceSourceControl (252)
[2017.05.03-12.09.44:776][609]LogModuleManager: Shutting down and abandoning module GitSourceControl (250)
[2017.05.03-12.09.44:787][609]LogModuleManager: Shutting down and abandoning module SourceControl (249)
[2017.05.03-12.09.44:791][609]LogModuleManager: Shutting down and abandoning module LightPropagationVolumeEditor (246)
[2017.05.03-12.09.44:791][609]LogModuleManager: Shutting down and abandoning module PaperTiledImporter (244)
[2017.05.03-12.09.44:791][609]LogModuleManager: Shutting down and abandoning module PaperSpriteSheetImporter (242)
[2017.05.03-12.09.44:791][609]LogModuleManager: Shutting down and abandoning module Paper2DEditor (240)
[2017.05.03-12.09.44:821][609]LogModuleManager: Shutting down and abandoning module MeshPaint (239)
[2017.05.03-12.09.44:841][609]LogModuleManager: Shutting down and abandoning module LevelEditor (237)
[2017.05.03-12.09.44:861][609]LogModuleManager: Shutting down and abandoning module PixelInspectorModule (236)
[2017.05.03-12.09.44:880][609]LogModuleManager: Shutting down and abandoning module MainFrame (234)
[2017.05.03-12.09.44:881][609]LogModuleManager: Shutting down and abandoning module HotReload (233)
[2017.05.03-12.09.44:895][609]LogDirectoryWatcher: A directory notification for 'C:/Users/rasta/Documents/Github/comp140-gam160-game/ArdunoGame/Binaries/Win64' was aborted.
[2017.05.03-12.09.44:906][609]LogModuleManager: Shutting down and abandoning module ContentBrowser (229)
[2017.05.03-12.09.44:907][609]LogModuleManager: Shutting down and abandoning module ArdunoGame (226)
[2017.05.03-12.09.44:907][609]LogModuleManager: Shutting down and abandoning module PhysXVehiclesEditor (224)
[2017.05.03-12.09.44:908][609]LogModuleManager: Shutting down and abandoning module PhysXVehicles (222)
[2017.05.03-12.09.44:908][609]LogModuleManager: Shutting down and abandoning module LocationServicesBPLibrary (220)
[2017.05.03-12.09.44:908][609]LogModuleManager: Shutting down and abandoning module UdpMessaging (218)
[2017.05.03-12.09.45:009][609]LogModuleManager: Shutting down and abandoning module TcpMessaging (216)
[2017.05.03-12.09.45:124][609]LogModuleManager: Shutting down and abandoning module GameplayTagsEditor (214)
[2017.05.03-12.09.45:142][609]LogModuleManager: Shutting down and abandoning module FacialAnimationEditor (212)
[2017.05.03-12.09.45:143][609]LogModuleManager: Shutting down and abandoning module FacialAnimation (210)
[2017.05.03-12.09.45:143][609]LogModuleManager: Shutting down and abandoning module LightPropagationVolumeRuntime (208)
[2017.05.03-12.09.45:143][609]LogModuleManager: Shutting down and abandoning module Paper2D (206)
[2017.05.03-12.09.45:156][609]LogModuleManager: Shutting down and abandoning module WindowsMoviePlayer (204)
[2017.05.03-12.09.45:156][609]LogModuleManager: Shutting down and abandoning module WmfMedia (202)
[2017.05.03-12.09.45:156][609]LogModuleManager: Shutting down and abandoning module MfMedia (200)
[2017.05.03-12.09.45:156][609]LogModuleManager: Shutting down and abandoning module MediaAssets (198)
[2017.05.03-12.09.45:156][609]LogModuleManager: Shutting down and abandoning module GameLiveStreaming (196)
[2017.05.03-12.09.45:163][609]LogModuleManager: Shutting down and abandoning module VREditor (194)
[2017.05.03-12.09.45:163][609]LogModuleManager: Shutting down and abandoning module GameplayTasksEditor (192)
[2017.05.03-12.09.45:163][609]LogModuleManager: Shutting down and abandoning module BehaviorTreeEditor (190)
[2017.05.03-12.09.45:186][609]LogModuleManager: Shutting down and abandoning module FunctionalTesting (188)
[2017.05.03-12.09.45:186][609]LogModuleManager: Shutting down and abandoning module CollisionAnalyzer (186)
[2017.05.03-12.09.45:194][609]LogModuleManager: Shutting down and abandoning module UMG (184)
[2017.05.03-12.09.45:221][609]LogModuleManager: Shutting down and abandoning module UMGEditor (183)
[2017.05.03-12.09.45:254][609]LogModuleManager: Shutting down and abandoning module Sequencer (182)
[2017.05.03-12.09.45:280][609]LogModuleManager: Shutting down and abandoning module AssetTools (180)
[2017.05.03-12.09.45:347][609]LogModuleManager: Shutting down and abandoning module MessageLog (179)
[2017.05.03-12.09.45:347][609]LogModuleManager: Shutting down and abandoning module WorkspaceMenuStructure (178)
[2017.05.03-12.09.45:347][609]LogModuleManager: Shutting down and abandoning module SlateReflector (172)
[2017.05.03-12.09.45:390][609]LogModuleManager: Shutting down and abandoning module Slate (170)
[2017.05.03-12.09.45:390][609]LogModuleManager: Shutting down and abandoning module EditorStyle (168)
[2017.05.03-12.09.45:392][609]LogModuleManager: Shutting down and abandoning module SourceCodeAccess (166)
[2017.05.03-12.09.45:410][609]LogModuleManager: Shutting down and abandoning module HeadMountedDisplay (164)
[2017.05.03-12.09.45:410][609]LogModuleManager: Shutting down and abandoning module XAudio2 (162)
[2017.05.03-12.09.45:410][609]LogModuleManager: Shutting down and abandoning module Networking (160)
[2017.05.03-12.09.45:410][609]LogModuleManager: Shutting down and abandoning module Core (156)
[2017.05.03-12.09.45:410][609]LogModuleManager: Shutting down and abandoning module AssetRegistry (154)
[2017.05.03-12.09.45:575][609]LogDirectoryWatcher: A directory notification for '../../../Engine/Content/' was aborted.
[2017.05.03-12.09.45:575][609]LogDirectoryWatcher: A directory notification for '../../../../../../Users/rasta/Documents/Github/comp140-gam160-game/ArdunoGame/Content/' was aborted.
[2017.05.03-12.09.45:575][609]LogDirectoryWatcher: A directory notification for '../../../Engine/Plugins/2D/Paper2D/Content/' was aborted.
[2017.05.03-12.09.45:599][609]LogModuleManager: Shutting down and abandoning module DirectoryWatcher (153)
[2017.05.03-12.09.45:599][609]LogModuleManager: Shutting down and abandoning module KismetCompiler (150)
[2017.05.03-12.09.45:600][609]LogModuleManager: Shutting down and abandoning module PhysXFormats (148)
[2017.05.03-12.09.45:600][609]LogModuleManager: Shutting down and abandoning module MeshUtilities (146)
[2017.05.03-12.09.45:637][609]LogModuleManager: Shutting down and abandoning module SimplygonSwarm (145)
[2017.05.03-12.09.45:669][609]LogModuleManager: Shutting down and abandoning module SimplygonMeshReduction (143)
[2017.05.03-12.09.45:669][609]LogModuleManager: Shutting down and abandoning module QuadricMeshReduction (141)
[2017.05.03-12.09.45:669][609]LogModuleManager: Shutting down and abandoning module PropertyEditor (139)
[2017.05.03-12.09.45:669][609]LogModuleManager: Shutting down and abandoning module DerivedDataCache (136)
[2017.05.03-12.09.45:695][609]LogDerivedDataCache: Shutdown
[2017.05.03-12.09.45:695][609]LogModuleManager: Shutting down and abandoning module TargetPlatform (134)
[2017.05.03-12.09.45:695][609]LogModuleManager: Shutting down and abandoning module VulkanShaderFormat (133)
[2017.05.03-12.09.45:707][609]LogModuleManager: Shutting down and abandoning module ShaderFormatOpenGL (131)
[2017.05.03-12.09.45:748][609]LogModuleManager: Shutting down and abandoning module ShaderFormatD3D (129)
[2017.05.03-12.09.45:748][609]LogModuleManager: Shutting down and abandoning module MetalShaderFormat (127)
[2017.05.03-12.09.45:783][609]LogModuleManager: Shutting down and abandoning module TextureFormatUncompressed (125)
[2017.05.03-12.09.45:783][609]LogModuleManager: Shutting down and abandoning module TextureFormatPVR (123)
[2017.05.03-12.09.45:783][609]LogModuleManager: Shutting down and abandoning module TextureFormatDXT (121)
[2017.05.03-12.09.45:783][609]LogModuleManager: Shutting down and abandoning module TextureFormatIntelISPCTexComp (119)
[2017.05.03-12.09.45:783][609]LogModuleManager: Shutting down and abandoning module TextureFormatASTC (117)
[2017.05.03-12.09.45:783][609]LogModuleManager: Shutting down and abandoning module ImageWrapper (116)
[2017.05.03-12.09.45:783][609]LogModuleManager: Shutting down and abandoning module TextureFormatAndroid (113)
[2017.05.03-12.09.45:783][609]LogModuleManager: Shutting down and abandoning module AudioFormatOpus (111)
[2017.05.03-12.09.45:796][609]LogModuleManager: Shutting down and abandoning module AudioFormatOgg (109)
[2017.05.03-12.09.45:796][609]LogModuleManager: Shutting down and abandoning module AudioFormatADPCM (107)
[2017.05.03-12.09.45:796][609]LogModuleManager: Shutting down and abandoning module LinuxTargetPlatform (105)
[2017.05.03-12.09.45:796][609]LogModuleManager: Shutting down and abandoning module LinuxServerTargetPlatform (103)
[2017.05.03-12.09.45:796][609]LogModuleManager: Shutting down and abandoning module LinuxNoEditorTargetPlatform (101)
[2017.05.03-12.09.45:796][609]LogModuleManager: Shutting down and abandoning module LinuxClientTargetPlatform (99)
[2017.05.03-12.09.45:796][609]LogModuleManager: Shutting down and abandoning module TVOSTargetPlatform (97)
[2017.05.03-12.09.45:796][609]LogModuleManager: Shutting down and abandoning module Messaging (95)
[2017.05.03-12.09.45:796][609]LogModuleManager: Shutting down and abandoning module IOSTargetPlatform (93)
[2017.05.03-12.09.45:796][609]LogModuleManager: Shutting down and abandoning module HTML5TargetPlatform (91)
[2017.05.03-12.09.45:796][609]LogModuleManager: Shutting down and abandoning module Android_PVRTCTargetPlatform (89)
[2017.05.03-12.09.45:796][609]LogModuleManager: Shutting down and abandoning module Android_MultiTargetPlatform (87)
[2017.05.03-12.09.45:796][609]LogModuleManager: Shutting down and abandoning module Android_ETC2TargetPlatform (85)
[2017.05.03-12.09.45:796][609]LogModuleManager: Shutting down and abandoning module Android_ETC1TargetPlatform (83)
[2017.05.03-12.09.45:796][609]LogModuleManager: Shutting down and abandoning module Android_DXTTargetPlatform (81)
[2017.05.03-12.09.45:796][609]LogModuleManager: Shutting down and abandoning module Android_ATCTargetPlatform (79)
[2017.05.03-12.09.45:796][609]LogModuleManager: Shutting down and abandoning module Android_ASTCTargetPlatform (77)
[2017.05.03-12.09.45:796][609]LogModuleManager: Shutting down and abandoning module AndroidTargetPlatform (75)
[2017.05.03-12.09.45:796][609]LogModuleManager: Shutting down and abandoning module WindowsTargetPlatform (73)
[2017.05.03-12.09.45:796][609]LogModuleManager: Shutting down and abandoning module WindowsServerTargetPlatform (71)
[2017.05.03-12.09.45:796][609]LogModuleManager: Shutting down and abandoning module WindowsNoEditorTargetPlatform (69)
[2017.05.03-12.09.45:796][609]LogModuleManager: Shutting down and abandoning module WindowsClientTargetPlatform (67)
[2017.05.03-12.09.45:796][609]LogModuleManager: Shutting down and abandoning module MacTargetPlatform (65)
[2017.05.03-12.09.45:796][609]LogModuleManager: Shutting down and abandoning module MacServerTargetPlatform (63)
[2017.05.03-12.09.45:796][609]LogModuleManager: Shutting down and abandoning module MacNoEditorTargetPlatform (61)
[2017.05.03-12.09.45:796][609]LogModuleManager: Shutting down and abandoning module MacClientTargetPlatform (59)
[2017.05.03-12.09.45:796][609]LogModuleManager: Shutting down and abandoning module AllDesktopTargetPlatform (57)
[2017.05.03-12.09.45:796][609]LogModuleManager: Shutting down and abandoning module InputCore (54)
[2017.05.03-12.09.45:796][609]LogModuleManager: Shutting down and abandoning module Settings (52)
[2017.05.03-12.09.45:796][609]LogModuleManager: Shutting down and abandoning module OculusRift (50)
[2017.05.03-12.09.45:797][609]LogModuleManager: Shutting down and abandoning module GearVR (48)
[2017.05.03-12.09.45:797][609]LogModuleManager: Shutting down and abandoning module ExampleDeviceProfileSelector (46)
[2017.05.03-12.09.45:797][609]LogModuleManager: Shutting down and abandoning module OnlineBlueprintSupport (44)
[2017.05.03-12.09.45:797][609]LogModuleManager: Shutting down and abandoning module OnlineSubsystem (40)
[2017.05.03-12.09.45:797][609]LogOnline:Display: Unloading online subsystem: NULL
[2017.05.03-12.09.45:814][609]LogModuleManager: Shutting down and abandoning module XMPP (39)
[2017.05.03-12.09.45:843][609]LogModuleManager: Shutting down and abandoning module HTTP (37)
[2017.05.03-12.09.45:859][609]LogHttp:Display: Http module shutting down, but needs to wait on 1 outstanding Http requests:
[2017.05.03-12.09.45:859][609]LogHttp:Display: 	verb=[POST] url=[https://datarouter.ol.epicgames.com/datarouter/api/v1/public/data?SessionID=%7BDFE25DBC-4F96-249A-10EB-12B0B3D6F47F%7D&AppID=UEEditor.Rocket.Release&AppVersion=4.15.1-3348071%2B%2B%2BUE4%2BRelease-4.15&UserID=02f34fd04642e422d35bafa41a4e8c6d%7C7f6ef8d628314cb5a467967ba286e7f7%7Cd2ebd992-1792-4692-891e-ca304229e822&AppEnvironment=datacollector-binary&UploadType=eteventstream] status=Processing
[2017.05.03-12.09.45:877][609]LogModuleManager: Shutting down and abandoning module SSL (36)
[2017.05.03-12.09.45:912][609]LogModuleManager: Shutting down and abandoning module DesktopPlatform (32)
[2017.05.03-12.09.45:924][609]LogModuleManager: Shutting down and abandoning module AudioEditor (30)
[2017.05.03-12.09.45:944][609]LogModuleManager: Shutting down and abandoning module TextureCompressor (28)
[2017.05.03-12.09.45:944][609]LogModuleManager: Shutting down and abandoning module ShaderCore (26)
[2017.05.03-12.09.45:944][609]LogModuleManager: Shutting down and abandoning module Landscape (24)
[2017.05.03-12.09.45:944][609]LogModuleManager: Shutting down and abandoning module SlateRHIRenderer (22)
[2017.05.03-12.09.45:965][609]LogModuleManager: Shutting down and abandoning module OpenGLDrv (20)
[2017.05.03-12.09.45:966][609]LogModuleManager: Shutting down and abandoning module D3D11RHI (18)
[2017.05.03-12.09.45:967][609]LogModuleManager: Shutting down and abandoning module AnimGraphRuntime (16)
[2017.05.03-12.09.45:982][609]LogModuleManager: Shutting down and abandoning module Renderer (14)
[2017.05.03-12.09.45:982][609]LogModuleManager: Shutting down and abandoning module Engine (12)
[2017.05.03-12.09.45:982][609]LogModuleManager: Shutting down and abandoning module CoreUObject (10)
[2017.05.03-12.09.45:982][609]LogModuleManager: Shutting down and abandoning module NetworkFile (8)
[2017.05.03-12.09.45:982][609]LogModuleManager: Shutting down and abandoning module StreamingFile (6)
[2017.05.03-12.09.45:982][609]LogModuleManager: Shutting down and abandoning module SandboxFile (4)
[2017.05.03-12.09.45:982][609]LogModuleManager: Shutting down and abandoning module PakFile (2)
[2017.05.03-12.09.46:010][609]LogExit: Exiting.
[2017.05.03-12.09.46:018][609]Log file closed, 05/03/17 13:09:46
