Log file open, 04/25/17 17:29:32
LogInit:Display: Running engine for game: ArdunoGame
LogPlatformFile: Not using cached read wrapper
LogInit:Display: RandInit(-1838436768) SRandInit(-1838436768).
LogTaskGraph: Started task graph with 5 named threads and 8 total threads with 1 sets of task threads.
LogStats: Stats thread started at 0.123569
LogInit: Using libcurl 7.47.1
LogInit:  - built for x86_64-pc-win32
LogInit:  - supports SSL with OpenSSL/1.0.2g
LogInit:  - supports HTTP deflate (compression) using libz 1.2.8
LogInit:  - other features:
LogInit:      CURL_VERSION_SSL
LogInit:      CURL_VERSION_LIBZ
LogInit:      CURL_VERSION_IPV6
LogInit:      CURL_VERSION_ASYNCHDNS
LogInit:      CURL_VERSION_LARGEFILE
LogInit:      CURL_VERSION_IDN
LogInit:  CurlRequestOptions (configurable via config and command line):
LogInit:  - bVerifyPeer = false  - Libcurl will NOT verify peer certificate
LogInit:  - bUseHttpProxy = false  - Libcurl will NOT use HTTP proxy
LogInit:  - bDontReuseConnections = false  - Libcurl will reuse connections
LogInit:  - CertBundlePath = nullptr  - Libcurl will use whatever was configured at build time.
LogInit: Build: ++UE4+Release-4.15-CL-3348071
LogInit: Engine Version: 4.15.1-3348071+++UE4+Release-4.15
LogInit: Compatible Engine Version: 4.15.0-3299760+++UE4+Release-4.15
LogInit: Net CL: 3299760
LogDevObjectVersion: Number of dev versions registered: 14
LogDevObjectVersion:   Dev-Blueprints (B0D832E4-1F89-4F0D-ACCF-7EB736FD4AA2): 8
LogDevObjectVersion:   Dev-Build (E1C64328-A22C-4D53-A36C-8E866417BD8C): 0
LogDevObjectVersion:   Dev-Core (375EC13C-06E4-48FB-B500-84F0262A717E): 2
LogDevObjectVersion:   Dev-Editor (E4B068ED-F494-42E9-A231-DA0B2E46BB41): 14
LogDevObjectVersion:   Dev-Framework (CFFC743F-43B0-4480-9391-14DF171D2073): 22
LogDevObjectVersion:   Dev-Mobile (B02B49B5-BB20-44E9-A304-32B752E40360): 0
LogDevObjectVersion:   Dev-Networking (A4E4105C-59A1-49B5-A7C5-40C4547EDFEE): 0
LogDevObjectVersion:   Dev-Online (39C831C9-5AE6-47DC-9A44-9C173E1C8E7C): 0
LogDevObjectVersion:   Dev-Physics (78F01B33-EBEA-4F98-B9B4-84EACCB95AA2): 0
LogDevObjectVersion:   Dev-Platform (6631380F-2D4D-43E0-8009-CF276956A95A): 0
LogDevObjectVersion:   Dev-Rendering (12F88B9F-8875-4AFC-A67C-D90C383ABD29): 12
LogDevObjectVersion:   Dev-Sequencer (7B5AE74C-D270-4C10-A958-57980B212A5A): 3
LogDevObjectVersion:   Dev-VR (D7296918-1DD6-4BDD-9DE2-64A83CC13884): 0
LogDevObjectVersion:   Dev-LoadTimes (C2A15278-BFE7-4AFE-6C17-90FF531DF755): 1
LogInit: Compiled (64-bit): Mar 15 2017 16:52:47
LogInit: Compiled with Visual C++: 19.00.23026.00
LogInit: Build Configuration: Development
LogInit: Branch Name: ++UE4+Release-4.15
LogInit: Command line:  
LogInit: Base directory: C:/Program Files/Epic Games/UE_4.15/Engine/Binaries/Win64/
LogInit: Installed Engine Build: 1
LogInit: Presizing for max 8388607 objects, including 0 objects not considered by GC, pre-allocating 0 bytes for permanent pool.
LogInit: Object subsystem initialized
[2017.04.25-16.29.34:252][  0]LogInit: Selected Device Profile: [Windows]
[2017.04.25-16.29.34:252][  0]LogInit: Applying CVar settings loaded from the selected device profile: [Windows]
[2017.04.25-16.29.34:263][  0]LogInit: Computer: DESKTOP-RFGC7MG
[2017.04.25-16.29.34:263][  0]LogInit: User: rasta
[2017.04.25-16.29.34:263][  0]LogInit: CPU Page size=65536, Cores=4
[2017.04.25-16.29.34:263][  0]LogInit: High frequency timer resolution =2.435776 MHz
[2017.04.25-16.29.34:264][  0]LogMemory: Memory total: Physical=15.9GB (16GB approx)
[2017.04.25-16.29.34:264][  0]LogMemory: Platform Memory Stats for Windows
[2017.04.25-16.29.34:264][  0]LogMemory: Process Physical Memory: 263.77 MB used, 263.77 MB peak
[2017.04.25-16.29.34:264][  0]LogMemory: Process Virtual Memory: 262.35 MB used, 262.35 MB peak
[2017.04.25-16.29.34:264][  0]LogMemory: Physical Memory: 5269.71 MB used,  11030.64 MB free, 16300.36 MB total
[2017.04.25-16.29.34:264][  0]LogMemory: Virtual Memory: 644.98 MB used,  11030.64 MB free, 134217728.00 MB total
[2017.04.25-16.29.34:604][  0]LogTextLocalizationManager: No specific translations for ('en-GB') exist, so ('en') translations will be used.
[2017.04.25-16.29.35:549][  0]LogD3D11RHI: D3D11 adapters:
[2017.04.25-16.29.36:534][  0]LogD3D11RHI:    0. 'NVIDIA GeForce GTX 860M' (Feature Level 11_0)
[2017.04.25-16.29.36:534][  0]LogD3D11RHI:       2019/0/8150 MB DedicatedVideo/DedicatedSystem/SharedSystem, Outputs:1, VendorId:0x10de
[2017.04.25-16.29.36:547][  0]LogD3D11RHI:    1. 'Intel(R) HD Graphics 4600' (Feature Level 11_0)
[2017.04.25-16.29.36:547][  0]LogD3D11RHI:       112/0/2048 MB DedicatedVideo/DedicatedSystem/SharedSystem, Outputs:0, VendorId:0x8086
[2017.04.25-16.29.36:550][  0]LogD3D11RHI:    2. 'Microsoft Basic Render Driver' (Feature Level 11_0)
[2017.04.25-16.29.36:550][  0]LogD3D11RHI:       0/0/8150 MB DedicatedVideo/DedicatedSystem/SharedSystem, Outputs:0, VendorId:0x1414
[2017.04.25-16.29.36:550][  0]LogD3D11RHI: Chosen D3D11 Adapter: 0
[2017.04.25-16.29.36:561][  0]LogD3D11RHI: Creating new Direct3DDevice
[2017.04.25-16.29.36:561][  0]LogD3D11RHI:     GPU DeviceId: 0x1392 (for the marketing name, search the web for "GPU Device Id")
[2017.04.25-16.29.36:561][  0]LogWindows: EnumDisplayDevices:
[2017.04.25-16.29.36:561][  0]LogWindows:    0. 'Intel(R) HD Graphics 4600' (P:1 D:1)
[2017.04.25-16.29.36:561][  0]LogWindows:    1. 'Intel(R) HD Graphics 4600' (P:0 D:0)
[2017.04.25-16.29.36:562][  0]LogWindows:    2. 'Intel(R) HD Graphics 4600' (P:0 D:0)
[2017.04.25-16.29.36:562][  0]LogWindows: DebugString: PrimaryIsNotTheChoosenAdapter PrimaryIsNotTheChoosenAdapter PrimaryIsNotTheChoosenAdapter FoundDriverCount:0 
[2017.04.25-16.29.36:562][  0]LogD3D11RHI:     Adapter Name: NVIDIA GeForce GTX 860M
[2017.04.25-16.29.36:562][  0]LogD3D11RHI:   Driver Version: Unknown (internal:Unknown, unified:Unknown)
[2017.04.25-16.29.36:562][  0]LogD3D11RHI:      Driver Date: Unknown
[2017.04.25-16.29.36:562][  0]LogRHI: Texture pool is 1361 MB (70% of 1945 MB)
[2017.04.25-16.29.37:520][  0]LogD3D11RHI: Async texture creation enabled
[2017.04.25-16.29.37:765][  0]LogD3D11RHI: GPU Timing Frequency: 1000.000000 (Debug: 2 1)
[2017.04.25-16.29.37:766][  0]LogShaderCompilers: Guid format shader working directory is -2 characters bigger than the processId version (../../../../../../Users/rasta/Desktop/ArdunoGame/Intermediate/Shaders/WorkingDirectory/9760/).
[2017.04.25-16.29.37:766][  0]LogShaderCompilers: Cleaned the shader compiler working directory 'C:/Users/rasta/AppData/Local/Temp/UnrealShaderWorkingDir/54A37E254F6BC8BA6DA2269CA8AE9407/'.
[2017.04.25-16.29.37:766][  0]LogShaderCompilers:Display: Using Local Shader Compiler.
[2017.04.25-16.29.40:396][  0]LogTemp:Display: Loaded TP AllDesktopTargetPlatform
[2017.04.25-16.29.40:591][  0]LogTemp:Display: Loaded TP MacClientTargetPlatform
[2017.04.25-16.29.40:790][  0]LogTemp:Display: Loaded TP MacNoEditorTargetPlatform
[2017.04.25-16.29.40:991][  0]LogTemp:Display: Loaded TP MacServerTargetPlatform
[2017.04.25-16.29.41:174][  0]LogTemp:Display: Loaded TP MacTargetPlatform
[2017.04.25-16.29.41:397][  0]LogTemp:Display: Loaded TP WindowsClientTargetPlatform
[2017.04.25-16.29.41:666][  0]LogTemp:Display: Loaded TP WindowsNoEditorTargetPlatform
[2017.04.25-16.29.41:928][  0]LogTemp:Display: Loaded TP WindowsServerTargetPlatform
[2017.04.25-16.29.42:117][  0]LogTemp:Display: Loaded TP WindowsTargetPlatform
[2017.04.25-16.29.42:330][  0]LogTemp:Display: Loaded TP AndroidTargetPlatform
[2017.04.25-16.29.42:496][  0]LogTemp:Display: Loaded TP Android_ASTCTargetPlatform
[2017.04.25-16.29.42:667][  0]LogTemp:Display: Loaded TP Android_ATCTargetPlatform
[2017.04.25-16.29.42:855][  0]LogTemp:Display: Loaded TP Android_DXTTargetPlatform
[2017.04.25-16.29.43:011][  0]LogTemp:Display: Loaded TP Android_ETC1TargetPlatform
[2017.04.25-16.29.43:164][  0]LogTemp:Display: Loaded TP Android_ETC2TargetPlatform
[2017.04.25-16.29.43:467][  0]LogTemp:Display: Loaded TP Android_MultiTargetPlatform
[2017.04.25-16.29.43:467][  0]LogTemp:Display: Loaded TP Android_PVRTCTargetPlatform
[2017.04.25-16.29.43:594][  0]LogTemp:Display: Loaded TP HTML5TargetPlatform
[2017.04.25-16.29.43:811][  0]LogTemp:Display: Loaded TP IOSTargetPlatform
[2017.04.25-16.29.43:868][  0]LogTemp:Display: Loaded TP TVOSTargetPlatform
[2017.04.25-16.29.44:017][  0]LogTemp:Display: Loaded TP LinuxClientTargetPlatform
[2017.04.25-16.29.44:168][  0]LogTemp:Display: Loaded TP LinuxNoEditorTargetPlatform
[2017.04.25-16.29.44:318][  0]LogTemp:Display: Loaded TP LinuxServerTargetPlatform
[2017.04.25-16.29.44:469][  0]LogTemp:Display: Loaded TP LinuxTargetPlatform
[2017.04.25-16.29.44:469][  0]LogTargetPlatformManager:Display: Building Assets For Windows
[2017.04.25-16.29.45:457][  0]LogDerivedDataCache:Display: Max Cache Size: 512 MB
[2017.04.25-16.29.45:529][  0]LogDerivedDataCache: Loaded boot cache 0.07s 50MB C:/Users/rasta/AppData/Local/UnrealEngine/4.15/DerivedDataCache/Boot.ddc.
[2017.04.25-16.29.45:529][  0]LogDerivedDataCache:Display: Loaded Boot cache: C:/Users/rasta/AppData/Local/UnrealEngine/4.15/DerivedDataCache/Boot.ddc
[2017.04.25-16.29.45:530][  0]LogDerivedDataCache: FDerivedDataBackendGraph:  Pak pak cache file ../../../../../../Users/rasta/Desktop/ArdunoGame/DerivedDataCache/DDC.ddp not found, will not use a pak cache.
[2017.04.25-16.29.45:530][  0]LogDerivedDataCache: Unable to find inner node Pak for hierarchical cache Hierarchy.
[2017.04.25-16.29.45:530][  0]LogDerivedDataCache: FDerivedDataBackendGraph:  CompressedPak pak cache file ../../../../../../Users/rasta/Desktop/ArdunoGame/DerivedDataCache/Compressed.ddp not found, will not use a pak cache.
[2017.04.25-16.29.45:530][  0]LogDerivedDataCache: Unable to find inner node CompressedPak for hierarchical cache Hierarchy.
[2017.04.25-16.29.45:558][  0]LogDerivedDataCache:Display: Pak cache opened for reading ../../../Engine/DerivedDataCache/Compressed.ddp.
[2017.04.25-16.29.45:570][  0]LogDerivedDataCache: Using Local data cache path C:/Users/rasta/AppData/Local/UnrealEngine/Common/DerivedDataCache: Writable
[2017.04.25-16.29.45:585][  0]LogSlate: Using Freetype 2.6.0
[2017.04.25-16.29.45:586][  0]LogSlate: SlateFontCache - WITH_FREETYPE: 1, WITH_HARFBUZZ: 1
[2017.04.25-16.29.45:586][  0]LogSlate: SlateFontCache - WITH_FREETYPE: 1, WITH_HARFBUZZ: 1
[2017.04.25-16.29.46:148][  0]LogInit: Selected Device Profile: [Windows]
[2017.04.25-16.29.46:151][  0]LogContentStreaming: Texture pool size is 0.00 MB
[2017.04.25-16.29.46:680][  0]LogMeshUtilities: Using QuadricMeshReduction for automatic static mesh reduction
[2017.04.25-16.29.46:817][  0]LogSimplygon: Simplygon DLL not present - disabling.
[2017.04.25-16.29.46:961][  0]LogMeshUtilities: Using SimplygonSwarm for distributed automatic mesh merging
[2017.04.25-16.29.46:961][  0]LogMeshUtilities: No automatic skeletal mesh reduction module available
[2017.04.25-16.29.46:961][  0]LogMeshUtilities: No automatic mesh merging module available
[2017.04.25-16.29.47:901][  0]LogNetVersion: GetLocalNetworkVersion: CL: 3299760, ProjectName: ardunogame, ProjectVersion: , EngineNetworkVersion: 2, GameNetworkVersion: 0, NetworkChecksum: 3529948824
[2017.04.25-16.29.47:965][  0]LogAssetRegistry: FAssetRegistry took 0.0221 seconds to start up
[2017.04.25-16.29.48:031][  0]LogPackageLocalizationCache: Processed 3 localized package path(s) for 2 prioritized culture(s) in 0.028796 seconds
[2017.04.25-16.29.48:038][  0]LogUObjectArray: 32493 objects as part of root set at end of initial load.
[2017.04.25-16.29.48:038][  0]LogUObjectAllocator: 7077032 out of 0 bytes used by permanent object pool.
[2017.04.25-16.29.48:038][  0]LogUObjectArray: CloseDisregardForGC: 0/0 objects in disregard for GC pool
[2017.04.25-16.29.48:144][  0]LogInit: WinSock: version 1.1 (2.2), MaxSocks=32767, MaxUdp=65467
[2017.04.25-16.29.52:438][  0]LogTcpMessaging: Initializing TcpMessaging bridge
[2017.04.25-16.29.52:518][  0]LogUdpMessaging: Initializing bridge on interface 0.0.0.0:0 to multicast group 230.0.0.1:6666.
[2017.04.25-16.29.54:062][  0]LogMaterial: Uniform references updated for custom material expression Custom.
[2017.04.25-16.29.55:298][  0]SourceControl: Info Source control is disabled
[2017.04.25-16.29.55:482][  0]SourceControl: Info Source control is disabled
[2017.04.25-16.29.55:652][  0]SourceControl: Info Source control is disabled
[2017.04.25-16.29.55:818][  0]SourceControl: Info Source control is disabled
[2017.04.25-16.29.56:744][  0]LogLinker:Warning: Can't find file '/Game/ThirdPersonBP/ThirdPersonOverview'
[2017.04.25-16.29.56:744][  0]LogLinker:Warning: Can't find file '/Game/ThirdPersonBP/ThirdPersonOverview'
[2017.04.25-16.29.56:744][  0]LogUObjectGlobals:Warning: Failed to find object 'Class /Game/ThirdPersonBP/ThirdPersonOverview.ThirdPersonOverview_C'
[2017.04.25-16.29.59:817][  0]UE4DuinoLog:Warning: UE4Duino: Log Started
[2017.04.25-16.30.00:072][  0]LogEngine: Initializing Engine...
[2017.04.25-16.30.00:072][  0]LogHMD: Failed to initialize OpenVR with code 110
[2017.04.25-16.30.00:647][  0]LogAIModule: Creating AISystem for world Untitled
[2017.04.25-16.30.00:664][  0]LogInit: XAudio2 using 'Speakers (Realtek High Definition Audio)' : 2 channels at 48 kHz using 16 bits per sample (channel mask 0x3)
[2017.04.25-16.30.00:701][  0]LogInit: FAudioDevice initialized.
[2017.04.25-16.30.00:743][  0]LogDerivedDataCache: Saved boot cache 0.04s 50MB C:/Users/rasta/AppData/Local/UnrealEngine/4.15/DerivedDataCache/Boot.ddc.
[2017.04.25-16.30.00:753][  0]LogInit: Texture streaming: Enabled
[2017.04.25-16.30.00:968][  0]LogEngineSessionManager: EngineSessionManager initialized
[2017.04.25-16.30.01:308][  0]LogInit: Transaction tracking system initialized
[2017.04.25-16.30.02:607][  0]BlueprintLog: New page: Editor Load
[2017.04.25-16.30.05:478][  0]LocalizationService: Info Localization service is disabled
[2017.04.25-16.30.07:658][  0]LogConsoleResponse:Display: 
[2017.04.25-16.30.07:846][  0]LogCook:Display: Max memory allowance for cook 16384mb min free memory 0mb
[2017.04.25-16.30.07:846][  0]LogCook:Display: Mobile HDR setting 1
[2017.04.25-16.30.08:456][  0]LogFileCache: Scanning file cache for directory 'C:/Users/rasta/Desktop/ArdunoGame/Content/' took 0.01s
[2017.04.25-16.30.10:853][  0]SourceControl: Info Source control is disabled
[2017.04.25-16.30.10:853][  0]Cmd: MAP LOAD FILE="../../../../../../Users/rasta/Desktop/ArdunoGame/Content/2DSideScrollerCPP/Maps/2DSideScrollerExampleMap.umap" TEMPLATE=0 SHOWPROGRESS=1 FEATURELEVEL=3
[2017.04.25-16.30.10:853][  0]LightingResults: New page: Lighting Build
[2017.04.25-16.30.10:985][  0]MapCheck: New page: Map Check
[2017.04.25-16.30.10:985][  0]LightingResults: New page: Lighting Build
[2017.04.25-16.30.11:206][  0]LogAIModule: Creating AISystem for world 2DSideScrollerExampleMap
[2017.04.25-16.30.11:239][  0]LogEditorServer: Finished looking for orphan Actors (0.000 secs)
[2017.04.25-16.30.11:239][  0]Cmd: MAP CHECKDEP NOCLEARLOG
[2017.04.25-16.30.11:292][  0]MapCheck: Info Map check complete: 0 Error(s), 0 Warning(s), took 52.444ms to complete.
[2017.04.25-16.30.11:292][  0]LogFileHelpers: Loading map '2DSideScrollerExampleMap' took 0.439
[2017.04.25-16.30.11:543][  0]LogCollectionManager: Loaded 0 collections in 0.004470 seconds
[2017.04.25-16.30.11:722][  0]LogFileCache: Scanning file cache for directory 'C:/Users/rasta/Desktop/ArdunoGame/Saved/Collections/' took 0.01s
[2017.04.25-16.30.11:722][  0]LogFileCache: Scanning file cache for directory 'C:/Users/rasta/Desktop/ArdunoGame/Content/Developers/rasta/Collections/' took 0.01s
[2017.04.25-16.30.11:722][  0]LogFileCache: Scanning file cache for directory 'C:/Users/rasta/Desktop/ArdunoGame/Content/Collections/' took 0.01s
[2017.04.25-16.30.11:722][  0]LogCollectionManager: Rebuilt the GUID cache for 0 collections in 0.000003 seconds
[2017.04.25-16.30.11:740][  0]LogContentBrowser: Native class hierarchy populated in 0.0181 seconds. Added 2248 classes and 458 folders.
[2017.04.25-16.30.11:746][  0]LogStats: UGameplayTagsManager::ConstructGameplayTagTree: Construct from data asset -  0.000 s
[2017.04.25-16.30.11:746][  0]LogStats: UGameplayTagsManager::ConstructGameplayTagTree: GameplayTagTreeChangedEvent.Broadcast -  0.000 s
[2017.04.25-16.30.11:937][  0]LogContentBrowser: Native class hierarchy updated for 'WidgetCarousel' in 0.0021 seconds. Added 0 classes and 0 folders.
[2017.04.25-16.30.11:998][  0]LogContentBrowser: Native class hierarchy updated for 'AddContentDialog' in 0.0021 seconds. Added 0 classes and 0 folders.
[2017.04.25-16.30.12:137][  0]LogContentBrowser: Native class hierarchy updated for 'SceneOutliner' in 0.0022 seconds. Added 1 classes and 2 folders.
[2017.04.25-16.30.12:228][  0]LogCrashTracker: Crashtracker disabled due to settings.
[2017.04.25-16.30.12:239][  0]LogUObjectGlobals:Warning: Failed to find object 'Class None.'
[2017.04.25-16.30.12:403][  0]LogContentBrowser: Native class hierarchy updated for 'HierarchicalLODOutliner' in 0.0022 seconds. Added 1 classes and 2 folders.
[2017.04.25-16.30.12:403][  0]LogLoad: (Engine Initialization) Total time: 42.47 seconds
[2017.04.25-16.30.12:403][  0]LogLoad: (Engine Initialization) Total Blueprint compile time: 0.16 seconds
[2017.04.25-16.30.12:403][  0]LogExternalProfiler: Found external profiler: VSPerf
[2017.04.25-16.30.12:403][  0]LogExternalProfiler: Using external profiler: VSPerf
[2017.04.25-16.30.12:744][  0]LogOcInput: OculusInput pre-init called
[2017.04.25-16.30.12:767][  0]LogContentStreaming: Texture pool size now 1000 MB
[2017.04.25-16.30.12:768][  0]LogSlate: Took 0.000250 seconds to synchronously load lazily loaded font '../../../Engine/Content/Slate/Fonts/Roboto-Regular.ttf' (155K)
[2017.04.25-16.30.12:774][  0]LogSlate: Took 0.000281 seconds to synchronously load lazily loaded font '../../../Engine/Content/Slate/Fonts/Roboto-Bold.ttf' (160K)
[2017.04.25-16.30.12:783][  0]LogSlate: Took 0.000317 seconds to synchronously load lazily loaded font '../../../Engine/Content/Editor/Slate/Fonts/FontAwesome.ttf' (139K)
[2017.04.25-16.30.12:946][  0]LogSlate: Took 0.000242 seconds to synchronously load lazily loaded font '../../../Engine/Content/Slate/Fonts/Roboto-Light.ttf' (159K)
[2017.04.25-16.30.13:032][  0]LogRenderer: Reallocating scene render targets to support 1208x580 NumSamples 1 (Frame:2).
[2017.04.25-16.30.13:436][  2]LogAssetRegistry: Asset discovery search completed in 25.4936 seconds
[2017.04.25-16.30.13:436][  2]LogCollectionManager: Rebuilt the object cache for 0 collections in 0.000008 seconds (found 0 objects)
[2017.04.25-16.30.13:436][  2]LogCollectionManager: Fixed up redirectors for 0 collections in 0.000042 seconds (updated 0 objects)
[2017.04.25-16.32.53:117][194]LogSlate: Took 0.000186 seconds to synchronously load lazily loaded font '../../../Engine/Content/Slate/Fonts/Roboto-Light.ttf' (159K)
[2017.04.25-16.32.53:632][194]LogSlate: Took 0.000210 seconds to synchronously load lazily loaded font '../../../Engine/Content/Slate/Fonts/Roboto-Regular.ttf' (155K)
[2017.04.25-16.32.53:926][194]LogContentBrowser: Native class hierarchy updated for 'BlueprintGraph' in 0.0028 seconds. Added 112 classes and 0 folders.
[2017.04.25-16.32.54:946][194]LogSlate: Took 0.000202 seconds to synchronously load lazily loaded font '../../../Engine/Content/Editor/Slate/Fonts/Roboto-BoldCondensed.ttf' (158K)
[2017.04.25-16.32.55:137][195]LogSlate: Took 0.000360 seconds to synchronously load lazily loaded font '../../../Engine/Content/Editor/Slate/Fonts/Roboto-Italic.ttf' (157K)
[2017.04.25-16.33.02:520][615]BlueprintLog: New page: Compile BP_2DSideScrollerCharacter
[2017.04.25-16.33.03:644][669]LogTemp: Repeting last play command: Selected Viewport
[2017.04.25-16.33.03:661][669]LogBlueprintUserMessages: Early PlayInEditor Detection: Level '/Game/2DSideScrollerCPP/Maps/2DSideScrollerExampleMap.2DSideScrollerExampleMap:PersistentLevel' has LevelScriptBlueprint '/Game/2DSideScrollerCPP/Maps/2DSideScrollerExampleMap.2DSideScrollerExampleMap:PersistentLevel.2DSideScrollerExampleMap' with GeneratedClass '/Game/2DSideScrollerCPP/Maps/2DSideScrollerExampleMap.2DSideScrollerExampleMap_C' with ClassGeneratedBy '/Game/2DSideScrollerCPP/Maps/2DSideScrollerExampleMap.2DSideScrollerExampleMap:PersistentLevel.2DSideScrollerExampleMap'
[2017.04.25-16.33.03:661][669]LogPlayLevel: PlayLevel: No blueprints needed recompiling
[2017.04.25-16.33.03:661][669]PIE: New page: PIE session: 2DSideScrollerExampleMap (25 Apr 2017 18:33:03)
[2017.04.25-16.33.03:661][669]LogPlayLevel: Creating play world package: /Game/2DSideScrollerCPP/Maps/UEDPIE_0_2DSideScrollerExampleMap
[2017.04.25-16.33.03:665][669]LogPlayLevel: PIE: StaticDuplicateObject took: (0.003991s)
[2017.04.25-16.33.03:667][669]LogAIModule: Creating AISystem for world 2DSideScrollerExampleMap
[2017.04.25-16.33.03:667][669]LogPlayLevel: PIE: World Init took: (0.001415s)
[2017.04.25-16.33.03:667][669]LogPlayLevel: PIE: Created PIE world by copying editor world from /Game/2DSideScrollerCPP/Maps/2DSideScrollerExampleMap.2DSideScrollerExampleMap to /Game/2DSideScrollerCPP/Maps/UEDPIE_0_2DSideScrollerExampleMap.2DSideScrollerExampleMap (0.005760s)
[2017.04.25-16.33.03:694][669]LogInit: XAudio2 using 'Speakers (Realtek High Definition Audio)' : 2 channels at 48 kHz using 16 bits per sample (channel mask 0x3)
[2017.04.25-16.33.03:716][669]LogInit: FAudioDevice initialized.
[2017.04.25-16.33.03:775][669]LogLoad: Game class is 'ArdunoGameGameMode'
[2017.04.25-16.33.03:779][669]LogWorld: Bringing World /Game/2DSideScrollerCPP/Maps/UEDPIE_0_2DSideScrollerExampleMap.2DSideScrollerExampleMap up for play (max tick rate 60) at 2017.04.25-17.33.03
[2017.04.25-16.33.03:779][669]LogWorld: Bringing up level for play took: 0.001933
[2017.04.25-16.33.03:932][669]LogContentBrowser: Native class hierarchy updated for 'MovieSceneCapture' in 0.0037 seconds. Added 11 classes and 0 folders.
[2017.04.25-16.33.03:938][669]PIE: Info Play in editor start time for /Game/2DSideScrollerCPP/Maps/UEDPIE_0_2DSideScrollerExampleMap 0.276
[2017.04.25-16.33.03:938][669]LogBlueprintUserMessages: Late PlayInEditor Detection: Level '/Game/2DSideScrollerCPP/Maps/2DSideScrollerExampleMap.2DSideScrollerExampleMap:PersistentLevel' has LevelScriptBlueprint '/Game/2DSideScrollerCPP/Maps/2DSideScrollerExampleMap.2DSideScrollerExampleMap:PersistentLevel.2DSideScrollerExampleMap' with GeneratedClass '/Game/2DSideScrollerCPP/Maps/2DSideScrollerExampleMap.2DSideScrollerExampleMap_C' with ClassGeneratedBy '/Game/2DSideScrollerCPP/Maps/2DSideScrollerExampleMap.2DSideScrollerExampleMap:PersistentLevel.2DSideScrollerExampleMap'
[2017.04.25-16.33.03:959][669]LogRenderer: Reallocating scene render targets to support 1292x756 NumSamples 1 (Frame:1172).
[2017.04.25-16.33.08:034][904]LogBlueprintUserMessages: Early EndPlayMap Detection: Level '/Game/2DSideScrollerCPP/Maps/2DSideScrollerExampleMap.2DSideScrollerExampleMap:PersistentLevel' has LevelScriptBlueprint '/Game/2DSideScrollerCPP/Maps/2DSideScrollerExampleMap.2DSideScrollerExampleMap:PersistentLevel.2DSideScrollerExampleMap' with GeneratedClass '/Game/2DSideScrollerCPP/Maps/2DSideScrollerExampleMap.2DSideScrollerExampleMap_C' with ClassGeneratedBy '/Game/2DSideScrollerCPP/Maps/2DSideScrollerExampleMap.2DSideScrollerExampleMap:PersistentLevel.2DSideScrollerExampleMap'
[2017.04.25-16.33.08:097][904]LogBlueprintUserMessages: Late EndPlayMap Detection: Level '/Game/2DSideScrollerCPP/Maps/2DSideScrollerExampleMap.2DSideScrollerExampleMap:PersistentLevel' has LevelScriptBlueprint '/Game/2DSideScrollerCPP/Maps/2DSideScrollerExampleMap.2DSideScrollerExampleMap:PersistentLevel.2DSideScrollerExampleMap' with GeneratedClass '/Game/2DSideScrollerCPP/Maps/2DSideScrollerExampleMap.2DSideScrollerExampleMap_C' with ClassGeneratedBy '/Game/2DSideScrollerCPP/Maps/2DSideScrollerExampleMap.2DSideScrollerExampleMap:PersistentLevel.2DSideScrollerExampleMap'
[2017.04.25-16.33.15:031][310]LogEditorTransaction: Undo Delete current selection
[2017.04.25-16.33.15:058][310]LogSlate: Took 0.000213 seconds to synchronously load lazily loaded font '../../../Engine/Content/Slate/Fonts/Roboto-Light.ttf' (159K)
[2017.04.25-16.33.16:385][382]BlueprintLog: New page: Compile BP_2DSideScrollerCharacter
[2017.04.25-16.33.17:001][407]LogTemp: Repeting last play command: Selected Viewport
[2017.04.25-16.33.17:014][407]LogBlueprintUserMessages: Early PlayInEditor Detection: Level '/Game/2DSideScrollerCPP/Maps/2DSideScrollerExampleMap.2DSideScrollerExampleMap:PersistentLevel' has LevelScriptBlueprint '/Game/2DSideScrollerCPP/Maps/2DSideScrollerExampleMap.2DSideScrollerExampleMap:PersistentLevel.2DSideScrollerExampleMap' with GeneratedClass '/Game/2DSideScrollerCPP/Maps/2DSideScrollerExampleMap.2DSideScrollerExampleMap_C' with ClassGeneratedBy '/Game/2DSideScrollerCPP/Maps/2DSideScrollerExampleMap.2DSideScrollerExampleMap:PersistentLevel.2DSideScrollerExampleMap'
[2017.04.25-16.33.17:014][407]LogPlayLevel: PlayLevel: No blueprints needed recompiling
[2017.04.25-16.33.17:015][407]PIE: New page: PIE session: 2DSideScrollerExampleMap (25 Apr 2017 18:33:17)
[2017.04.25-16.33.17:015][407]LogPlayLevel: Creating play world package: /Game/2DSideScrollerCPP/Maps/UEDPIE_0_2DSideScrollerExampleMap
[2017.04.25-16.33.17:018][407]LogPlayLevel: PIE: StaticDuplicateObject took: (0.002900s)
[2017.04.25-16.33.17:018][407]LogAIModule: Creating AISystem for world 2DSideScrollerExampleMap
[2017.04.25-16.33.17:019][407]LogPlayLevel: PIE: World Init took: (0.000869s)
[2017.04.25-16.33.17:019][407]LogPlayLevel: PIE: Created PIE world by copying editor world from /Game/2DSideScrollerCPP/Maps/2DSideScrollerExampleMap.2DSideScrollerExampleMap to /Game/2DSideScrollerCPP/Maps/UEDPIE_0_2DSideScrollerExampleMap.2DSideScrollerExampleMap (0.004018s)
[2017.04.25-16.33.17:043][407]LogInit: XAudio2 using 'Speakers (Realtek High Definition Audio)' : 2 channels at 48 kHz using 16 bits per sample (channel mask 0x3)
[2017.04.25-16.33.17:064][407]LogInit: FAudioDevice initialized.
[2017.04.25-16.33.17:109][407]LogLoad: Game class is 'ArdunoGameGameMode'
[2017.04.25-16.33.17:112][407]LogWorld: Bringing World /Game/2DSideScrollerCPP/Maps/UEDPIE_0_2DSideScrollerExampleMap.2DSideScrollerExampleMap up for play (max tick rate 60) at 2017.04.25-17.33.17
[2017.04.25-16.33.17:112][407]LogWorld: Bringing up level for play took: 0.001732
[2017.04.25-16.33.17:118][407]PIE: Info Play in editor start time for /Game/2DSideScrollerCPP/Maps/UEDPIE_0_2DSideScrollerExampleMap -0.544
[2017.04.25-16.33.17:119][407]LogBlueprintUserMessages: Late PlayInEditor Detection: Level '/Game/2DSideScrollerCPP/Maps/2DSideScrollerExampleMap.2DSideScrollerExampleMap:PersistentLevel' has LevelScriptBlueprint '/Game/2DSideScrollerCPP/Maps/2DSideScrollerExampleMap.2DSideScrollerExampleMap:PersistentLevel.2DSideScrollerExampleMap' with GeneratedClass '/Game/2DSideScrollerCPP/Maps/2DSideScrollerExampleMap.2DSideScrollerExampleMap_C' with ClassGeneratedBy '/Game/2DSideScrollerCPP/Maps/2DSideScrollerExampleMap.2DSideScrollerExampleMap:PersistentLevel.2DSideScrollerExampleMap'
[2017.04.25-16.33.25:465][906]LogBlueprintUserMessages: Early EndPlayMap Detection: Level '/Game/2DSideScrollerCPP/Maps/2DSideScrollerExampleMap.2DSideScrollerExampleMap:PersistentLevel' has LevelScriptBlueprint '/Game/2DSideScrollerCPP/Maps/2DSideScrollerExampleMap.2DSideScrollerExampleMap:PersistentLevel.2DSideScrollerExampleMap' with GeneratedClass '/Game/2DSideScrollerCPP/Maps/2DSideScrollerExampleMap.2DSideScrollerExampleMap_C' with ClassGeneratedBy '/Game/2DSideScrollerCPP/Maps/2DSideScrollerExampleMap.2DSideScrollerExampleMap:PersistentLevel.2DSideScrollerExampleMap'
[2017.04.25-16.33.25:521][906]LogBlueprintUserMessages: Late EndPlayMap Detection: Level '/Game/2DSideScrollerCPP/Maps/2DSideScrollerExampleMap.2DSideScrollerExampleMap:PersistentLevel' has LevelScriptBlueprint '/Game/2DSideScrollerCPP/Maps/2DSideScrollerExampleMap.2DSideScrollerExampleMap:PersistentLevel.2DSideScrollerExampleMap' with GeneratedClass '/Game/2DSideScrollerCPP/Maps/2DSideScrollerExampleMap.2DSideScrollerExampleMap_C' with ClassGeneratedBy '/Game/2DSideScrollerCPP/Maps/2DSideScrollerExampleMap.2DSideScrollerExampleMap:PersistentLevel.2DSideScrollerExampleMap'
[2017.04.25-16.35.25:495][681]LogEditorTransaction: Undo Move Node
[2017.04.25-16.35.25:655][683]LogEditorTransaction: Undo Move Node
[2017.04.25-16.35.25:793][684]LogEditorTransaction: Undo Move Node
[2017.04.25-16.35.25:946][685]LogEditorTransaction: Undo Rename Variable
[2017.04.25-16.35.26:114][686]LogEditorTransaction: Undo Rename Variable
[2017.04.25-16.35.26:739][716]LogEditorTransaction: Undo Rename Variable
[2017.04.25-16.35.26:880][717]LogEditorTransaction: Undo Create Pin Link
[2017.04.25-16.35.27:014][725]LogEditorTransaction: Undo Create Pin Link
[2017.04.25-16.35.27:196][729]LogEditorTransaction: Undo Create Pin Link
[2017.04.25-16.35.27:347][731]LogEditorTransaction: Undo Move Node
[2017.04.25-16.35.27:716][746]LogEditorTransaction: Undo Move Node
[2017.04.25-16.35.27:983][755]LogEditorTransaction: Undo Promote To Variable
[2017.04.25-16.35.28:280][765]LogEditorTransaction: Undo Promote To Variable
[2017.04.25-16.35.28:531][773]LogEditorTransaction: Undo Promote To Variable
[2017.04.25-16.35.28:784][781]LogEditorTransaction: Undo Create Pin Link
[2017.04.25-16.35.29:068][798]LogEditorTransaction: Undo Delete current selection
[2017.04.25-16.35.29:769][833]LogEditorTransaction: Undo Delete current selection
[2017.04.25-16.35.56:736][232]BlueprintLog: New page: Compile BP_2DSideScrollerCharacter
[2017.04.25-16.35.58:193][307]LogTemp: Repeting last play command: Selected Viewport
[2017.04.25-16.35.58:207][307]LogBlueprintUserMessages: Early PlayInEditor Detection: Level '/Game/2DSideScrollerCPP/Maps/2DSideScrollerExampleMap.2DSideScrollerExampleMap:PersistentLevel' has LevelScriptBlueprint '/Game/2DSideScrollerCPP/Maps/2DSideScrollerExampleMap.2DSideScrollerExampleMap:PersistentLevel.2DSideScrollerExampleMap' with GeneratedClass '/Game/2DSideScrollerCPP/Maps/2DSideScrollerExampleMap.2DSideScrollerExampleMap_C' with ClassGeneratedBy '/Game/2DSideScrollerCPP/Maps/2DSideScrollerExampleMap.2DSideScrollerExampleMap:PersistentLevel.2DSideScrollerExampleMap'
[2017.04.25-16.35.58:207][307]LogPlayLevel: PlayLevel: No blueprints needed recompiling
[2017.04.25-16.35.58:207][307]PIE: New page: PIE session: 2DSideScrollerExampleMap (25 Apr 2017 18:35:58)
[2017.04.25-16.35.58:207][307]LogPlayLevel: Creating play world package: /Game/2DSideScrollerCPP/Maps/UEDPIE_0_2DSideScrollerExampleMap
[2017.04.25-16.35.58:210][307]LogPlayLevel: PIE: StaticDuplicateObject took: (0.002949s)
[2017.04.25-16.35.58:211][307]LogAIModule: Creating AISystem for world 2DSideScrollerExampleMap
[2017.04.25-16.35.58:211][307]LogPlayLevel: PIE: World Init took: (0.000949s)
[2017.04.25-16.35.58:211][307]LogPlayLevel: PIE: Created PIE world by copying editor world from /Game/2DSideScrollerCPP/Maps/2DSideScrollerExampleMap.2DSideScrollerExampleMap to /Game/2DSideScrollerCPP/Maps/UEDPIE_0_2DSideScrollerExampleMap.2DSideScrollerExampleMap (0.004159s)
[2017.04.25-16.35.58:235][307]LogInit: XAudio2 using 'Speakers (Realtek High Definition Audio)' : 2 channels at 48 kHz using 16 bits per sample (channel mask 0x3)
[2017.04.25-16.35.58:257][307]LogInit: FAudioDevice initialized.
[2017.04.25-16.35.58:303][307]LogLoad: Game class is 'ArdunoGameGameMode'
[2017.04.25-16.35.58:307][307]LogWorld: Bringing World /Game/2DSideScrollerCPP/Maps/UEDPIE_0_2DSideScrollerExampleMap.2DSideScrollerExampleMap up for play (max tick rate 60) at 2017.04.25-17.35.58
[2017.04.25-16.35.58:307][307]LogWorld: Bringing up level for play took: 0.001914
[2017.04.25-16.35.58:463][307]PIE: Info Play in editor start time for /Game/2DSideScrollerCPP/Maps/UEDPIE_0_2DSideScrollerExampleMap 0.801
[2017.04.25-16.35.58:464][307]LogBlueprintUserMessages: Late PlayInEditor Detection: Level '/Game/2DSideScrollerCPP/Maps/2DSideScrollerExampleMap.2DSideScrollerExampleMap:PersistentLevel' has LevelScriptBlueprint '/Game/2DSideScrollerCPP/Maps/2DSideScrollerExampleMap.2DSideScrollerExampleMap:PersistentLevel.2DSideScrollerExampleMap' with GeneratedClass '/Game/2DSideScrollerCPP/Maps/2DSideScrollerExampleMap.2DSideScrollerExampleMap_C' with ClassGeneratedBy '/Game/2DSideScrollerCPP/Maps/2DSideScrollerExampleMap.2DSideScrollerExampleMap:PersistentLevel.2DSideScrollerExampleMap'
[2017.04.25-16.36.29:784][171]LogBlueprintUserMessages: Early EndPlayMap Detection: Level '/Game/2DSideScrollerCPP/Maps/2DSideScrollerExampleMap.2DSideScrollerExampleMap:PersistentLevel' has LevelScriptBlueprint '/Game/2DSideScrollerCPP/Maps/2DSideScrollerExampleMap.2DSideScrollerExampleMap:PersistentLevel.2DSideScrollerExampleMap' with GeneratedClass '/Game/2DSideScrollerCPP/Maps/2DSideScrollerExampleMap.2DSideScrollerExampleMap_C' with ClassGeneratedBy '/Game/2DSideScrollerCPP/Maps/2DSideScrollerExampleMap.2DSideScrollerExampleMap:PersistentLevel.2DSideScrollerExampleMap'
[2017.04.25-16.36.29:846][171]LogBlueprintUserMessages: Late EndPlayMap Detection: Level '/Game/2DSideScrollerCPP/Maps/2DSideScrollerExampleMap.2DSideScrollerExampleMap:PersistentLevel' has LevelScriptBlueprint '/Game/2DSideScrollerCPP/Maps/2DSideScrollerExampleMap.2DSideScrollerExampleMap:PersistentLevel.2DSideScrollerExampleMap' with GeneratedClass '/Game/2DSideScrollerCPP/Maps/2DSideScrollerExampleMap.2DSideScrollerExampleMap_C' with ClassGeneratedBy '/Game/2DSideScrollerCPP/Maps/2DSideScrollerExampleMap.2DSideScrollerExampleMap:PersistentLevel.2DSideScrollerExampleMap'
[2017.04.25-16.38.24:789][539]BlueprintLog: New page: Compile BP_2DSideScrollerCharacter
[2017.04.25-16.38.25:612][577]LogTemp: Repeting last play command: Selected Viewport
[2017.04.25-16.38.25:626][577]LogBlueprintUserMessages: Early PlayInEditor Detection: Level '/Game/2DSideScrollerCPP/Maps/2DSideScrollerExampleMap.2DSideScrollerExampleMap:PersistentLevel' has LevelScriptBlueprint '/Game/2DSideScrollerCPP/Maps/2DSideScrollerExampleMap.2DSideScrollerExampleMap:PersistentLevel.2DSideScrollerExampleMap' with GeneratedClass '/Game/2DSideScrollerCPP/Maps/2DSideScrollerExampleMap.2DSideScrollerExampleMap_C' with ClassGeneratedBy '/Game/2DSideScrollerCPP/Maps/2DSideScrollerExampleMap.2DSideScrollerExampleMap:PersistentLevel.2DSideScrollerExampleMap'
[2017.04.25-16.38.25:626][577]LogPlayLevel: PlayLevel: No blueprints needed recompiling
[2017.04.25-16.38.25:626][577]PIE: New page: PIE session: 2DSideScrollerExampleMap (25 Apr 2017 18:38:25)
[2017.04.25-16.38.25:626][577]LogPlayLevel: Creating play world package: /Game/2DSideScrollerCPP/Maps/UEDPIE_0_2DSideScrollerExampleMap
[2017.04.25-16.38.25:630][577]LogPlayLevel: PIE: StaticDuplicateObject took: (0.003381s)
[2017.04.25-16.38.25:630][577]LogAIModule: Creating AISystem for world 2DSideScrollerExampleMap
[2017.04.25-16.38.25:631][577]LogPlayLevel: PIE: World Init took: (0.001019s)
[2017.04.25-16.38.25:631][577]LogPlayLevel: PIE: Created PIE world by copying editor world from /Game/2DSideScrollerCPP/Maps/2DSideScrollerExampleMap.2DSideScrollerExampleMap to /Game/2DSideScrollerCPP/Maps/UEDPIE_0_2DSideScrollerExampleMap.2DSideScrollerExampleMap (0.004657s)
[2017.04.25-16.38.25:654][577]LogInit: XAudio2 using 'Speakers (Realtek High Definition Audio)' : 2 channels at 48 kHz using 16 bits per sample (channel mask 0x3)
[2017.04.25-16.38.25:679][577]LogInit: FAudioDevice initialized.
[2017.04.25-16.38.25:727][577]LogLoad: Game class is 'ArdunoGameGameMode'
[2017.04.25-16.38.25:731][577]LogWorld: Bringing World /Game/2DSideScrollerCPP/Maps/UEDPIE_0_2DSideScrollerExampleMap.2DSideScrollerExampleMap up for play (max tick rate 60) at 2017.04.25-17.38.25
[2017.04.25-16.38.25:731][577]LogWorld: Bringing up level for play took: 0.002083
[2017.04.25-16.38.25:737][577]PIE: Info Play in editor start time for /Game/2DSideScrollerCPP/Maps/UEDPIE_0_2DSideScrollerExampleMap 0.075
[2017.04.25-16.38.25:738][577]LogBlueprintUserMessages: Late PlayInEditor Detection: Level '/Game/2DSideScrollerCPP/Maps/2DSideScrollerExampleMap.2DSideScrollerExampleMap:PersistentLevel' has LevelScriptBlueprint '/Game/2DSideScrollerCPP/Maps/2DSideScrollerExampleMap.2DSideScrollerExampleMap:PersistentLevel.2DSideScrollerExampleMap' with GeneratedClass '/Game/2DSideScrollerCPP/Maps/2DSideScrollerExampleMap.2DSideScrollerExampleMap_C' with ClassGeneratedBy '/Game/2DSideScrollerCPP/Maps/2DSideScrollerExampleMap.2DSideScrollerExampleMap:PersistentLevel.2DSideScrollerExampleMap'
[2017.04.25-16.38.36:433][205]LogBlueprintUserMessages: Early EndPlayMap Detection: Level '/Game/2DSideScrollerCPP/Maps/2DSideScrollerExampleMap.2DSideScrollerExampleMap:PersistentLevel' has LevelScriptBlueprint '/Game/2DSideScrollerCPP/Maps/2DSideScrollerExampleMap.2DSideScrollerExampleMap:PersistentLevel.2DSideScrollerExampleMap' with GeneratedClass '/Game/2DSideScrollerCPP/Maps/2DSideScrollerExampleMap.2DSideScrollerExampleMap_C' with ClassGeneratedBy '/Game/2DSideScrollerCPP/Maps/2DSideScrollerExampleMap.2DSideScrollerExampleMap:PersistentLevel.2DSideScrollerExampleMap'
[2017.04.25-16.38.36:494][205]LogBlueprintUserMessages: Late EndPlayMap Detection: Level '/Game/2DSideScrollerCPP/Maps/2DSideScrollerExampleMap.2DSideScrollerExampleMap:PersistentLevel' has LevelScriptBlueprint '/Game/2DSideScrollerCPP/Maps/2DSideScrollerExampleMap.2DSideScrollerExampleMap:PersistentLevel.2DSideScrollerExampleMap' with GeneratedClass '/Game/2DSideScrollerCPP/Maps/2DSideScrollerExampleMap.2DSideScrollerExampleMap_C' with ClassGeneratedBy '/Game/2DSideScrollerCPP/Maps/2DSideScrollerExampleMap.2DSideScrollerExampleMap:PersistentLevel.2DSideScrollerExampleMap'
[2017.04.25-16.38.47:007][824]BlueprintLog: New page: Compile BP_2DSideScrollerCharacter
[2017.04.25-16.38.47:611][849]LogTemp: Repeting last play command: Selected Viewport
[2017.04.25-16.38.47:624][849]LogBlueprintUserMessages: Early PlayInEditor Detection: Level '/Game/2DSideScrollerCPP/Maps/2DSideScrollerExampleMap.2DSideScrollerExampleMap:PersistentLevel' has LevelScriptBlueprint '/Game/2DSideScrollerCPP/Maps/2DSideScrollerExampleMap.2DSideScrollerExampleMap:PersistentLevel.2DSideScrollerExampleMap' with GeneratedClass '/Game/2DSideScrollerCPP/Maps/2DSideScrollerExampleMap.2DSideScrollerExampleMap_C' with ClassGeneratedBy '/Game/2DSideScrollerCPP/Maps/2DSideScrollerExampleMap.2DSideScrollerExampleMap:PersistentLevel.2DSideScrollerExampleMap'
[2017.04.25-16.38.47:624][849]LogPlayLevel: PlayLevel: No blueprints needed recompiling
[2017.04.25-16.38.47:624][849]PIE: New page: PIE session: 2DSideScrollerExampleMap (25 Apr 2017 18:38:47)
[2017.04.25-16.38.47:624][849]LogPlayLevel: Creating play world package: /Game/2DSideScrollerCPP/Maps/UEDPIE_0_2DSideScrollerExampleMap
[2017.04.25-16.38.47:628][849]LogPlayLevel: PIE: StaticDuplicateObject took: (0.003536s)
[2017.04.25-16.38.47:629][849]LogAIModule: Creating AISystem for world 2DSideScrollerExampleMap
[2017.04.25-16.38.47:629][849]LogPlayLevel: PIE: World Init took: (0.000914s)
[2017.04.25-16.38.47:629][849]LogPlayLevel: PIE: Created PIE world by copying editor world from /Game/2DSideScrollerCPP/Maps/2DSideScrollerExampleMap.2DSideScrollerExampleMap to /Game/2DSideScrollerCPP/Maps/UEDPIE_0_2DSideScrollerExampleMap.2DSideScrollerExampleMap (0.004720s)
[2017.04.25-16.38.47:654][849]LogInit: XAudio2 using 'Speakers (Realtek High Definition Audio)' : 2 channels at 48 kHz using 16 bits per sample (channel mask 0x3)
[2017.04.25-16.38.47:675][849]LogInit: FAudioDevice initialized.
[2017.04.25-16.38.47:722][849]LogLoad: Game class is 'ArdunoGameGameMode'
[2017.04.25-16.38.47:726][849]LogWorld: Bringing World /Game/2DSideScrollerCPP/Maps/UEDPIE_0_2DSideScrollerExampleMap.2DSideScrollerExampleMap up for play (max tick rate 60) at 2017.04.25-17.38.47
[2017.04.25-16.38.47:726][849]LogWorld: Bringing up level for play took: 0.001895
[2017.04.25-16.38.47:732][849]PIE: Info Play in editor start time for /Game/2DSideScrollerCPP/Maps/UEDPIE_0_2DSideScrollerExampleMap 0.07
[2017.04.25-16.38.47:733][849]LogBlueprintUserMessages: Late PlayInEditor Detection: Level '/Game/2DSideScrollerCPP/Maps/2DSideScrollerExampleMap.2DSideScrollerExampleMap:PersistentLevel' has LevelScriptBlueprint '/Game/2DSideScrollerCPP/Maps/2DSideScrollerExampleMap.2DSideScrollerExampleMap:PersistentLevel.2DSideScrollerExampleMap' with GeneratedClass '/Game/2DSideScrollerCPP/Maps/2DSideScrollerExampleMap.2DSideScrollerExampleMap_C' with ClassGeneratedBy '/Game/2DSideScrollerCPP/Maps/2DSideScrollerExampleMap.2DSideScrollerExampleMap:PersistentLevel.2DSideScrollerExampleMap'
[2017.04.25-16.38.52:310][122]LogBlueprintUserMessages: Early EndPlayMap Detection: Level '/Game/2DSideScrollerCPP/Maps/2DSideScrollerExampleMap.2DSideScrollerExampleMap:PersistentLevel' has LevelScriptBlueprint '/Game/2DSideScrollerCPP/Maps/2DSideScrollerExampleMap.2DSideScrollerExampleMap:PersistentLevel.2DSideScrollerExampleMap' with GeneratedClass '/Game/2DSideScrollerCPP/Maps/2DSideScrollerExampleMap.2DSideScrollerExampleMap_C' with ClassGeneratedBy '/Game/2DSideScrollerCPP/Maps/2DSideScrollerExampleMap.2DSideScrollerExampleMap:PersistentLevel.2DSideScrollerExampleMap'
[2017.04.25-16.38.52:375][122]LogBlueprintUserMessages: Late EndPlayMap Detection: Level '/Game/2DSideScrollerCPP/Maps/2DSideScrollerExampleMap.2DSideScrollerExampleMap:PersistentLevel' has LevelScriptBlueprint '/Game/2DSideScrollerCPP/Maps/2DSideScrollerExampleMap.2DSideScrollerExampleMap:PersistentLevel.2DSideScrollerExampleMap' with GeneratedClass '/Game/2DSideScrollerCPP/Maps/2DSideScrollerExampleMap.2DSideScrollerExampleMap_C' with ClassGeneratedBy '/Game/2DSideScrollerCPP/Maps/2DSideScrollerExampleMap.2DSideScrollerExampleMap:PersistentLevel.2DSideScrollerExampleMap'
[2017.04.25-16.39.09:214][ 86]BlueprintLog: New page: Compile BP_2DSideScrollerCharacter
[2017.04.25-16.39.09:787][109]LogTemp: Repeting last play command: Selected Viewport
[2017.04.25-16.39.09:801][109]LogBlueprintUserMessages: Early PlayInEditor Detection: Level '/Game/2DSideScrollerCPP/Maps/2DSideScrollerExampleMap.2DSideScrollerExampleMap:PersistentLevel' has LevelScriptBlueprint '/Game/2DSideScrollerCPP/Maps/2DSideScrollerExampleMap.2DSideScrollerExampleMap:PersistentLevel.2DSideScrollerExampleMap' with GeneratedClass '/Game/2DSideScrollerCPP/Maps/2DSideScrollerExampleMap.2DSideScrollerExampleMap_C' with ClassGeneratedBy '/Game/2DSideScrollerCPP/Maps/2DSideScrollerExampleMap.2DSideScrollerExampleMap:PersistentLevel.2DSideScrollerExampleMap'
[2017.04.25-16.39.09:801][109]LogPlayLevel: PlayLevel: No blueprints needed recompiling
[2017.04.25-16.39.09:802][109]PIE: New page: PIE session: 2DSideScrollerExampleMap (25 Apr 2017 18:39:09)
[2017.04.25-16.39.09:802][109]LogPlayLevel: Creating play world package: /Game/2DSideScrollerCPP/Maps/UEDPIE_0_2DSideScrollerExampleMap
[2017.04.25-16.39.09:805][109]LogPlayLevel: PIE: StaticDuplicateObject took: (0.002863s)
[2017.04.25-16.39.09:805][109]LogAIModule: Creating AISystem for world 2DSideScrollerExampleMap
[2017.04.25-16.39.09:805][109]LogPlayLevel: PIE: World Init took: (0.000735s)
[2017.04.25-16.39.09:805][109]LogPlayLevel: PIE: Created PIE world by copying editor world from /Game/2DSideScrollerCPP/Maps/2DSideScrollerExampleMap.2DSideScrollerExampleMap to /Game/2DSideScrollerCPP/Maps/UEDPIE_0_2DSideScrollerExampleMap.2DSideScrollerExampleMap (0.003838s)
[2017.04.25-16.39.09:833][109]LogInit: XAudio2 using 'Speakers (Realtek High Definition Audio)' : 2 channels at 48 kHz using 16 bits per sample (channel mask 0x3)
[2017.04.25-16.39.09:854][109]LogInit: FAudioDevice initialized.
[2017.04.25-16.39.09:904][109]LogLoad: Game class is 'ArdunoGameGameMode'
[2017.04.25-16.39.09:906][109]LogWorld: Bringing World /Game/2DSideScrollerCPP/Maps/UEDPIE_0_2DSideScrollerExampleMap.2DSideScrollerExampleMap up for play (max tick rate 60) at 2017.04.25-17.39.09
[2017.04.25-16.39.09:907][109]LogWorld: Bringing up level for play took: 0.001795
[2017.04.25-16.39.09:914][109]PIE: Info Play in editor start time for /Game/2DSideScrollerCPP/Maps/UEDPIE_0_2DSideScrollerExampleMap 0.251
[2017.04.25-16.39.09:914][109]LogBlueprintUserMessages: Late PlayInEditor Detection: Level '/Game/2DSideScrollerCPP/Maps/2DSideScrollerExampleMap.2DSideScrollerExampleMap:PersistentLevel' has LevelScriptBlueprint '/Game/2DSideScrollerCPP/Maps/2DSideScrollerExampleMap.2DSideScrollerExampleMap:PersistentLevel.2DSideScrollerExampleMap' with GeneratedClass '/Game/2DSideScrollerCPP/Maps/2DSideScrollerExampleMap.2DSideScrollerExampleMap_C' with ClassGeneratedBy '/Game/2DSideScrollerCPP/Maps/2DSideScrollerExampleMap.2DSideScrollerExampleMap:PersistentLevel.2DSideScrollerExampleMap'
[2017.04.25-16.39.23:375][915]LogBlueprintUserMessages: Early EndPlayMap Detection: Level '/Game/2DSideScrollerCPP/Maps/2DSideScrollerExampleMap.2DSideScrollerExampleMap:PersistentLevel' has LevelScriptBlueprint '/Game/2DSideScrollerCPP/Maps/2DSideScrollerExampleMap.2DSideScrollerExampleMap:PersistentLevel.2DSideScrollerExampleMap' with GeneratedClass '/Game/2DSideScrollerCPP/Maps/2DSideScrollerExampleMap.2DSideScrollerExampleMap_C' with ClassGeneratedBy '/Game/2DSideScrollerCPP/Maps/2DSideScrollerExampleMap.2DSideScrollerExampleMap:PersistentLevel.2DSideScrollerExampleMap'
[2017.04.25-16.39.23:442][915]LogBlueprintUserMessages: Late EndPlayMap Detection: Level '/Game/2DSideScrollerCPP/Maps/2DSideScrollerExampleMap.2DSideScrollerExampleMap:PersistentLevel' has LevelScriptBlueprint '/Game/2DSideScrollerCPP/Maps/2DSideScrollerExampleMap.2DSideScrollerExampleMap:PersistentLevel.2DSideScrollerExampleMap' with GeneratedClass '/Game/2DSideScrollerCPP/Maps/2DSideScrollerExampleMap.2DSideScrollerExampleMap_C' with ClassGeneratedBy '/Game/2DSideScrollerCPP/Maps/2DSideScrollerExampleMap.2DSideScrollerExampleMap:PersistentLevel.2DSideScrollerExampleMap'
[2017.04.25-16.39.32:554][451]BlueprintLog: New page: Compile BP_2DSideScrollerCharacter
[2017.04.25-16.39.33:162][476]LogTemp: Repeting last play command: Selected Viewport
[2017.04.25-16.39.33:175][476]LogBlueprintUserMessages: Early PlayInEditor Detection: Level '/Game/2DSideScrollerCPP/Maps/2DSideScrollerExampleMap.2DSideScrollerExampleMap:PersistentLevel' has LevelScriptBlueprint '/Game/2DSideScrollerCPP/Maps/2DSideScrollerExampleMap.2DSideScrollerExampleMap:PersistentLevel.2DSideScrollerExampleMap' with GeneratedClass '/Game/2DSideScrollerCPP/Maps/2DSideScrollerExampleMap.2DSideScrollerExampleMap_C' with ClassGeneratedBy '/Game/2DSideScrollerCPP/Maps/2DSideScrollerExampleMap.2DSideScrollerExampleMap:PersistentLevel.2DSideScrollerExampleMap'
[2017.04.25-16.39.33:175][476]LogPlayLevel: PlayLevel: No blueprints needed recompiling
[2017.04.25-16.39.33:176][476]PIE: New page: PIE session: 2DSideScrollerExampleMap (25 Apr 2017 18:39:33)
[2017.04.25-16.39.33:176][476]LogPlayLevel: Creating play world package: /Game/2DSideScrollerCPP/Maps/UEDPIE_0_2DSideScrollerExampleMap
[2017.04.25-16.39.33:179][476]LogPlayLevel: PIE: StaticDuplicateObject took: (0.002864s)
[2017.04.25-16.39.33:179][476]LogAIModule: Creating AISystem for world 2DSideScrollerExampleMap
[2017.04.25-16.39.33:179][476]LogPlayLevel: PIE: World Init took: (0.000748s)
[2017.04.25-16.39.33:180][476]LogPlayLevel: PIE: Created PIE world by copying editor world from /Game/2DSideScrollerCPP/Maps/2DSideScrollerExampleMap.2DSideScrollerExampleMap to /Game/2DSideScrollerCPP/Maps/UEDPIE_0_2DSideScrollerExampleMap.2DSideScrollerExampleMap (0.003863s)
[2017.04.25-16.39.33:205][476]LogInit: XAudio2 using 'Speakers (Realtek High Definition Audio)' : 2 channels at 48 kHz using 16 bits per sample (channel mask 0x3)
[2017.04.25-16.39.33:226][476]LogInit: FAudioDevice initialized.
[2017.04.25-16.39.33:278][476]LogLoad: Game class is 'ArdunoGameGameMode'
[2017.04.25-16.39.33:282][476]LogWorld: Bringing World /Game/2DSideScrollerCPP/Maps/UEDPIE_0_2DSideScrollerExampleMap.2DSideScrollerExampleMap up for play (max tick rate 60) at 2017.04.25-17.39.33
[2017.04.25-16.39.33:283][476]LogWorld: Bringing up level for play took: 0.002297
[2017.04.25-16.39.33:289][476]PIE: Info Play in editor start time for /Game/2DSideScrollerCPP/Maps/UEDPIE_0_2DSideScrollerExampleMap -0.374
[2017.04.25-16.39.33:289][476]LogBlueprintUserMessages: Late PlayInEditor Detection: Level '/Game/2DSideScrollerCPP/Maps/2DSideScrollerExampleMap.2DSideScrollerExampleMap:PersistentLevel' has LevelScriptBlueprint '/Game/2DSideScrollerCPP/Maps/2DSideScrollerExampleMap.2DSideScrollerExampleMap:PersistentLevel.2DSideScrollerExampleMap' with GeneratedClass '/Game/2DSideScrollerCPP/Maps/2DSideScrollerExampleMap.2DSideScrollerExampleMap_C' with ClassGeneratedBy '/Game/2DSideScrollerCPP/Maps/2DSideScrollerExampleMap.2DSideScrollerExampleMap:PersistentLevel.2DSideScrollerExampleMap'
[2017.04.25-16.39.51:468][565]LogBlueprintUserMessages: Early EndPlayMap Detection: Level '/Game/2DSideScrollerCPP/Maps/2DSideScrollerExampleMap.2DSideScrollerExampleMap:PersistentLevel' has LevelScriptBlueprint '/Game/2DSideScrollerCPP/Maps/2DSideScrollerExampleMap.2DSideScrollerExampleMap:PersistentLevel.2DSideScrollerExampleMap' with GeneratedClass '/Game/2DSideScrollerCPP/Maps/2DSideScrollerExampleMap.2DSideScrollerExampleMap_C' with ClassGeneratedBy '/Game/2DSideScrollerCPP/Maps/2DSideScrollerExampleMap.2DSideScrollerExampleMap:PersistentLevel.2DSideScrollerExampleMap'
[2017.04.25-16.39.51:534][565]LogBlueprintUserMessages: Late EndPlayMap Detection: Level '/Game/2DSideScrollerCPP/Maps/2DSideScrollerExampleMap.2DSideScrollerExampleMap:PersistentLevel' has LevelScriptBlueprint '/Game/2DSideScrollerCPP/Maps/2DSideScrollerExampleMap.2DSideScrollerExampleMap:PersistentLevel.2DSideScrollerExampleMap' with GeneratedClass '/Game/2DSideScrollerCPP/Maps/2DSideScrollerExampleMap.2DSideScrollerExampleMap_C' with ClassGeneratedBy '/Game/2DSideScrollerCPP/Maps/2DSideScrollerExampleMap.2DSideScrollerExampleMap:PersistentLevel.2DSideScrollerExampleMap'
[2017.04.25-16.40.05:225][761]LogSavePackage: Save=58.19ms
[2017.04.25-16.40.05:225][761]LogSavePackage: Moving '../../../../../../Users/rasta/Desktop/ArdunoGame/Saved/BP_2DSideScrollerCharacter4CBF13C140D3AC41B75CB6B6E37CBEFB.tmp' to '../../../../../../Users/rasta/Desktop/ArdunoGame/Content/2DSideScrollerCPP/Blueprints/BP_2DSideScrollerCharacter.uasset'
[2017.04.25-16.40.05:228][761]LogSavePackage:Display: Finished SavePackage ../../../../../../Users/rasta/Desktop/ArdunoGame/Content/2DSideScrollerCPP/Blueprints/BP_2DSideScrollerCharacter.uasset
[2017.04.25-16.40.05:486][761]LogSavePackage: Save=155.66ms
[2017.04.25-16.40.05:486][761]LogSavePackage: Moving '../../../../../../Users/rasta/Desktop/ArdunoGame/Saved/2DSideScrollerExampleMap5608F99E4F4F220C08A4A6BA67CA7A3E.tmp' to '../../../../../../Users/rasta/Desktop/ArdunoGame/Content/2DSideScrollerCPP/Maps/2DSideScrollerExampleMap.umap'
[2017.04.25-16.40.05:488][761]LogSavePackage:Display: Finished SavePackage ../../../../../../Users/rasta/Desktop/ArdunoGame/Content/2DSideScrollerCPP/Maps/2DSideScrollerExampleMap.umap
[2017.04.25-16.40.05:510][761]LogFileHelpers: Saving map '2DSideScrollerExampleMap' took 0.277
[2017.04.25-16.40.06:626][799]LogWindowsTextInputMethodSystem:Display: IME system now deactivated.
[2017.04.25-16.40.06:628][799]LogWindowsTextInputMethodSystem:Display: IME system now deactivated.
[2017.04.25-16.40.06:901][800]Cmd: QUIT_EDITOR
[2017.04.25-16.40.07:959][800]LogExit: Preparing to exit.
[2017.04.25-16.40.08:872][800]LogDirectoryWatcher: A directory notification for 'C:/Users/rasta/Desktop/ArdunoGame/Content/' was aborted.
[2017.04.25-16.40.08:914][800]LogExit: Editor shut down
[2017.04.25-16.40.08:915][800]LogExit: Transaction tracking system shut down
[2017.04.25-16.40.09:041][800]LogObj: Freed 0b from 0 cluster array pools.
[2017.04.25-16.40.09:041][800]LogExit: Object subsystem successfully closed.
[2017.04.25-16.40.09:061][800]LogD3D11RHI: Shutdown
[2017.04.25-16.40.09:061][800]LogD3D11RHI: CleanupD3DDevice
[2017.04.25-16.40.09:149][800]LogD3D11RHI: ~FD3D11DynamicRHI
[2017.04.25-16.40.09:169][800]LogModuleManager: Shutting down and abandoning module MovieSceneCapture (508)
[2017.04.25-16.40.09:169][800]LogModuleManager: Shutting down and abandoning module BlueprintGraph (506)
[2017.04.25-16.40.09:169][800]LogModuleManager: Shutting down and abandoning module BlueprintProfiler (504)
[2017.04.25-16.40.09:169][800]LogModuleManager: Shutting down and abandoning module HierarchicalLODOutliner (502)
[2017.04.25-16.40.09:169][800]LogModuleManager: Shutting down and abandoning module CrashTracker (500)
[2017.04.25-16.40.09:169][800]LogModuleManager: Shutting down and abandoning module SceneOutliner (498)
[2017.04.25-16.40.09:169][800]LogModuleManager: Shutting down and abandoning module AddContentDialog (496)
[2017.04.25-16.40.09:169][800]LogDirectoryWatcher: A directory notification for 'C:/Program Files/Epic Games/UE_4.15/FeaturePacks/' was aborted.
[2017.04.25-16.40.09:171][800]LogModuleManager: Shutting down and abandoning module WidgetCarousel (495)
[2017.04.25-16.40.09:171][800]LogModuleManager: Shutting down and abandoning module EditorWidgets (492)
[2017.04.25-16.40.09:171][800]LogModuleManager: Shutting down and abandoning module CollectionManager (490)
[2017.04.25-16.40.09:171][800]LogDirectoryWatcher: A directory notification for 'C:/Users/rasta/Desktop/ArdunoGame/Content/Collections/' was aborted.
[2017.04.25-16.40.09:171][800]LogDirectoryWatcher: A directory notification for 'C:/Users/rasta/Desktop/ArdunoGame/Content/Developers/rasta/Collections/' was aborted.
[2017.04.25-16.40.09:171][800]LogDirectoryWatcher: A directory notification for 'C:/Users/rasta/Desktop/ArdunoGame/Saved/Collections/' was aborted.
[2017.04.25-16.40.09:171][800]LogModuleManager: Shutting down and abandoning module StatsViewer (488)
[2017.04.25-16.40.09:171][800]LogModuleManager: Shutting down and abandoning module FoliageEdit (486)
[2017.04.25-16.40.09:172][800]LogModuleManager: Shutting down and abandoning module LandscapeEditor (484)
[2017.04.25-16.40.09:172][800]LogModuleManager: Shutting down and abandoning module SceneDepthPickerMode (482)
[2017.04.25-16.40.09:172][800]LogModuleManager: Shutting down and abandoning module ActorPickerMode (480)
[2017.04.25-16.40.09:172][800]LogModuleManager: Shutting down and abandoning module GeometryMode (478)
[2017.04.25-16.40.09:172][800]LogModuleManager: Shutting down and abandoning module TextureAlignMode (476)
[2017.04.25-16.40.09:172][800]LogModuleManager: Shutting down and abandoning module BspMode (474)
[2017.04.25-16.40.09:172][800]LogModuleManager: Shutting down and abandoning module HardwareSurvey (472)
[2017.04.25-16.40.09:172][800]LogModuleManager: Shutting down and abandoning module SequenceRecorderSections (470)
[2017.04.25-16.40.09:172][800]LogModuleManager: Shutting down and abandoning module AutomationWorker (468)
[2017.04.25-16.40.09:172][800]LogModuleManager: Shutting down and abandoning module MatineeToLevelSequence (466)
[2017.04.25-16.40.09:172][800]LogModuleManager: Shutting down and abandoning module LevelSequenceEditor (464)
[2017.04.25-16.40.09:172][800]LogModuleManager: Shutting down and abandoning module PlacementMode (463)
[2017.04.25-16.40.09:172][800]LogModuleManager: Shutting down and abandoning module WmfMediaFactory (460)
[2017.04.25-16.40.09:172][800]LogModuleManager: Shutting down and abandoning module WmfMediaEditor (458)
[2017.04.25-16.40.09:172][800]LogModuleManager: Shutting down and abandoning module MfMediaFactory (456)
[2017.04.25-16.40.09:172][800]LogModuleManager: Shutting down and abandoning module MfMediaEditor (454)
[2017.04.25-16.40.09:172][800]LogModuleManager: Shutting down and abandoning module AvfMediaFactory (452)
[2017.04.25-16.40.09:172][800]LogModuleManager: Shutting down and abandoning module AvfMediaEditor (450)
[2017.04.25-16.40.09:172][800]LogModuleManager: Shutting down and abandoning module AndroidMediaFactory (448)
[2017.04.25-16.40.09:172][800]LogModuleManager: Shutting down and abandoning module Media (447)
[2017.04.25-16.40.09:172][800]LogModuleManager: Shutting down and abandoning module AndroidMediaEditor (444)
[2017.04.25-16.40.09:172][800]LogModuleManager: Shutting down and abandoning module CharacterAI (442)
[2017.04.25-16.40.09:172][800]LogModuleManager: Shutting down and abandoning module AudioCapture (440)
[2017.04.25-16.40.09:172][800]LogModuleManager: Shutting down and abandoning module SequenceRecorder (439)
[2017.04.25-16.40.09:172][800]LogModuleManager: Shutting down and abandoning module SmartSnapping (436)
[2017.04.25-16.40.09:172][800]LogModuleManager: Shutting down and abandoning module SessionServices (434)
[2017.04.25-16.40.09:172][800]LogModuleManager: Shutting down and abandoning module ViewportSnapping (432)
[2017.04.25-16.40.09:172][800]LogModuleManager: Shutting down and abandoning module ViewportInteraction (430)
[2017.04.25-16.40.09:172][800]LogModuleManager: Shutting down and abandoning module LogVisualizer (428)
[2017.04.25-16.40.09:173][800]LogModuleManager: Shutting down and abandoning module IntroTutorials (426)
[2017.04.25-16.40.09:173][800]LogModuleManager: Shutting down and abandoning module GameProjectGeneration (425)
[2017.04.25-16.40.09:173][800]LogModuleManager: Shutting down and abandoning module EditorLiveStreaming (422)
[2017.04.25-16.40.09:173][800]LogModuleManager: Shutting down and abandoning module IOSPlatformEditor (420)
[2017.04.25-16.40.09:173][800]LogModuleManager: Shutting down and abandoning module HTML5PlatformEditor (418)
[2017.04.25-16.40.09:173][800]LogModuleManager: Shutting down and abandoning module AndroidPlatformEditor (416)
[2017.04.25-16.40.09:173][800]LogModuleManager: Shutting down and abandoning module AndroidDeviceDetection (415)
[2017.04.25-16.40.09:914][800]LogModuleManager: Shutting down and abandoning module IOSRuntimeSettings (412)
[2017.04.25-16.40.09:914][800]LogModuleManager: Shutting down and abandoning module AndroidRuntimeSettings (410)
[2017.04.25-16.40.09:914][800]LogModuleManager: Shutting down and abandoning module InputBindingEditor (408)
[2017.04.25-16.40.09:914][800]LogModuleManager: Shutting down and abandoning module NiagaraEditor (406)
[2017.04.25-16.40.09:914][800]LogModuleManager: Shutting down and abandoning module MergeActors (404)
[2017.04.25-16.40.09:914][800]LogModuleManager: Shutting down and abandoning module SizeMap (402)
[2017.04.25-16.40.09:914][800]LogModuleManager: Shutting down and abandoning module TreeMap (400)
[2017.04.25-16.40.09:914][800]LogModuleManager: Shutting down and abandoning module ReferenceViewer (398)
[2017.04.25-16.40.09:914][800]LogModuleManager: Shutting down and abandoning module LocalizationDashboard (396)
[2017.04.25-16.40.09:914][800]LogModuleManager: Shutting down and abandoning module LocalizationService (395)
[2017.04.25-16.40.09:914][800]LogModuleManager: Shutting down and abandoning module HardwareTargeting (392)
[2017.04.25-16.40.09:914][800]LogModuleManager: Shutting down and abandoning module DeviceProfileEditor (390)
[2017.04.25-16.40.09:914][800]LogModuleManager: Shutting down and abandoning module UndoHistory (388)
[2017.04.25-16.40.09:914][800]LogModuleManager: Shutting down and abandoning module UserFeedback (386)
[2017.04.25-16.40.09:914][800]LogModuleManager: Shutting down and abandoning module XmlParser (384)
[2017.04.25-16.40.09:914][800]LogModuleManager: Shutting down and abandoning module Blutility (382)
[2017.04.25-16.40.09:914][800]LogModuleManager: Shutting down and abandoning module ProjectSettingsViewer (380)
[2017.04.25-16.40.09:914][800]LogModuleManager: Shutting down and abandoning module ProjectTargetPlatformEditor (379)
[2017.04.25-16.40.09:915][800]LogModuleManager: Shutting down and abandoning module EditorSettingsViewer (376)
[2017.04.25-16.40.09:915][800]LogModuleManager: Shutting down and abandoning module SettingsEditor (374)
[2017.04.25-16.40.09:915][800]LogModuleManager: Shutting down and abandoning module ProjectLauncher (372)
[2017.04.25-16.40.09:915][800]LogModuleManager: Shutting down and abandoning module SessionFrontend (370)
[2017.04.25-16.40.09:915][800]LogModuleManager: Shutting down and abandoning module ProfilerClient (368)
[2017.04.25-16.40.09:915][800]LogModuleManager: Shutting down and abandoning module DeviceManager (366)
[2017.04.25-16.40.09:915][800]LogModuleManager: Shutting down and abandoning module TargetDeviceServices (365)
[2017.04.25-16.40.09:967][800]LogModuleManager: Shutting down and abandoning module AutomationController (362)
[2017.04.25-16.40.09:967][800]LogModuleManager: Shutting down and abandoning module AutomationWindow (360)
[2017.04.25-16.40.09:967][800]LogModuleManager: Shutting down and abandoning module Layers (358)
[2017.04.25-16.40.09:967][800]LogModuleManager: Shutting down and abandoning module ComponentVisualizers (356)
[2017.04.25-16.40.09:967][800]LogModuleManager: Shutting down and abandoning module DetailCustomizations (354)
[2017.04.25-16.40.09:967][800]LogModuleManager: Shutting down and abandoning module PackagesDialog (352)
[2017.04.25-16.40.09:967][800]LogModuleManager: Shutting down and abandoning module Persona (350)
[2017.04.25-16.40.09:968][800]LogModuleManager: Shutting down and abandoning module AnimGraph (349)
[2017.04.25-16.40.09:968][800]LogModuleManager: Shutting down and abandoning module Kismet (346)
[2017.04.25-16.40.09:977][800]LogModuleManager: Shutting down and abandoning module GraphEditor (344)
[2017.04.25-16.40.09:977][800]LogModuleManager: Shutting down and abandoning module ClassViewer (342)
[2017.04.25-16.40.09:977][800]LogModuleManager: Shutting down and abandoning module Toolbox (340)
[2017.04.25-16.40.09:977][800]LogModuleManager: Shutting down and abandoning module ModuleUI (338)
[2017.04.25-16.40.09:977][800]LogModuleManager: Shutting down and abandoning module MovieSceneTools (336)
[2017.04.25-16.40.09:977][800]LogModuleManager: Shutting down and abandoning module OutputLog (334)
[2017.04.25-16.40.09:977][800]LogModuleManager: Shutting down and abandoning module GammaUI (332)
[2017.04.25-16.40.09:977][800]LogModuleManager: Shutting down and abandoning module Documentation (330)
[2017.04.25-16.40.09:977][800]LogModuleManager: Shutting down and abandoning module Niagara (328)
[2017.04.25-16.40.09:977][800]LogModuleManager: Shutting down and abandoning module StreamingPauseRendering (326)
[2017.04.25-16.40.09:977][800]LogModuleManager: Shutting down and abandoning module AnalyticsET (324)
[2017.04.25-16.40.09:977][800]LogModuleManager: Shutting down and abandoning module PortalServices (322)
[2017.04.25-16.40.09:977][800]LogModuleManager: Shutting down and abandoning module PortalRpc (320)
[2017.04.25-16.40.09:977][800]LogModuleManager: Shutting down and abandoning module MessagingRpc (318)
[2017.04.25-16.40.09:977][800]LogModuleManager: Shutting down and abandoning module AIModule (316)
[2017.04.25-16.40.09:977][800]LogModuleManager: Shutting down and abandoning module GameplayDebugger (315)
[2017.04.25-16.40.09:977][800]LogModuleManager: Shutting down and abandoning module AITestSuite (313)
[2017.04.25-16.40.09:977][800]LogModuleManager: Shutting down and abandoning module ProfilerService (310)
[2017.04.25-16.40.10:080][800]LogModuleManager: Shutting down and abandoning module TaskGraph (308)
[2017.04.25-16.40.10:081][800]LogModuleManager: Shutting down and abandoning module UE4Duino (306)
[2017.04.25-16.40.10:081][800]UE4DuinoLog:Warning: UE4Duino: Log Ended
[2017.04.25-16.40.10:081][800]LogModuleManager: Shutting down and abandoning module SteamVRController (304)
[2017.04.25-16.40.10:081][800]LogModuleManager: Shutting down and abandoning module SteamVR (302)
[2017.04.25-16.40.10:081][800]LogModuleManager: Shutting down and abandoning module ProceduralMeshComponentEditor (300)
[2017.04.25-16.40.10:081][800]LogModuleManager: Shutting down and abandoning module ProceduralMeshComponent (298)
[2017.04.25-16.40.10:081][800]LogModuleManager: Shutting down and abandoning module OculusLibrary (296)
[2017.04.25-16.40.10:081][800]LogModuleManager: Shutting down and abandoning module OculusInput (294)
[2017.04.25-16.40.10:081][800]LogModuleManager: Shutting down and abandoning module MobilePatchingUtils (292)
[2017.04.25-16.40.10:081][800]LogModuleManager: Shutting down and abandoning module CustomMeshComponent (290)
[2017.04.25-16.40.10:081][800]LogModuleManager: Shutting down and abandoning module CableComponent (288)
[2017.04.25-16.40.10:081][800]LogModuleManager: Shutting down and abandoning module ArchVisCharacter (286)
[2017.04.25-16.40.10:081][800]LogModuleManager: Shutting down and abandoning module MediaPlayerEditor (282)
[2017.04.25-16.40.10:081][800]LogModuleManager: Shutting down and abandoning module HTML5Networking (280)
[2017.04.25-16.40.10:081][800]LogModuleManager: Shutting down and abandoning module AlembicImporter (278)
[2017.04.25-16.40.10:081][800]LogModuleManager: Shutting down and abandoning module AlembicLibrary (277)
[2017.04.25-16.40.10:081][800]LogModuleManager: Shutting down and abandoning module GeometryCache (276)
[2017.04.25-16.40.10:081][800]LogModuleManager: Shutting down and abandoning module GeometryCacheEd (275)
[2017.04.25-16.40.10:081][800]LogModuleManager: Shutting down and abandoning module SuperSearchEditor (270)
[2017.04.25-16.40.10:081][800]LogModuleManager: Shutting down and abandoning module SuperSearch (269)
[2017.04.25-16.40.10:081][800]LogModuleManager: Shutting down and abandoning module SpeedTreeImporter (266)
[2017.04.25-16.40.10:081][800]LogModuleManager: Shutting down and abandoning module PluginBrowser (264)
[2017.04.25-16.40.10:081][800]LogModuleManager: Shutting down and abandoning module MobileLauncherProfileWizard (262)
[2017.04.25-16.40.10:081][800]LogModuleManager: Shutting down and abandoning module EpicSurvey (260)
[2017.04.25-16.40.10:081][800]LogModuleManager: Shutting down and abandoning module VisualStudioSourceCodeAccess (258)
[2017.04.25-16.40.10:081][800]LogModuleManager: Shutting down and abandoning module DesktopPlatform (257)
[2017.04.25-16.40.10:081][800]LogModuleManager: Shutting down and abandoning module UObjectPlugin (254)
[2017.04.25-16.40.10:081][800]LogModuleManager: Shutting down and abandoning module SubversionSourceControl (252)
[2017.04.25-16.40.10:081][800]LogModuleManager: Shutting down and abandoning module PerforceSourceControl (250)
[2017.04.25-16.40.10:081][800]LogModuleManager: Shutting down and abandoning module GitSourceControl (248)
[2017.04.25-16.40.10:081][800]LogModuleManager: Shutting down and abandoning module SourceControl (247)
[2017.04.25-16.40.10:081][800]LogModuleManager: Shutting down and abandoning module LightPropagationVolumeEditor (244)
[2017.04.25-16.40.10:081][800]LogModuleManager: Shutting down and abandoning module PaperTiledImporter (242)
[2017.04.25-16.40.10:081][800]LogModuleManager: Shutting down and abandoning module PaperSpriteSheetImporter (240)
[2017.04.25-16.40.10:081][800]LogModuleManager: Shutting down and abandoning module Paper2DEditor (238)
[2017.04.25-16.40.10:081][800]LogModuleManager: Shutting down and abandoning module MeshPaint (237)
[2017.04.25-16.40.10:081][800]LogModuleManager: Shutting down and abandoning module LevelEditor (235)
[2017.04.25-16.40.10:082][800]LogModuleManager: Shutting down and abandoning module PixelInspectorModule (234)
[2017.04.25-16.40.10:082][800]LogModuleManager: Shutting down and abandoning module MainFrame (232)
[2017.04.25-16.40.10:082][800]LogModuleManager: Shutting down and abandoning module HotReload (231)
[2017.04.25-16.40.10:082][800]LogDirectoryWatcher: A directory notification for 'C:/Users/rasta/Desktop/ArdunoGame/Binaries/Win64' was aborted.
[2017.04.25-16.40.10:083][800]LogModuleManager: Shutting down and abandoning module ContentBrowser (227)
[2017.04.25-16.40.10:084][800]LogModuleManager: Shutting down and abandoning module ArdunoGame (224)
[2017.04.25-16.40.10:084][800]LogModuleManager: Shutting down and abandoning module PhysXVehiclesEditor (222)
[2017.04.25-16.40.10:084][800]LogModuleManager: Shutting down and abandoning module PhysXVehicles (220)
[2017.04.25-16.40.10:084][800]LogModuleManager: Shutting down and abandoning module LocationServicesBPLibrary (218)
[2017.04.25-16.40.10:084][800]LogModuleManager: Shutting down and abandoning module UdpMessaging (216)
[2017.04.25-16.40.10:184][800]LogModuleManager: Shutting down and abandoning module TcpMessaging (214)
[2017.04.25-16.40.10:284][800]LogModuleManager: Shutting down and abandoning module GameplayTagsEditor (212)
[2017.04.25-16.40.10:284][800]LogModuleManager: Shutting down and abandoning module FacialAnimationEditor (210)
[2017.04.25-16.40.10:284][800]LogModuleManager: Shutting down and abandoning module FacialAnimation (208)
[2017.04.25-16.40.10:284][800]LogModuleManager: Shutting down and abandoning module LightPropagationVolumeRuntime (206)
[2017.04.25-16.40.10:284][800]LogModuleManager: Shutting down and abandoning module Paper2D (204)
[2017.04.25-16.40.10:284][800]LogModuleManager: Shutting down and abandoning module WindowsMoviePlayer (202)
[2017.04.25-16.40.10:284][800]LogModuleManager: Shutting down and abandoning module WmfMedia (200)
[2017.04.25-16.40.10:284][800]LogModuleManager: Shutting down and abandoning module MfMedia (198)
[2017.04.25-16.40.10:284][800]LogModuleManager: Shutting down and abandoning module MediaAssets (196)
[2017.04.25-16.40.10:284][800]LogModuleManager: Shutting down and abandoning module GameLiveStreaming (194)
[2017.04.25-16.40.10:284][800]LogModuleManager: Shutting down and abandoning module VREditor (192)
[2017.04.25-16.40.10:284][800]LogModuleManager: Shutting down and abandoning module GameplayTasksEditor (190)
[2017.04.25-16.40.10:284][800]LogModuleManager: Shutting down and abandoning module BehaviorTreeEditor (188)
[2017.04.25-16.40.10:284][800]LogModuleManager: Shutting down and abandoning module FunctionalTesting (186)
[2017.04.25-16.40.10:285][800]LogModuleManager: Shutting down and abandoning module CollisionAnalyzer (184)
[2017.04.25-16.40.10:285][800]LogModuleManager: Shutting down and abandoning module UMG (182)
[2017.04.25-16.40.10:285][800]LogModuleManager: Shutting down and abandoning module UMGEditor (181)
[2017.04.25-16.40.10:285][800]LogModuleManager: Shutting down and abandoning module Sequencer (180)
[2017.04.25-16.40.10:285][800]LogModuleManager: Shutting down and abandoning module AssetTools (178)
[2017.04.25-16.40.10:285][800]LogModuleManager: Shutting down and abandoning module MessageLog (177)
[2017.04.25-16.40.10:285][800]LogModuleManager: Shutting down and abandoning module WorkspaceMenuStructure (176)
[2017.04.25-16.40.10:285][800]LogModuleManager: Shutting down and abandoning module SlateReflector (170)
[2017.04.25-16.40.10:285][800]LogModuleManager: Shutting down and abandoning module Slate (168)
[2017.04.25-16.40.10:285][800]LogModuleManager: Shutting down and abandoning module EditorStyle (166)
[2017.04.25-16.40.10:289][800]LogModuleManager: Shutting down and abandoning module SourceCodeAccess (164)
[2017.04.25-16.40.10:289][800]LogModuleManager: Shutting down and abandoning module HeadMountedDisplay (162)
[2017.04.25-16.40.10:289][800]LogModuleManager: Shutting down and abandoning module XAudio2 (160)
[2017.04.25-16.40.10:289][800]LogModuleManager: Shutting down and abandoning module Networking (158)
[2017.04.25-16.40.10:289][800]LogModuleManager: Shutting down and abandoning module Core (154)
[2017.04.25-16.40.10:289][800]LogModuleManager: Shutting down and abandoning module AssetRegistry (152)
[2017.04.25-16.40.10:389][800]LogDirectoryWatcher: A directory notification for '../../../Engine/Content/' was aborted.
[2017.04.25-16.40.10:389][800]LogDirectoryWatcher: A directory notification for '../../../../../../Users/rasta/Desktop/ArdunoGame/Content/' was aborted.
[2017.04.25-16.40.10:389][800]LogDirectoryWatcher: A directory notification for '../../../Engine/Plugins/2D/Paper2D/Content/' was aborted.
[2017.04.25-16.40.10:389][800]LogModuleManager: Shutting down and abandoning module DirectoryWatcher (151)
[2017.04.25-16.40.10:390][800]LogModuleManager: Shutting down and abandoning module KismetCompiler (148)
[2017.04.25-16.40.10:390][800]LogModuleManager: Shutting down and abandoning module PhysXFormats (146)
[2017.04.25-16.40.10:390][800]LogModuleManager: Shutting down and abandoning module MeshUtilities (144)
[2017.04.25-16.40.10:390][800]LogModuleManager: Shutting down and abandoning module SimplygonSwarm (143)
[2017.04.25-16.40.10:390][800]LogModuleManager: Shutting down and abandoning module SimplygonMeshReduction (141)
[2017.04.25-16.40.10:390][800]LogModuleManager: Shutting down and abandoning module QuadricMeshReduction (139)
[2017.04.25-16.40.10:390][800]LogModuleManager: Shutting down and abandoning module PropertyEditor (137)
[2017.04.25-16.40.10:390][800]LogModuleManager: Shutting down and abandoning module DerivedDataCache (134)
[2017.04.25-16.40.10:419][800]LogDerivedDataCache: Shutdown
[2017.04.25-16.40.10:419][800]LogModuleManager: Shutting down and abandoning module TargetPlatform (132)
[2017.04.25-16.40.10:419][800]LogModuleManager: Shutting down and abandoning module VulkanShaderFormat (131)
[2017.04.25-16.40.10:419][800]LogModuleManager: Shutting down and abandoning module ShaderFormatOpenGL (129)
[2017.04.25-16.40.10:419][800]LogModuleManager: Shutting down and abandoning module ShaderFormatD3D (127)
[2017.04.25-16.40.10:419][800]LogModuleManager: Shutting down and abandoning module MetalShaderFormat (125)
[2017.04.25-16.40.10:419][800]LogModuleManager: Shutting down and abandoning module TextureFormatUncompressed (123)
[2017.04.25-16.40.10:419][800]LogModuleManager: Shutting down and abandoning module TextureFormatPVR (121)
[2017.04.25-16.40.10:419][800]LogModuleManager: Shutting down and abandoning module TextureFormatDXT (119)
[2017.04.25-16.40.10:419][800]LogModuleManager: Shutting down and abandoning module TextureFormatIntelISPCTexComp (117)
[2017.04.25-16.40.10:419][800]LogModuleManager: Shutting down and abandoning module TextureFormatASTC (115)
[2017.04.25-16.40.10:419][800]LogModuleManager: Shutting down and abandoning module ImageWrapper (114)
[2017.04.25-16.40.10:419][800]LogModuleManager: Shutting down and abandoning module TextureFormatAndroid (111)
[2017.04.25-16.40.10:419][800]LogModuleManager: Shutting down and abandoning module AudioFormatOpus (109)
[2017.04.25-16.40.10:419][800]LogModuleManager: Shutting down and abandoning module AudioFormatOgg (107)
[2017.04.25-16.40.10:419][800]LogModuleManager: Shutting down and abandoning module AudioFormatADPCM (105)
[2017.04.25-16.40.10:419][800]LogModuleManager: Shutting down and abandoning module LinuxTargetPlatform (103)
[2017.04.25-16.40.10:419][800]LogModuleManager: Shutting down and abandoning module LinuxServerTargetPlatform (101)
[2017.04.25-16.40.10:419][800]LogModuleManager: Shutting down and abandoning module LinuxNoEditorTargetPlatform (99)
[2017.04.25-16.40.10:419][800]LogModuleManager: Shutting down and abandoning module LinuxClientTargetPlatform (97)
[2017.04.25-16.40.10:419][800]LogModuleManager: Shutting down and abandoning module TVOSTargetPlatform (95)
[2017.04.25-16.40.10:419][800]LogModuleManager: Shutting down and abandoning module Messaging (93)
[2017.04.25-16.40.10:419][800]LogModuleManager: Shutting down and abandoning module IOSTargetPlatform (91)
[2017.04.25-16.40.10:419][800]LogModuleManager: Shutting down and abandoning module HTML5TargetPlatform (89)
[2017.04.25-16.40.10:419][800]LogModuleManager: Shutting down and abandoning module Android_PVRTCTargetPlatform (87)
[2017.04.25-16.40.10:419][800]LogModuleManager: Shutting down and abandoning module Android_MultiTargetPlatform (85)
[2017.04.25-16.40.10:419][800]LogModuleManager: Shutting down and abandoning module Android_ETC2TargetPlatform (83)
[2017.04.25-16.40.10:419][800]LogModuleManager: Shutting down and abandoning module Android_ETC1TargetPlatform (81)
[2017.04.25-16.40.10:419][800]LogModuleManager: Shutting down and abandoning module Android_DXTTargetPlatform (79)
[2017.04.25-16.40.10:419][800]LogModuleManager: Shutting down and abandoning module Android_ATCTargetPlatform (77)
[2017.04.25-16.40.10:419][800]LogModuleManager: Shutting down and abandoning module Android_ASTCTargetPlatform (75)
[2017.04.25-16.40.10:419][800]LogModuleManager: Shutting down and abandoning module AndroidTargetPlatform (73)
[2017.04.25-16.40.10:419][800]LogModuleManager: Shutting down and abandoning module WindowsTargetPlatform (71)
[2017.04.25-16.40.10:419][800]LogModuleManager: Shutting down and abandoning module WindowsServerTargetPlatform (69)
[2017.04.25-16.40.10:419][800]LogModuleManager: Shutting down and abandoning module WindowsNoEditorTargetPlatform (67)
[2017.04.25-16.40.10:419][800]LogModuleManager: Shutting down and abandoning module WindowsClientTargetPlatform (65)
[2017.04.25-16.40.10:419][800]LogModuleManager: Shutting down and abandoning module MacTargetPlatform (63)
[2017.04.25-16.40.10:419][800]LogModuleManager: Shutting down and abandoning module MacServerTargetPlatform (61)
[2017.04.25-16.40.10:419][800]LogModuleManager: Shutting down and abandoning module MacNoEditorTargetPlatform (59)
[2017.04.25-16.40.10:419][800]LogModuleManager: Shutting down and abandoning module MacClientTargetPlatform (57)
[2017.04.25-16.40.10:419][800]LogModuleManager: Shutting down and abandoning module AllDesktopTargetPlatform (55)
[2017.04.25-16.40.10:419][800]LogModuleManager: Shutting down and abandoning module InputCore (52)
[2017.04.25-16.40.10:419][800]LogModuleManager: Shutting down and abandoning module Settings (50)
[2017.04.25-16.40.10:419][800]LogModuleManager: Shutting down and abandoning module OculusRift (48)
[2017.04.25-16.40.10:419][800]LogModuleManager: Shutting down and abandoning module GearVR (46)
[2017.04.25-16.40.10:419][800]LogModuleManager: Shutting down and abandoning module ExampleDeviceProfileSelector (44)
[2017.04.25-16.40.10:419][800]LogModuleManager: Shutting down and abandoning module OnlineBlueprintSupport (42)
[2017.04.25-16.40.10:419][800]LogModuleManager: Shutting down and abandoning module OnlineSubsystem (38)
[2017.04.25-16.40.10:419][800]LogOnline:Display: Unloading online subsystem: NULL
[2017.04.25-16.40.10:419][800]LogModuleManager: Shutting down and abandoning module XMPP (37)
[2017.04.25-16.40.10:419][800]LogModuleManager: Shutting down and abandoning module HTTP (35)
[2017.04.25-16.40.10:419][800]LogHttp:Display: Http module shutting down, but needs to wait on 1 outstanding Http requests:
[2017.04.25-16.40.10:419][800]LogHttp:Display: 	verb=[POST] url=[https://datarouter.ol.epicgames.com/datarouter/api/v1/public/data?SessionID=%7B28AB18CB-4036-3F15-3022-3A87D53E77BD%7D&AppID=UEEditor.Rocket.Release&AppVersion=4.15.1-3348071%2B%2B%2BUE4%2BRelease-4.15&UserID=02f34fd04642e422d35bafa41a4e8c6d%7C7f6ef8d628314cb5a467967ba286e7f7%7Cd2ebd992-1792-4692-891e-ca304229e822&AppEnvironment=datacollector-binary&UploadType=eteventstream] status=Processing
[2017.04.25-16.40.10:428][800]LogModuleManager: Shutting down and abandoning module SSL (34)
[2017.04.25-16.40.10:430][800]LogModuleManager: Shutting down and abandoning module AudioEditor (30)
[2017.04.25-16.40.10:430][800]LogModuleManager: Shutting down and abandoning module TextureCompressor (28)
[2017.04.25-16.40.10:430][800]LogModuleManager: Shutting down and abandoning module ShaderCore (26)
[2017.04.25-16.40.10:430][800]LogModuleManager: Shutting down and abandoning module Landscape (24)
[2017.04.25-16.40.10:430][800]LogModuleManager: Shutting down and abandoning module SlateRHIRenderer (22)
[2017.04.25-16.40.10:432][800]LogModuleManager: Shutting down and abandoning module OpenGLDrv (20)
[2017.04.25-16.40.10:432][800]LogModuleManager: Shutting down and abandoning module D3D11RHI (18)
[2017.04.25-16.40.10:432][800]LogModuleManager: Shutting down and abandoning module AnimGraphRuntime (16)
[2017.04.25-16.40.10:432][800]LogModuleManager: Shutting down and abandoning module Renderer (14)
[2017.04.25-16.40.10:432][800]LogModuleManager: Shutting down and abandoning module Engine (12)
[2017.04.25-16.40.10:432][800]LogModuleManager: Shutting down and abandoning module CoreUObject (10)
[2017.04.25-16.40.10:432][800]LogModuleManager: Shutting down and abandoning module NetworkFile (8)
[2017.04.25-16.40.10:432][800]LogModuleManager: Shutting down and abandoning module StreamingFile (6)
[2017.04.25-16.40.10:432][800]LogModuleManager: Shutting down and abandoning module SandboxFile (4)
[2017.04.25-16.40.10:432][800]LogModuleManager: Shutting down and abandoning module PakFile (2)
[2017.04.25-16.40.10:435][800]LogExit: Exiting.
[2017.04.25-16.40.10:437][800]Log file closed, 04/25/17 17:40:10
