Log file open, 04/25/17 18:07:51
LogInit:Display: Running engine for game: ArdunoGame
LogPlatformFile: Not using cached read wrapper
LogInit:Display: RandInit(-536574827) SRandInit(-536574827).
LogTaskGraph: Started task graph with 5 named threads and 8 total threads with 1 sets of task threads.
LogStats: Stats thread started at 0.138790
LogInit: Using libcurl 7.47.1
LogInit:  - built for x86_64-pc-win32
LogInit:  - supports SSL with OpenSSL/1.0.2g
LogInit:  - supports HTTP deflate (compression) using libz 1.2.8
LogInit:  - other features:
LogInit:      CURL_VERSION_SSL
LogInit:      CURL_VERSION_LIBZ
LogInit:      CURL_VERSION_IPV6
LogInit:      CURL_VERSION_ASYNCHDNS
LogInit:      CURL_VERSION_LARGEFILE
LogInit:      CURL_VERSION_IDN
LogInit:  CurlRequestOptions (configurable via config and command line):
LogInit:  - bVerifyPeer = false  - Libcurl will NOT verify peer certificate
LogInit:  - bUseHttpProxy = false  - Libcurl will NOT use HTTP proxy
LogInit:  - bDontReuseConnections = false  - Libcurl will reuse connections
LogInit:  - CertBundlePath = nullptr  - Libcurl will use whatever was configured at build time.
LogInit: Build: ++UE4+Release-4.15-CL-3348071
LogInit: Engine Version: 4.15.1-3348071+++UE4+Release-4.15
LogInit: Compatible Engine Version: 4.15.0-3299760+++UE4+Release-4.15
LogInit: Net CL: 3299760
LogDevObjectVersion: Number of dev versions registered: 14
LogDevObjectVersion:   Dev-Blueprints (B0D832E4-1F89-4F0D-ACCF-7EB736FD4AA2): 8
LogDevObjectVersion:   Dev-Build (E1C64328-A22C-4D53-A36C-8E866417BD8C): 0
LogDevObjectVersion:   Dev-Core (375EC13C-06E4-48FB-B500-84F0262A717E): 2
LogDevObjectVersion:   Dev-Editor (E4B068ED-F494-42E9-A231-DA0B2E46BB41): 14
LogDevObjectVersion:   Dev-Framework (CFFC743F-43B0-4480-9391-14DF171D2073): 22
LogDevObjectVersion:   Dev-Mobile (B02B49B5-BB20-44E9-A304-32B752E40360): 0
LogDevObjectVersion:   Dev-Networking (A4E4105C-59A1-49B5-A7C5-40C4547EDFEE): 0
LogDevObjectVersion:   Dev-Online (39C831C9-5AE6-47DC-9A44-9C173E1C8E7C): 0
LogDevObjectVersion:   Dev-Physics (78F01B33-EBEA-4F98-B9B4-84EACCB95AA2): 0
LogDevObjectVersion:   Dev-Platform (6631380F-2D4D-43E0-8009-CF276956A95A): 0
LogDevObjectVersion:   Dev-Rendering (12F88B9F-8875-4AFC-A67C-D90C383ABD29): 12
LogDevObjectVersion:   Dev-Sequencer (7B5AE74C-D270-4C10-A958-57980B212A5A): 3
LogDevObjectVersion:   Dev-VR (D7296918-1DD6-4BDD-9DE2-64A83CC13884): 0
LogDevObjectVersion:   Dev-LoadTimes (C2A15278-BFE7-4AFE-6C17-90FF531DF755): 1
LogInit: Compiled (64-bit): Mar 15 2017 16:52:47
LogInit: Compiled with Visual C++: 19.00.23026.00
LogInit: Build Configuration: Development
LogInit: Branch Name: ++UE4+Release-4.15
LogInit: Command line: -EpicPortal 
LogInit: Base directory: C:/Program Files/Epic Games/UE_4.15/Engine/Binaries/Win64/
LogInit: Installed Engine Build: 1
LogInit: Presizing for max 8388607 objects, including 0 objects not considered by GC, pre-allocating 0 bytes for permanent pool.
LogInit: Object subsystem initialized
[2017.04.25-17.07.53:553][  0]LogInit: Selected Device Profile: [Windows]
[2017.04.25-17.07.53:553][  0]LogInit: Applying CVar settings loaded from the selected device profile: [Windows]
[2017.04.25-17.07.53:565][  0]LogInit: Computer: DESKTOP-RFGC7MG
[2017.04.25-17.07.53:565][  0]LogInit: User: rasta
[2017.04.25-17.07.53:565][  0]LogInit: CPU Page size=65536, Cores=4
[2017.04.25-17.07.53:565][  0]LogInit: High frequency timer resolution =2.435776 MHz
[2017.04.25-17.07.53:565][  0]LogMemory: Memory total: Physical=15.9GB (16GB approx)
[2017.04.25-17.07.53:565][  0]LogMemory: Platform Memory Stats for Windows
[2017.04.25-17.07.53:565][  0]LogMemory: Process Physical Memory: 263.72 MB used, 263.72 MB peak
[2017.04.25-17.07.53:565][  0]LogMemory: Process Virtual Memory: 262.34 MB used, 262.34 MB peak
[2017.04.25-17.07.53:565][  0]LogMemory: Physical Memory: 5951.24 MB used,  10349.11 MB free, 16300.36 MB total
[2017.04.25-17.07.53:565][  0]LogMemory: Virtual Memory: 644.98 MB used,  10349.11 MB free, 134217728.00 MB total
[2017.04.25-17.07.53:746][  0]LogTextLocalizationManager: No specific translations for ('en-GB') exist, so ('en') translations will be used.
[2017.04.25-17.07.54:867][  0]LogD3D11RHI: D3D11 adapters:
[2017.04.25-17.07.56:033][  0]LogD3D11RHI:    0. 'NVIDIA GeForce GTX 860M' (Feature Level 11_0)
[2017.04.25-17.07.56:033][  0]LogD3D11RHI:       2019/0/8150 MB DedicatedVideo/DedicatedSystem/SharedSystem, Outputs:1, VendorId:0x10de
[2017.04.25-17.07.56:045][  0]LogD3D11RHI:    1. 'Intel(R) HD Graphics 4600' (Feature Level 11_0)
[2017.04.25-17.07.56:046][  0]LogD3D11RHI:       112/0/2048 MB DedicatedVideo/DedicatedSystem/SharedSystem, Outputs:0, VendorId:0x8086
[2017.04.25-17.07.56:048][  0]LogD3D11RHI:    2. 'Microsoft Basic Render Driver' (Feature Level 11_0)
[2017.04.25-17.07.56:048][  0]LogD3D11RHI:       0/0/8150 MB DedicatedVideo/DedicatedSystem/SharedSystem, Outputs:0, VendorId:0x1414
[2017.04.25-17.07.56:048][  0]LogD3D11RHI: Chosen D3D11 Adapter: 0
[2017.04.25-17.07.56:058][  0]LogD3D11RHI: Creating new Direct3DDevice
[2017.04.25-17.07.56:058][  0]LogD3D11RHI:     GPU DeviceId: 0x1392 (for the marketing name, search the web for "GPU Device Id")
[2017.04.25-17.07.56:058][  0]LogWindows: EnumDisplayDevices:
[2017.04.25-17.07.56:059][  0]LogWindows:    0. 'Intel(R) HD Graphics 4600' (P:1 D:1)
[2017.04.25-17.07.56:059][  0]LogWindows:    1. 'Intel(R) HD Graphics 4600' (P:0 D:0)
[2017.04.25-17.07.56:059][  0]LogWindows:    2. 'Intel(R) HD Graphics 4600' (P:0 D:0)
[2017.04.25-17.07.56:059][  0]LogWindows: DebugString: PrimaryIsNotTheChoosenAdapter PrimaryIsNotTheChoosenAdapter PrimaryIsNotTheChoosenAdapter FoundDriverCount:0 
[2017.04.25-17.07.56:059][  0]LogD3D11RHI:     Adapter Name: NVIDIA GeForce GTX 860M
[2017.04.25-17.07.56:059][  0]LogD3D11RHI:   Driver Version: Unknown (internal:Unknown, unified:Unknown)
[2017.04.25-17.07.56:059][  0]LogD3D11RHI:      Driver Date: Unknown
[2017.04.25-17.07.56:059][  0]LogRHI: Texture pool is 1361 MB (70% of 1945 MB)
[2017.04.25-17.07.56:936][  0]LogD3D11RHI: Async texture creation enabled
[2017.04.25-17.07.57:102][  0]LogD3D11RHI: GPU Timing Frequency: 1000.000000 (Debug: 2 1)
[2017.04.25-17.07.57:103][  0]LogShaderCompilers: Guid format shader working directory is -2 characters bigger than the processId version (../../../../../../Users/rasta/Desktop/ArdunoGame/Intermediate/Shaders/WorkingDirectory/6400/).
[2017.04.25-17.07.57:104][  0]LogShaderCompilers: Cleaned the shader compiler working directory 'C:/Users/rasta/AppData/Local/Temp/UnrealShaderWorkingDir/EC1B998D40EE03D92136A1B190CEE4A4/'.
[2017.04.25-17.07.57:104][  0]LogShaderCompilers:Display: Using Local Shader Compiler.
[2017.04.25-17.07.59:196][  0]LogTemp:Display: Loaded TP AllDesktopTargetPlatform
[2017.04.25-17.07.59:359][  0]LogTemp:Display: Loaded TP MacClientTargetPlatform
[2017.04.25-17.07.59:524][  0]LogTemp:Display: Loaded TP MacNoEditorTargetPlatform
[2017.04.25-17.07.59:705][  0]LogTemp:Display: Loaded TP MacServerTargetPlatform
[2017.04.25-17.07.59:885][  0]LogTemp:Display: Loaded TP MacTargetPlatform
[2017.04.25-17.08.00:053][  0]LogTemp:Display: Loaded TP WindowsClientTargetPlatform
[2017.04.25-17.08.00:221][  0]LogTemp:Display: Loaded TP WindowsNoEditorTargetPlatform
[2017.04.25-17.08.00:380][  0]LogTemp:Display: Loaded TP WindowsServerTargetPlatform
[2017.04.25-17.08.00:520][  0]LogTemp:Display: Loaded TP WindowsTargetPlatform
[2017.04.25-17.08.00:674][  0]LogTemp:Display: Loaded TP AndroidTargetPlatform
[2017.04.25-17.08.00:879][  0]LogTemp:Display: Loaded TP Android_ASTCTargetPlatform
[2017.04.25-17.08.01:063][  0]LogTemp:Display: Loaded TP Android_ATCTargetPlatform
[2017.04.25-17.08.01:235][  0]LogTemp:Display: Loaded TP Android_DXTTargetPlatform
[2017.04.25-17.08.01:405][  0]LogTemp:Display: Loaded TP Android_ETC1TargetPlatform
[2017.04.25-17.08.01:573][  0]LogTemp:Display: Loaded TP Android_ETC2TargetPlatform
[2017.04.25-17.08.01:930][  0]LogTemp:Display: Loaded TP Android_MultiTargetPlatform
[2017.04.25-17.08.01:931][  0]LogTemp:Display: Loaded TP Android_PVRTCTargetPlatform
[2017.04.25-17.08.02:081][  0]LogTemp:Display: Loaded TP HTML5TargetPlatform
[2017.04.25-17.08.02:345][  0]LogTemp:Display: Loaded TP IOSTargetPlatform
[2017.04.25-17.08.02:409][  0]LogTemp:Display: Loaded TP TVOSTargetPlatform
[2017.04.25-17.08.02:584][  0]LogTemp:Display: Loaded TP LinuxClientTargetPlatform
[2017.04.25-17.08.02:750][  0]LogTemp:Display: Loaded TP LinuxNoEditorTargetPlatform
[2017.04.25-17.08.02:931][  0]LogTemp:Display: Loaded TP LinuxServerTargetPlatform
[2017.04.25-17.08.03:101][  0]LogTemp:Display: Loaded TP LinuxTargetPlatform
[2017.04.25-17.08.03:101][  0]LogTargetPlatformManager:Display: Building Assets For Windows
[2017.04.25-17.08.04:261][  0]LogDerivedDataCache:Display: Max Cache Size: 512 MB
[2017.04.25-17.08.04:339][  0]LogDerivedDataCache: Loaded boot cache 0.08s 50MB C:/Users/rasta/AppData/Local/UnrealEngine/4.15/DerivedDataCache/Boot.ddc.
[2017.04.25-17.08.04:340][  0]LogDerivedDataCache:Display: Loaded Boot cache: C:/Users/rasta/AppData/Local/UnrealEngine/4.15/DerivedDataCache/Boot.ddc
[2017.04.25-17.08.04:340][  0]LogDerivedDataCache: FDerivedDataBackendGraph:  Pak pak cache file ../../../../../../Users/rasta/Desktop/ArdunoGame/DerivedDataCache/DDC.ddp not found, will not use a pak cache.
[2017.04.25-17.08.04:340][  0]LogDerivedDataCache: Unable to find inner node Pak for hierarchical cache Hierarchy.
[2017.04.25-17.08.04:340][  0]LogDerivedDataCache: FDerivedDataBackendGraph:  CompressedPak pak cache file ../../../../../../Users/rasta/Desktop/ArdunoGame/DerivedDataCache/Compressed.ddp not found, will not use a pak cache.
[2017.04.25-17.08.04:340][  0]LogDerivedDataCache: Unable to find inner node CompressedPak for hierarchical cache Hierarchy.
[2017.04.25-17.08.04:368][  0]LogDerivedDataCache:Display: Pak cache opened for reading ../../../Engine/DerivedDataCache/Compressed.ddp.
[2017.04.25-17.08.04:381][  0]LogDerivedDataCache: Using Local data cache path C:/Users/rasta/AppData/Local/UnrealEngine/Common/DerivedDataCache: Writable
[2017.04.25-17.08.04:396][  0]LogSlate: Using Freetype 2.6.0
[2017.04.25-17.08.04:396][  0]LogSlate: SlateFontCache - WITH_FREETYPE: 1, WITH_HARFBUZZ: 1
[2017.04.25-17.08.04:396][  0]LogSlate: SlateFontCache - WITH_FREETYPE: 1, WITH_HARFBUZZ: 1
[2017.04.25-17.08.05:061][  0]LogInit: Selected Device Profile: [Windows]
[2017.04.25-17.08.05:065][  0]LogContentStreaming: Texture pool size is 0.00 MB
[2017.04.25-17.08.05:608][  0]LogMeshUtilities: Using QuadricMeshReduction for automatic static mesh reduction
[2017.04.25-17.08.05:768][  0]LogSimplygon: Simplygon DLL not present - disabling.
[2017.04.25-17.08.05:916][  0]LogMeshUtilities: Using SimplygonSwarm for distributed automatic mesh merging
[2017.04.25-17.08.05:916][  0]LogMeshUtilities: No automatic skeletal mesh reduction module available
[2017.04.25-17.08.05:916][  0]LogMeshUtilities: No automatic mesh merging module available
[2017.04.25-17.08.06:975][  0]LogNetVersion: GetLocalNetworkVersion: CL: 3299760, ProjectName: ardunogame, ProjectVersion: , EngineNetworkVersion: 2, GameNetworkVersion: 0, NetworkChecksum: 3529948824
[2017.04.25-17.08.07:042][  0]LogAssetRegistry: FAssetRegistry took 0.0227 seconds to start up
[2017.04.25-17.08.07:111][  0]LogPackageLocalizationCache: Processed 3 localized package path(s) for 2 prioritized culture(s) in 0.025928 seconds
[2017.04.25-17.08.07:119][  0]LogUObjectArray: 32493 objects as part of root set at end of initial load.
[2017.04.25-17.08.07:119][  0]LogUObjectAllocator: 7077024 out of 0 bytes used by permanent object pool.
[2017.04.25-17.08.07:119][  0]LogUObjectArray: CloseDisregardForGC: 0/0 objects in disregard for GC pool
[2017.04.25-17.08.07:226][  0]LogInit: WinSock: version 1.1 (2.2), MaxSocks=32767, MaxUdp=65467
[2017.04.25-17.08.11:378][  0]LogTcpMessaging: Initializing TcpMessaging bridge
[2017.04.25-17.08.11:444][  0]LogUdpMessaging: Initializing bridge on interface 0.0.0.0:0 to multicast group 230.0.0.1:6666.
[2017.04.25-17.08.12:840][  0]LogMaterial: Uniform references updated for custom material expression Custom.
[2017.04.25-17.08.13:931][  0]SourceControl: Info Source control is disabled
[2017.04.25-17.08.14:063][  0]SourceControl: Info Source control is disabled
[2017.04.25-17.08.14:207][  0]SourceControl: Info Source control is disabled
[2017.04.25-17.08.14:351][  0]SourceControl: Info Source control is disabled
[2017.04.25-17.08.15:132][  0]LogLinker:Warning: Can't find file '/Game/ThirdPersonBP/ThirdPersonOverview'
[2017.04.25-17.08.15:132][  0]LogLinker:Warning: Can't find file '/Game/ThirdPersonBP/ThirdPersonOverview'
[2017.04.25-17.08.15:132][  0]LogUObjectGlobals:Warning: Failed to find object 'Class /Game/ThirdPersonBP/ThirdPersonOverview.ThirdPersonOverview_C'
[2017.04.25-17.08.17:791][  0]UE4DuinoLog:Warning: UE4Duino: Log Started
[2017.04.25-17.08.18:028][  0]LogEngine: Initializing Engine...
[2017.04.25-17.08.18:028][  0]LogHMD: Failed to initialize OpenVR with code 110
[2017.04.25-17.08.18:582][  0]LogAIModule: Creating AISystem for world Untitled
[2017.04.25-17.08.18:595][  0]LogInit: XAudio2 using 'Speakers (Realtek High Definition Audio)' : 2 channels at 48 kHz using 16 bits per sample (channel mask 0x3)
[2017.04.25-17.08.18:626][  0]LogInit: FAudioDevice initialized.
[2017.04.25-17.08.18:659][  0]LogDerivedDataCache: Saved boot cache 0.03s 50MB C:/Users/rasta/AppData/Local/UnrealEngine/4.15/DerivedDataCache/Boot.ddc.
[2017.04.25-17.08.18:667][  0]LogInit: Texture streaming: Enabled
[2017.04.25-17.08.18:841][  0]LogEngineSessionManager: EngineSessionManager initialized
[2017.04.25-17.08.19:116][  0]LogInit: Transaction tracking system initialized
[2017.04.25-17.08.20:245][  0]BlueprintLog: New page: Editor Load
[2017.04.25-17.08.22:847][  0]LocalizationService: Info Localization service is disabled
[2017.04.25-17.08.25:116][  0]LogConsoleResponse:Display: 
[2017.04.25-17.08.25:399][  0]LogCook:Display: Max memory allowance for cook 16384mb min free memory 0mb
[2017.04.25-17.08.25:399][  0]LogCook:Display: Mobile HDR setting 1
[2017.04.25-17.08.25:952][  0]LogFileCache: Scanning file cache for directory 'C:/Users/rasta/Desktop/ArdunoGame/Content/' took 0.02s
[2017.04.25-17.08.28:663][  0]SourceControl: Info Source control is disabled
[2017.04.25-17.08.28:664][  0]Cmd: MAP LOAD FILE="../../../../../../Users/rasta/Desktop/ArdunoGame/Content/2DSideScrollerCPP/Maps/2DSideScrollerExampleMap.umap" TEMPLATE=0 SHOWPROGRESS=1 FEATURELEVEL=3
[2017.04.25-17.08.28:664][  0]LightingResults: New page: Lighting Build
[2017.04.25-17.08.28:795][  0]MapCheck: New page: Map Check
[2017.04.25-17.08.28:795][  0]LightingResults: New page: Lighting Build
[2017.04.25-17.08.29:033][  0]LogAIModule: Creating AISystem for world 2DSideScrollerExampleMap
[2017.04.25-17.08.29:062][  0]LogEditorServer: Finished looking for orphan Actors (0.000 secs)
[2017.04.25-17.08.29:063][  0]Cmd: MAP CHECKDEP NOCLEARLOG
[2017.04.25-17.08.29:115][  0]MapCheck: Info Map check complete: 0 Error(s), 0 Warning(s), took 52.038ms to complete.
[2017.04.25-17.08.29:115][  0]LogFileHelpers: Loading map '2DSideScrollerExampleMap' took 0.451
[2017.04.25-17.08.29:435][  0]LogCollectionManager: Loaded 0 collections in 0.003926 seconds
[2017.04.25-17.08.29:604][  0]LogFileCache: Scanning file cache for directory 'C:/Users/rasta/Desktop/ArdunoGame/Saved/Collections/' took 0.01s
[2017.04.25-17.08.29:604][  0]LogFileCache: Scanning file cache for directory 'C:/Users/rasta/Desktop/ArdunoGame/Content/Developers/rasta/Collections/' took 0.01s
[2017.04.25-17.08.29:604][  0]LogFileCache: Scanning file cache for directory 'C:/Users/rasta/Desktop/ArdunoGame/Content/Collections/' took 0.01s
[2017.04.25-17.08.29:604][  0]LogCollectionManager: Rebuilt the GUID cache for 0 collections in 0.000002 seconds
[2017.04.25-17.08.29:619][  0]LogContentBrowser: Native class hierarchy populated in 0.0146 seconds. Added 2248 classes and 458 folders.
[2017.04.25-17.08.29:623][  0]LogStats: UGameplayTagsManager::ConstructGameplayTagTree: Construct from data asset -  0.000 s
[2017.04.25-17.08.29:623][  0]LogStats: UGameplayTagsManager::ConstructGameplayTagTree: GameplayTagTreeChangedEvent.Broadcast -  0.000 s
[2017.04.25-17.08.29:792][  0]LogContentBrowser: Native class hierarchy updated for 'WidgetCarousel' in 0.0021 seconds. Added 0 classes and 0 folders.
[2017.04.25-17.08.29:848][  0]LogContentBrowser: Native class hierarchy updated for 'AddContentDialog' in 0.0021 seconds. Added 0 classes and 0 folders.
[2017.04.25-17.08.29:982][  0]LogContentBrowser: Native class hierarchy updated for 'SceneOutliner' in 0.0020 seconds. Added 1 classes and 2 folders.
[2017.04.25-17.08.30:064][  0]LogCrashTracker: Crashtracker disabled due to settings.
[2017.04.25-17.08.30:075][  0]LogUObjectGlobals:Warning: Failed to find object 'Class None.'
[2017.04.25-17.08.30:234][  0]LogContentBrowser: Native class hierarchy updated for 'HierarchicalLODOutliner' in 0.0024 seconds. Added 1 classes and 2 folders.
[2017.04.25-17.08.30:234][  0]LogLoad: (Engine Initialization) Total time: 42.56 seconds
[2017.04.25-17.08.30:234][  0]LogLoad: (Engine Initialization) Total Blueprint compile time: 0.20 seconds
[2017.04.25-17.08.30:234][  0]LogExternalProfiler: Found external profiler: VSPerf
[2017.04.25-17.08.30:234][  0]LogExternalProfiler: Using external profiler: VSPerf
[2017.04.25-17.08.30:576][  0]LogOcInput: OculusInput pre-init called
[2017.04.25-17.08.30:599][  0]LogContentStreaming: Texture pool size now 1000 MB
[2017.04.25-17.08.30:600][  0]LogSlate: Took 0.000254 seconds to synchronously load lazily loaded font '../../../Engine/Content/Slate/Fonts/Roboto-Regular.ttf' (155K)
[2017.04.25-17.08.30:606][  0]LogSlate: Took 0.000262 seconds to synchronously load lazily loaded font '../../../Engine/Content/Slate/Fonts/Roboto-Bold.ttf' (160K)
[2017.04.25-17.08.30:614][  0]LogSlate: Took 0.000287 seconds to synchronously load lazily loaded font '../../../Engine/Content/Editor/Slate/Fonts/FontAwesome.ttf' (139K)
[2017.04.25-17.08.30:760][  0]LogSlate: Took 0.000235 seconds to synchronously load lazily loaded font '../../../Engine/Content/Slate/Fonts/Roboto-Light.ttf' (159K)
[2017.04.25-17.08.30:849][  0]LogRenderer: Reallocating scene render targets to support 1208x580 NumSamples 1 (Frame:2).
[2017.04.25-17.08.30:937][  1]LogAssetRegistry: Asset discovery search completed in 23.9178 seconds
[2017.04.25-17.08.30:937][  1]LogCollectionManager: Rebuilt the object cache for 0 collections in 0.000006 seconds (found 0 objects)
[2017.04.25-17.08.30:937][  1]LogCollectionManager: Fixed up redirectors for 0 collections in 0.000026 seconds (updated 0 objects)
[2017.04.25-17.08.31:586][  3]LogSlate: Took 0.000321 seconds to synchronously load lazily loaded font '../../../Engine/Content/Slate/Fonts/Roboto-Light.ttf' (159K)
[2017.04.25-17.08.34:227][ 57]LogSlate: Took 0.000227 seconds to synchronously load lazily loaded font '../../../Engine/Content/Slate/Fonts/Roboto-Light.ttf' (159K)
[2017.04.25-17.08.34:759][ 57]LogSlate: Took 0.000230 seconds to synchronously load lazily loaded font '../../../Engine/Content/Slate/Fonts/Roboto-Regular.ttf' (155K)
[2017.04.25-17.08.35:054][ 57]LogContentBrowser: Native class hierarchy updated for 'BlueprintGraph' in 0.0028 seconds. Added 112 classes and 0 folders.
[2017.04.25-17.08.36:069][ 57]LogSlate: Took 0.000273 seconds to synchronously load lazily loaded font '../../../Engine/Content/Editor/Slate/Fonts/Roboto-BoldCondensed.ttf' (158K)
[2017.04.25-17.08.36:279][ 58]LogSlate: Took 0.000288 seconds to synchronously load lazily loaded font '../../../Engine/Content/Editor/Slate/Fonts/Roboto-Italic.ttf' (157K)
[2017.04.25-17.08.44:144][279]LogSlate: Only BGRA pngs, bmps or icos are supported in by External Image Picker
[2017.04.25-17.08.44:288][280]LogTemp:Display: Executing iPhonePackager certificates Engine -bundlename com.YourCompany.ArdunoGame

[2017.04.25-17.08.44:288][280]LogTemp:Display: CWD: C:\Program Files\Epic Games\UE_4.15\Engine\Binaries\DotNET\IOS

[2017.04.25-17.08.44:288][280]LogTemp:Display: Initial Dir: C:\Program Files\Epic Games\UE_4.15

[2017.04.25-17.08.44:288][280]LogTemp:Display: Env CWD: C:\Program Files\Epic Games\UE_4.15\Engine\Binaries\DotNET\IOS

[2017.04.25-17.08.44:288][280]LogTemp:Display: BranchPath = DESKTOP-RFGC7MG/C/Program Files/Epic Games/UE_4.15/Engine/Binaries --- GameBranchPath = DESKTOP-RFGC7MG/C/Program Files/Epic Games/UE_4.15/Engine/Binaries

[2017.04.25-17.08.44:522][289]LogTemp:Display: IPP ERROR: Application exception: System.IO.DirectoryNotFoundException: Could not find a part of the path 'C:\Users\rasta\AppData\Local\Apple Computer\MobileDevice\Provisioning Profiles'.

[2017.04.25-17.08.44:522][289]LogTemp:Display:    at System.IO.__Error.WinIOError(Int32 errorCode, String maybeFullPath)

[2017.04.25-17.08.44:522][289]LogTemp:Display:    at System.IO.FileSystemEnumerableIterator`1.CommonInit()

[2017.04.25-17.08.44:522][289]LogTemp:Display:    at System.IO.Directory.EnumerateFiles(String path, String searchPattern)

[2017.04.25-17.08.44:522][289]LogTemp:Display:    at iPhonePackager.CodeSignatureBuilder.FindProvisions(String CFBundleIdentifier)

[2017.04.25-17.08.44:522][289]LogTemp:Display:    at iPhonePackager.Program.Main(String[] args)

[2017.04.25-17.13.05:945][ 92]LogRenderer: Reallocating scene render targets to support 1208x704 NumSamples 1 (Frame:116).
[2017.04.25-17.13.46:460][424]LogEditorTransaction: Undo Modify Component(s)
[2017.04.25-17.13.46:465][424]LogActorComponent: ~FComponentReregisterContext: (/Engine/Transient.World_0:PersistentLevel.BP_2DSideScrollerCharacter_C_0.CollisionCylinder) Component already registered.
[2017.04.25-17.14.25:496][691]BlueprintLog: New page: Compile BP_2DSideScrollerCharacter
[2017.04.25-17.15.15:013][563]BlueprintLog: New page: Compile BP_2DSideScrollerCharacter
[2017.04.25-17.15.17:525][681]LogTemp: Repeting last play command: Selected Viewport
[2017.04.25-17.15.17:543][681]LogBlueprintUserMessages: Early PlayInEditor Detection: Level '/Game/2DSideScrollerCPP/Maps/2DSideScrollerExampleMap.2DSideScrollerExampleMap:PersistentLevel' has LevelScriptBlueprint '/Game/2DSideScrollerCPP/Maps/2DSideScrollerExampleMap.2DSideScrollerExampleMap:PersistentLevel.2DSideScrollerExampleMap' with GeneratedClass '/Game/2DSideScrollerCPP/Maps/2DSideScrollerExampleMap.2DSideScrollerExampleMap_C' with ClassGeneratedBy '/Game/2DSideScrollerCPP/Maps/2DSideScrollerExampleMap.2DSideScrollerExampleMap:PersistentLevel.2DSideScrollerExampleMap'
[2017.04.25-17.15.17:543][681]LogPlayLevel: PlayLevel: No blueprints needed recompiling
[2017.04.25-17.15.17:544][681]PIE: New page: PIE session: 2DSideScrollerExampleMap (25 Apr 2017 19:15:17)
[2017.04.25-17.15.17:544][681]LogPlayLevel: Creating play world package: /Game/2DSideScrollerCPP/Maps/UEDPIE_0_2DSideScrollerExampleMap
[2017.04.25-17.15.17:547][681]LogPlayLevel: PIE: StaticDuplicateObject took: (0.003060s)
[2017.04.25-17.15.17:548][681]LogAIModule: Creating AISystem for world 2DSideScrollerExampleMap
[2017.04.25-17.15.17:548][681]LogPlayLevel: PIE: World Init took: (0.000953s)
[2017.04.25-17.15.17:548][681]LogPlayLevel: PIE: Created PIE world by copying editor world from /Game/2DSideScrollerCPP/Maps/2DSideScrollerExampleMap.2DSideScrollerExampleMap to /Game/2DSideScrollerCPP/Maps/UEDPIE_0_2DSideScrollerExampleMap.2DSideScrollerExampleMap (0.004290s)
[2017.04.25-17.15.17:572][681]LogInit: XAudio2 using 'Speakers (Realtek High Definition Audio)' : 2 channels at 48 kHz using 16 bits per sample (channel mask 0x3)
[2017.04.25-17.15.17:596][681]LogInit: FAudioDevice initialized.
[2017.04.25-17.15.17:658][681]LogLoad: Game class is 'ArdunoGameGameMode'
[2017.04.25-17.15.17:661][681]LogWorld: Bringing World /Game/2DSideScrollerCPP/Maps/UEDPIE_0_2DSideScrollerExampleMap.2DSideScrollerExampleMap up for play (max tick rate 60) at 2017.04.25-18.15.17
[2017.04.25-17.15.17:662][681]LogWorld: Bringing up level for play took: 0.001926
[2017.04.25-17.15.17:798][681]LogContentBrowser: Native class hierarchy updated for 'MovieSceneCapture' in 0.0025 seconds. Added 11 classes and 0 folders.
[2017.04.25-17.15.17:799][681]LogTemp:Error: Failed to open port COM3. Error: 00000006
[2017.04.25-17.15.17:799][681]LogBlueprintUserMessages: [TP_2DSideScrollerCharacter_1] FAILED TO OPEN COMS
[2017.04.25-17.15.17:802][681]PIE: Info Play in editor start time for /Game/2DSideScrollerCPP/Maps/UEDPIE_0_2DSideScrollerExampleMap 0.139
[2017.04.25-17.15.17:802][681]LogBlueprintUserMessages: Late PlayInEditor Detection: Level '/Game/2DSideScrollerCPP/Maps/2DSideScrollerExampleMap.2DSideScrollerExampleMap:PersistentLevel' has LevelScriptBlueprint '/Game/2DSideScrollerCPP/Maps/2DSideScrollerExampleMap.2DSideScrollerExampleMap:PersistentLevel.2DSideScrollerExampleMap' with GeneratedClass '/Game/2DSideScrollerCPP/Maps/2DSideScrollerExampleMap.2DSideScrollerExampleMap_C' with ClassGeneratedBy '/Game/2DSideScrollerCPP/Maps/2DSideScrollerExampleMap.2DSideScrollerExampleMap:PersistentLevel.2DSideScrollerExampleMap'
[2017.04.25-17.15.17:822][681]LogRenderer: Reallocating scene render targets to support 1292x756 NumSamples 1 (Frame:7006).
[2017.04.25-17.15.23:911][ 40]LogBlueprintUserMessages: Early EndPlayMap Detection: Level '/Game/2DSideScrollerCPP/Maps/2DSideScrollerExampleMap.2DSideScrollerExampleMap:PersistentLevel' has LevelScriptBlueprint '/Game/2DSideScrollerCPP/Maps/2DSideScrollerExampleMap.2DSideScrollerExampleMap:PersistentLevel.2DSideScrollerExampleMap' with GeneratedClass '/Game/2DSideScrollerCPP/Maps/2DSideScrollerExampleMap.2DSideScrollerExampleMap_C' with ClassGeneratedBy '/Game/2DSideScrollerCPP/Maps/2DSideScrollerExampleMap.2DSideScrollerExampleMap:PersistentLevel.2DSideScrollerExampleMap'
[2017.04.25-17.15.23:969][ 40]LogBlueprintUserMessages: Late EndPlayMap Detection: Level '/Game/2DSideScrollerCPP/Maps/2DSideScrollerExampleMap.2DSideScrollerExampleMap:PersistentLevel' has LevelScriptBlueprint '/Game/2DSideScrollerCPP/Maps/2DSideScrollerExampleMap.2DSideScrollerExampleMap:PersistentLevel.2DSideScrollerExampleMap' with GeneratedClass '/Game/2DSideScrollerCPP/Maps/2DSideScrollerExampleMap.2DSideScrollerExampleMap_C' with ClassGeneratedBy '/Game/2DSideScrollerCPP/Maps/2DSideScrollerExampleMap.2DSideScrollerExampleMap:PersistentLevel.2DSideScrollerExampleMap'
[2017.04.25-17.15.29:368][289]LogSavePackage: Save=55.05ms
[2017.04.25-17.15.29:368][289]LogSavePackage: Moving '../../../../../../Users/rasta/Desktop/ArdunoGame/Saved/BP_2DSideScrollerCharacter323BE61744FB4DC269F4EE9D053323BB.tmp' to '../../../../../../Users/rasta/Desktop/ArdunoGame/Content/2DSideScrollerCPP/Blueprints/BP_2DSideScrollerCharacter.uasset'
[2017.04.25-17.15.29:370][289]LogSavePackage:Display: Finished SavePackage ../../../../../../Users/rasta/Desktop/ArdunoGame/Content/2DSideScrollerCPP/Blueprints/BP_2DSideScrollerCharacter.uasset
[2017.04.25-17.15.29:622][289]LogSavePackage: Save=154.92ms
[2017.04.25-17.15.29:622][289]LogSavePackage: Moving '../../../../../../Users/rasta/Desktop/ArdunoGame/Saved/2DSideScrollerExampleMap254B9A5042B731CA90C2E5AECBEB5963.tmp' to '../../../../../../Users/rasta/Desktop/ArdunoGame/Content/2DSideScrollerCPP/Maps/2DSideScrollerExampleMap.umap'
[2017.04.25-17.15.29:625][289]LogSavePackage:Display: Finished SavePackage ../../../../../../Users/rasta/Desktop/ArdunoGame/Content/2DSideScrollerCPP/Maps/2DSideScrollerExampleMap.umap
[2017.04.25-17.15.29:651][289]LogFileHelpers: Saving map '2DSideScrollerExampleMap' took 0.274
[2017.04.25-23.18.27:157][651]LogWindowsTextInputMethodSystem:Display: IME system now deactivated.
[2017.04.25-23.18.27:157][651]LogWindowsTextInputMethodSystem:Display: IME system now deactivated.
[2017.04.25-23.18.27:368][652]Cmd: QUIT_EDITOR
[2017.04.25-23.18.28:207][652]LogExit: Preparing to exit.
[2017.04.25-23.18.29:358][652]LogDirectoryWatcher: A directory notification for 'C:/Users/rasta/Desktop/ArdunoGame/Content/' was aborted.
[2017.04.25-23.18.29:407][652]LogExit: Editor shut down
[2017.04.25-23.18.29:407][652]LogExit: Transaction tracking system shut down
[2017.04.25-23.18.29:544][652]LogObj: Freed 0b from 0 cluster array pools.
[2017.04.25-23.18.29:544][652]LogExit: Object subsystem successfully closed.
[2017.04.25-23.18.29:562][652]LogD3D11RHI: Shutdown
[2017.04.25-23.18.29:562][652]LogD3D11RHI: CleanupD3DDevice
[2017.04.25-23.18.29:650][652]LogD3D11RHI: ~FD3D11DynamicRHI
[2017.04.25-23.18.29:675][652]LogModuleManager: Shutting down and abandoning module MovieSceneCapture (510)
[2017.04.25-23.18.29:675][652]LogModuleManager: Shutting down and abandoning module ExternalImagePicker (508)
[2017.04.25-23.18.29:675][652]LogModuleManager: Shutting down and abandoning module BlueprintGraph (506)
[2017.04.25-23.18.29:675][652]LogModuleManager: Shutting down and abandoning module BlueprintProfiler (504)
[2017.04.25-23.18.29:675][652]LogModuleManager: Shutting down and abandoning module HierarchicalLODOutliner (502)
[2017.04.25-23.18.29:675][652]LogModuleManager: Shutting down and abandoning module CrashTracker (500)
[2017.04.25-23.18.29:675][652]LogModuleManager: Shutting down and abandoning module SceneOutliner (498)
[2017.04.25-23.18.29:675][652]LogModuleManager: Shutting down and abandoning module AddContentDialog (496)
[2017.04.25-23.18.29:675][652]LogDirectoryWatcher: A directory notification for 'C:/Program Files/Epic Games/UE_4.15/FeaturePacks/' was aborted.
[2017.04.25-23.18.29:679][652]LogModuleManager: Shutting down and abandoning module WidgetCarousel (495)
[2017.04.25-23.18.29:679][652]LogModuleManager: Shutting down and abandoning module EditorWidgets (492)
[2017.04.25-23.18.29:679][652]LogModuleManager: Shutting down and abandoning module CollectionManager (490)
[2017.04.25-23.18.29:679][652]LogDirectoryWatcher: A directory notification for 'C:/Users/rasta/Desktop/ArdunoGame/Content/Collections/' was aborted.
[2017.04.25-23.18.29:679][652]LogDirectoryWatcher: A directory notification for 'C:/Users/rasta/Desktop/ArdunoGame/Content/Developers/rasta/Collections/' was aborted.
[2017.04.25-23.18.29:680][652]LogDirectoryWatcher: A directory notification for 'C:/Users/rasta/Desktop/ArdunoGame/Saved/Collections/' was aborted.
[2017.04.25-23.18.29:680][652]LogModuleManager: Shutting down and abandoning module StatsViewer (488)
[2017.04.25-23.18.29:680][652]LogModuleManager: Shutting down and abandoning module FoliageEdit (486)
[2017.04.25-23.18.29:680][652]LogModuleManager: Shutting down and abandoning module LandscapeEditor (484)
[2017.04.25-23.18.29:680][652]LogModuleManager: Shutting down and abandoning module SceneDepthPickerMode (482)
[2017.04.25-23.18.29:680][652]LogModuleManager: Shutting down and abandoning module ActorPickerMode (480)
[2017.04.25-23.18.29:680][652]LogModuleManager: Shutting down and abandoning module GeometryMode (478)
[2017.04.25-23.18.29:680][652]LogModuleManager: Shutting down and abandoning module TextureAlignMode (476)
[2017.04.25-23.18.29:680][652]LogModuleManager: Shutting down and abandoning module BspMode (474)
[2017.04.25-23.18.29:680][652]LogModuleManager: Shutting down and abandoning module HardwareSurvey (472)
[2017.04.25-23.18.29:680][652]LogModuleManager: Shutting down and abandoning module SequenceRecorderSections (470)
[2017.04.25-23.18.29:680][652]LogModuleManager: Shutting down and abandoning module AutomationWorker (468)
[2017.04.25-23.18.29:680][652]LogModuleManager: Shutting down and abandoning module MatineeToLevelSequence (466)
[2017.04.25-23.18.29:680][652]LogModuleManager: Shutting down and abandoning module LevelSequenceEditor (464)
[2017.04.25-23.18.29:680][652]LogModuleManager: Shutting down and abandoning module PlacementMode (463)
[2017.04.25-23.18.29:680][652]LogModuleManager: Shutting down and abandoning module WmfMediaFactory (460)
[2017.04.25-23.18.29:680][652]LogModuleManager: Shutting down and abandoning module WmfMediaEditor (458)
[2017.04.25-23.18.29:680][652]LogModuleManager: Shutting down and abandoning module MfMediaFactory (456)
[2017.04.25-23.18.29:680][652]LogModuleManager: Shutting down and abandoning module MfMediaEditor (454)
[2017.04.25-23.18.29:680][652]LogModuleManager: Shutting down and abandoning module AvfMediaFactory (452)
[2017.04.25-23.18.29:680][652]LogModuleManager: Shutting down and abandoning module AvfMediaEditor (450)
[2017.04.25-23.18.29:680][652]LogModuleManager: Shutting down and abandoning module AndroidMediaFactory (448)
[2017.04.25-23.18.29:680][652]LogModuleManager: Shutting down and abandoning module Media (447)
[2017.04.25-23.18.29:680][652]LogModuleManager: Shutting down and abandoning module AndroidMediaEditor (444)
[2017.04.25-23.18.29:681][652]LogModuleManager: Shutting down and abandoning module CharacterAI (442)
[2017.04.25-23.18.29:681][652]LogModuleManager: Shutting down and abandoning module AudioCapture (440)
[2017.04.25-23.18.29:681][652]LogModuleManager: Shutting down and abandoning module SequenceRecorder (439)
[2017.04.25-23.18.29:681][652]LogModuleManager: Shutting down and abandoning module SmartSnapping (436)
[2017.04.25-23.18.29:681][652]LogModuleManager: Shutting down and abandoning module SessionServices (434)
[2017.04.25-23.18.29:681][652]LogModuleManager: Shutting down and abandoning module ViewportSnapping (432)
[2017.04.25-23.18.29:681][652]LogModuleManager: Shutting down and abandoning module ViewportInteraction (430)
[2017.04.25-23.18.29:681][652]LogModuleManager: Shutting down and abandoning module LogVisualizer (428)
[2017.04.25-23.18.29:681][652]LogModuleManager: Shutting down and abandoning module IntroTutorials (426)
[2017.04.25-23.18.29:681][652]LogModuleManager: Shutting down and abandoning module GameProjectGeneration (425)
[2017.04.25-23.18.29:681][652]LogModuleManager: Shutting down and abandoning module EditorLiveStreaming (422)
[2017.04.25-23.18.29:681][652]LogModuleManager: Shutting down and abandoning module IOSPlatformEditor (420)
[2017.04.25-23.18.29:681][652]LogModuleManager: Shutting down and abandoning module HTML5PlatformEditor (418)
[2017.04.25-23.18.29:681][652]LogModuleManager: Shutting down and abandoning module AndroidPlatformEditor (416)
[2017.04.25-23.18.29:681][652]LogModuleManager: Shutting down and abandoning module AndroidDeviceDetection (415)
[2017.04.25-23.18.30:379][652]LogModuleManager: Shutting down and abandoning module IOSRuntimeSettings (412)
[2017.04.25-23.18.30:379][652]LogModuleManager: Shutting down and abandoning module AndroidRuntimeSettings (410)
[2017.04.25-23.18.30:379][652]LogModuleManager: Shutting down and abandoning module InputBindingEditor (408)
[2017.04.25-23.18.30:379][652]LogModuleManager: Shutting down and abandoning module NiagaraEditor (406)
[2017.04.25-23.18.30:379][652]LogModuleManager: Shutting down and abandoning module MergeActors (404)
[2017.04.25-23.18.30:379][652]LogModuleManager: Shutting down and abandoning module SizeMap (402)
[2017.04.25-23.18.30:379][652]LogModuleManager: Shutting down and abandoning module TreeMap (400)
[2017.04.25-23.18.30:379][652]LogModuleManager: Shutting down and abandoning module ReferenceViewer (398)
[2017.04.25-23.18.30:379][652]LogModuleManager: Shutting down and abandoning module LocalizationDashboard (396)
[2017.04.25-23.18.30:379][652]LogModuleManager: Shutting down and abandoning module LocalizationService (395)
[2017.04.25-23.18.30:379][652]LogModuleManager: Shutting down and abandoning module HardwareTargeting (392)
[2017.04.25-23.18.30:379][652]LogModuleManager: Shutting down and abandoning module DeviceProfileEditor (390)
[2017.04.25-23.18.30:379][652]LogModuleManager: Shutting down and abandoning module UndoHistory (388)
[2017.04.25-23.18.30:379][652]LogModuleManager: Shutting down and abandoning module UserFeedback (386)
[2017.04.25-23.18.30:379][652]LogModuleManager: Shutting down and abandoning module XmlParser (384)
[2017.04.25-23.18.30:379][652]LogModuleManager: Shutting down and abandoning module Blutility (382)
[2017.04.25-23.18.30:379][652]LogModuleManager: Shutting down and abandoning module ProjectSettingsViewer (380)
[2017.04.25-23.18.30:379][652]LogModuleManager: Shutting down and abandoning module ProjectTargetPlatformEditor (379)
[2017.04.25-23.18.30:379][652]LogModuleManager: Shutting down and abandoning module EditorSettingsViewer (376)
[2017.04.25-23.18.30:379][652]LogModuleManager: Shutting down and abandoning module SettingsEditor (374)
[2017.04.25-23.18.30:379][652]LogModuleManager: Shutting down and abandoning module ProjectLauncher (372)
[2017.04.25-23.18.30:379][652]LogModuleManager: Shutting down and abandoning module SessionFrontend (370)
[2017.04.25-23.18.30:379][652]LogModuleManager: Shutting down and abandoning module ProfilerClient (368)
[2017.04.25-23.18.30:379][652]LogModuleManager: Shutting down and abandoning module DeviceManager (366)
[2017.04.25-23.18.30:379][652]LogModuleManager: Shutting down and abandoning module TargetDeviceServices (365)
[2017.04.25-23.18.30:431][652]LogModuleManager: Shutting down and abandoning module AutomationController (362)
[2017.04.25-23.18.30:431][652]LogModuleManager: Shutting down and abandoning module AutomationWindow (360)
[2017.04.25-23.18.30:431][652]LogModuleManager: Shutting down and abandoning module Layers (358)
[2017.04.25-23.18.30:431][652]LogModuleManager: Shutting down and abandoning module ComponentVisualizers (356)
[2017.04.25-23.18.30:431][652]LogModuleManager: Shutting down and abandoning module DetailCustomizations (354)
[2017.04.25-23.18.30:431][652]LogModuleManager: Shutting down and abandoning module PackagesDialog (352)
[2017.04.25-23.18.30:431][652]LogModuleManager: Shutting down and abandoning module Persona (350)
[2017.04.25-23.18.30:431][652]LogModuleManager: Shutting down and abandoning module AnimGraph (349)
[2017.04.25-23.18.30:431][652]LogModuleManager: Shutting down and abandoning module Kismet (346)
[2017.04.25-23.18.30:439][652]LogModuleManager: Shutting down and abandoning module GraphEditor (344)
[2017.04.25-23.18.30:439][652]LogModuleManager: Shutting down and abandoning module ClassViewer (342)
[2017.04.25-23.18.30:439][652]LogModuleManager: Shutting down and abandoning module Toolbox (340)
[2017.04.25-23.18.30:439][652]LogModuleManager: Shutting down and abandoning module ModuleUI (338)
[2017.04.25-23.18.30:439][652]LogModuleManager: Shutting down and abandoning module MovieSceneTools (336)
[2017.04.25-23.18.30:439][652]LogModuleManager: Shutting down and abandoning module OutputLog (334)
[2017.04.25-23.18.30:439][652]LogModuleManager: Shutting down and abandoning module GammaUI (332)
[2017.04.25-23.18.30:439][652]LogModuleManager: Shutting down and abandoning module Documentation (330)
[2017.04.25-23.18.30:439][652]LogModuleManager: Shutting down and abandoning module Niagara (328)
[2017.04.25-23.18.30:439][652]LogModuleManager: Shutting down and abandoning module StreamingPauseRendering (326)
[2017.04.25-23.18.30:439][652]LogModuleManager: Shutting down and abandoning module AnalyticsET (324)
[2017.04.25-23.18.30:440][652]LogModuleManager: Shutting down and abandoning module PortalServices (322)
[2017.04.25-23.18.30:440][652]LogModuleManager: Shutting down and abandoning module PortalRpc (320)
[2017.04.25-23.18.30:440][652]LogModuleManager: Shutting down and abandoning module MessagingRpc (318)
[2017.04.25-23.18.30:440][652]LogModuleManager: Shutting down and abandoning module AIModule (316)
[2017.04.25-23.18.30:440][652]LogModuleManager: Shutting down and abandoning module GameplayDebugger (315)
[2017.04.25-23.18.30:440][652]LogModuleManager: Shutting down and abandoning module AITestSuite (313)
[2017.04.25-23.18.30:440][652]LogModuleManager: Shutting down and abandoning module ProfilerService (310)
[2017.04.25-23.18.30:608][652]LogModuleManager: Shutting down and abandoning module TaskGraph (308)
[2017.04.25-23.18.30:608][652]LogModuleManager: Shutting down and abandoning module UE4Duino (306)
[2017.04.25-23.18.30:608][652]UE4DuinoLog:Warning: UE4Duino: Log Ended
[2017.04.25-23.18.30:608][652]LogModuleManager: Shutting down and abandoning module SteamVRController (304)
[2017.04.25-23.18.30:608][652]LogModuleManager: Shutting down and abandoning module SteamVR (302)
[2017.04.25-23.18.30:608][652]LogModuleManager: Shutting down and abandoning module ProceduralMeshComponentEditor (300)
[2017.04.25-23.18.30:608][652]LogModuleManager: Shutting down and abandoning module ProceduralMeshComponent (298)
[2017.04.25-23.18.30:608][652]LogModuleManager: Shutting down and abandoning module OculusLibrary (296)
[2017.04.25-23.18.30:608][652]LogModuleManager: Shutting down and abandoning module OculusInput (294)
[2017.04.25-23.18.30:608][652]LogModuleManager: Shutting down and abandoning module MobilePatchingUtils (292)
[2017.04.25-23.18.30:608][652]LogModuleManager: Shutting down and abandoning module CustomMeshComponent (290)
[2017.04.25-23.18.30:608][652]LogModuleManager: Shutting down and abandoning module CableComponent (288)
[2017.04.25-23.18.30:608][652]LogModuleManager: Shutting down and abandoning module ArchVisCharacter (286)
[2017.04.25-23.18.30:608][652]LogModuleManager: Shutting down and abandoning module MediaPlayerEditor (282)
[2017.04.25-23.18.30:608][652]LogModuleManager: Shutting down and abandoning module HTML5Networking (280)
[2017.04.25-23.18.30:608][652]LogModuleManager: Shutting down and abandoning module AlembicImporter (278)
[2017.04.25-23.18.30:608][652]LogModuleManager: Shutting down and abandoning module AlembicLibrary (277)
[2017.04.25-23.18.30:608][652]LogModuleManager: Shutting down and abandoning module GeometryCache (276)
[2017.04.25-23.18.30:608][652]LogModuleManager: Shutting down and abandoning module GeometryCacheEd (275)
[2017.04.25-23.18.30:608][652]LogModuleManager: Shutting down and abandoning module SuperSearchEditor (270)
[2017.04.25-23.18.30:608][652]LogModuleManager: Shutting down and abandoning module SuperSearch (269)
[2017.04.25-23.18.30:608][652]LogModuleManager: Shutting down and abandoning module SpeedTreeImporter (266)
[2017.04.25-23.18.30:608][652]LogModuleManager: Shutting down and abandoning module PluginBrowser (264)
[2017.04.25-23.18.30:609][652]LogModuleManager: Shutting down and abandoning module MobileLauncherProfileWizard (262)
[2017.04.25-23.18.30:609][652]LogModuleManager: Shutting down and abandoning module EpicSurvey (260)
[2017.04.25-23.18.30:609][652]LogModuleManager: Shutting down and abandoning module VisualStudioSourceCodeAccess (258)
[2017.04.25-23.18.30:609][652]LogModuleManager: Shutting down and abandoning module DesktopPlatform (257)
[2017.04.25-23.18.30:609][652]LogModuleManager: Shutting down and abandoning module UObjectPlugin (254)
[2017.04.25-23.18.30:609][652]LogModuleManager: Shutting down and abandoning module SubversionSourceControl (252)
[2017.04.25-23.18.30:609][652]LogModuleManager: Shutting down and abandoning module PerforceSourceControl (250)
[2017.04.25-23.18.30:609][652]LogModuleManager: Shutting down and abandoning module GitSourceControl (248)
[2017.04.25-23.18.30:609][652]LogModuleManager: Shutting down and abandoning module SourceControl (247)
[2017.04.25-23.18.30:609][652]LogModuleManager: Shutting down and abandoning module LightPropagationVolumeEditor (244)
[2017.04.25-23.18.30:609][652]LogModuleManager: Shutting down and abandoning module PaperTiledImporter (242)
[2017.04.25-23.18.30:609][652]LogModuleManager: Shutting down and abandoning module PaperSpriteSheetImporter (240)
[2017.04.25-23.18.30:609][652]LogModuleManager: Shutting down and abandoning module Paper2DEditor (238)
[2017.04.25-23.18.30:609][652]LogModuleManager: Shutting down and abandoning module MeshPaint (237)
[2017.04.25-23.18.30:609][652]LogModuleManager: Shutting down and abandoning module LevelEditor (235)
[2017.04.25-23.18.30:610][652]LogModuleManager: Shutting down and abandoning module PixelInspectorModule (234)
[2017.04.25-23.18.30:610][652]LogModuleManager: Shutting down and abandoning module MainFrame (232)
[2017.04.25-23.18.30:610][652]LogModuleManager: Shutting down and abandoning module HotReload (231)
[2017.04.25-23.18.30:610][652]LogDirectoryWatcher: A directory notification for 'C:/Users/rasta/Desktop/ArdunoGame/Binaries/Win64' was aborted.
[2017.04.25-23.18.30:610][652]LogModuleManager: Shutting down and abandoning module ContentBrowser (227)
[2017.04.25-23.18.30:612][652]LogModuleManager: Shutting down and abandoning module ArdunoGame (224)
[2017.04.25-23.18.30:612][652]LogModuleManager: Shutting down and abandoning module PhysXVehiclesEditor (222)
[2017.04.25-23.18.30:612][652]LogModuleManager: Shutting down and abandoning module PhysXVehicles (220)
[2017.04.25-23.18.30:612][652]LogModuleManager: Shutting down and abandoning module LocationServicesBPLibrary (218)
[2017.04.25-23.18.30:612][652]LogModuleManager: Shutting down and abandoning module UdpMessaging (216)
[2017.04.25-23.18.30:712][652]LogModuleManager: Shutting down and abandoning module TcpMessaging (214)
[2017.04.25-23.18.30:813][652]LogModuleManager: Shutting down and abandoning module GameplayTagsEditor (212)
[2017.04.25-23.18.30:813][652]LogModuleManager: Shutting down and abandoning module FacialAnimationEditor (210)
[2017.04.25-23.18.30:813][652]LogModuleManager: Shutting down and abandoning module FacialAnimation (208)
[2017.04.25-23.18.30:813][652]LogModuleManager: Shutting down and abandoning module LightPropagationVolumeRuntime (206)
[2017.04.25-23.18.30:813][652]LogModuleManager: Shutting down and abandoning module Paper2D (204)
[2017.04.25-23.18.30:813][652]LogModuleManager: Shutting down and abandoning module WindowsMoviePlayer (202)
[2017.04.25-23.18.30:813][652]LogModuleManager: Shutting down and abandoning module WmfMedia (200)
[2017.04.25-23.18.30:813][652]LogModuleManager: Shutting down and abandoning module MfMedia (198)
[2017.04.25-23.18.30:813][652]LogModuleManager: Shutting down and abandoning module MediaAssets (196)
[2017.04.25-23.18.30:813][652]LogModuleManager: Shutting down and abandoning module GameLiveStreaming (194)
[2017.04.25-23.18.30:814][652]LogModuleManager: Shutting down and abandoning module VREditor (192)
[2017.04.25-23.18.30:814][652]LogModuleManager: Shutting down and abandoning module GameplayTasksEditor (190)
[2017.04.25-23.18.30:814][652]LogModuleManager: Shutting down and abandoning module BehaviorTreeEditor (188)
[2017.04.25-23.18.30:814][652]LogModuleManager: Shutting down and abandoning module FunctionalTesting (186)
[2017.04.25-23.18.30:814][652]LogModuleManager: Shutting down and abandoning module CollisionAnalyzer (184)
[2017.04.25-23.18.30:814][652]LogModuleManager: Shutting down and abandoning module UMG (182)
[2017.04.25-23.18.30:814][652]LogModuleManager: Shutting down and abandoning module UMGEditor (181)
[2017.04.25-23.18.30:814][652]LogModuleManager: Shutting down and abandoning module Sequencer (180)
[2017.04.25-23.18.30:814][652]LogModuleManager: Shutting down and abandoning module AssetTools (178)
[2017.04.25-23.18.30:814][652]LogModuleManager: Shutting down and abandoning module MessageLog (177)
[2017.04.25-23.18.30:814][652]LogModuleManager: Shutting down and abandoning module WorkspaceMenuStructure (176)
[2017.04.25-23.18.30:814][652]LogModuleManager: Shutting down and abandoning module SlateReflector (170)
[2017.04.25-23.18.30:814][652]LogModuleManager: Shutting down and abandoning module Slate (168)
[2017.04.25-23.18.30:814][652]LogModuleManager: Shutting down and abandoning module EditorStyle (166)
[2017.04.25-23.18.30:817][652]LogModuleManager: Shutting down and abandoning module SourceCodeAccess (164)
[2017.04.25-23.18.30:817][652]LogModuleManager: Shutting down and abandoning module HeadMountedDisplay (162)
[2017.04.25-23.18.30:817][652]LogModuleManager: Shutting down and abandoning module XAudio2 (160)
[2017.04.25-23.18.30:817][652]LogModuleManager: Shutting down and abandoning module Networking (158)
[2017.04.25-23.18.30:817][652]LogModuleManager: Shutting down and abandoning module Core (154)
[2017.04.25-23.18.30:817][652]LogModuleManager: Shutting down and abandoning module AssetRegistry (152)
[2017.04.25-23.18.30:910][652]LogDirectoryWatcher: A directory notification for '../../../Engine/Content/' was aborted.
[2017.04.25-23.18.30:911][652]LogDirectoryWatcher: A directory notification for '../../../../../../Users/rasta/Desktop/ArdunoGame/Content/' was aborted.
[2017.04.25-23.18.30:911][652]LogDirectoryWatcher: A directory notification for '../../../Engine/Plugins/2D/Paper2D/Content/' was aborted.
[2017.04.25-23.18.30:911][652]LogModuleManager: Shutting down and abandoning module DirectoryWatcher (151)
[2017.04.25-23.18.30:912][652]LogModuleManager: Shutting down and abandoning module KismetCompiler (148)
[2017.04.25-23.18.30:912][652]LogModuleManager: Shutting down and abandoning module PhysXFormats (146)
[2017.04.25-23.18.30:912][652]LogModuleManager: Shutting down and abandoning module MeshUtilities (144)
[2017.04.25-23.18.30:912][652]LogModuleManager: Shutting down and abandoning module SimplygonSwarm (143)
[2017.04.25-23.18.30:912][652]LogModuleManager: Shutting down and abandoning module SimplygonMeshReduction (141)
[2017.04.25-23.18.30:912][652]LogModuleManager: Shutting down and abandoning module QuadricMeshReduction (139)
[2017.04.25-23.18.30:912][652]LogModuleManager: Shutting down and abandoning module PropertyEditor (137)
[2017.04.25-23.18.30:912][652]LogModuleManager: Shutting down and abandoning module DerivedDataCache (134)
[2017.04.25-23.18.30:960][652]LogDerivedDataCache: Shutdown
[2017.04.25-23.18.30:960][652]LogModuleManager: Shutting down and abandoning module TargetPlatform (132)
[2017.04.25-23.18.30:960][652]LogModuleManager: Shutting down and abandoning module VulkanShaderFormat (131)
[2017.04.25-23.18.30:960][652]LogModuleManager: Shutting down and abandoning module ShaderFormatOpenGL (129)
[2017.04.25-23.18.30:960][652]LogModuleManager: Shutting down and abandoning module ShaderFormatD3D (127)
[2017.04.25-23.18.30:960][652]LogModuleManager: Shutting down and abandoning module MetalShaderFormat (125)
[2017.04.25-23.18.30:960][652]LogModuleManager: Shutting down and abandoning module TextureFormatUncompressed (123)
[2017.04.25-23.18.30:960][652]LogModuleManager: Shutting down and abandoning module TextureFormatPVR (121)
[2017.04.25-23.18.30:960][652]LogModuleManager: Shutting down and abandoning module TextureFormatDXT (119)
[2017.04.25-23.18.30:960][652]LogModuleManager: Shutting down and abandoning module TextureFormatIntelISPCTexComp (117)
[2017.04.25-23.18.30:960][652]LogModuleManager: Shutting down and abandoning module TextureFormatASTC (115)
[2017.04.25-23.18.30:960][652]LogModuleManager: Shutting down and abandoning module ImageWrapper (114)
[2017.04.25-23.18.30:960][652]LogModuleManager: Shutting down and abandoning module TextureFormatAndroid (111)
[2017.04.25-23.18.30:960][652]LogModuleManager: Shutting down and abandoning module AudioFormatOpus (109)
[2017.04.25-23.18.30:960][652]LogModuleManager: Shutting down and abandoning module AudioFormatOgg (107)
[2017.04.25-23.18.30:960][652]LogModuleManager: Shutting down and abandoning module AudioFormatADPCM (105)
[2017.04.25-23.18.30:961][652]LogModuleManager: Shutting down and abandoning module LinuxTargetPlatform (103)
[2017.04.25-23.18.30:961][652]LogModuleManager: Shutting down and abandoning module LinuxServerTargetPlatform (101)
[2017.04.25-23.18.30:961][652]LogModuleManager: Shutting down and abandoning module LinuxNoEditorTargetPlatform (99)
[2017.04.25-23.18.30:961][652]LogModuleManager: Shutting down and abandoning module LinuxClientTargetPlatform (97)
[2017.04.25-23.18.30:961][652]LogModuleManager: Shutting down and abandoning module TVOSTargetPlatform (95)
[2017.04.25-23.18.30:961][652]LogModuleManager: Shutting down and abandoning module Messaging (93)
[2017.04.25-23.18.30:961][652]LogModuleManager: Shutting down and abandoning module IOSTargetPlatform (91)
[2017.04.25-23.18.30:961][652]LogModuleManager: Shutting down and abandoning module HTML5TargetPlatform (89)
[2017.04.25-23.18.30:961][652]LogModuleManager: Shutting down and abandoning module Android_PVRTCTargetPlatform (87)
[2017.04.25-23.18.30:961][652]LogModuleManager: Shutting down and abandoning module Android_MultiTargetPlatform (85)
[2017.04.25-23.18.30:961][652]LogModuleManager: Shutting down and abandoning module Android_ETC2TargetPlatform (83)
[2017.04.25-23.18.30:961][652]LogModuleManager: Shutting down and abandoning module Android_ETC1TargetPlatform (81)
[2017.04.25-23.18.30:961][652]LogModuleManager: Shutting down and abandoning module Android_DXTTargetPlatform (79)
[2017.04.25-23.18.30:961][652]LogModuleManager: Shutting down and abandoning module Android_ATCTargetPlatform (77)
[2017.04.25-23.18.30:961][652]LogModuleManager: Shutting down and abandoning module Android_ASTCTargetPlatform (75)
[2017.04.25-23.18.30:961][652]LogModuleManager: Shutting down and abandoning module AndroidTargetPlatform (73)
[2017.04.25-23.18.30:961][652]LogModuleManager: Shutting down and abandoning module WindowsTargetPlatform (71)
[2017.04.25-23.18.30:961][652]LogModuleManager: Shutting down and abandoning module WindowsServerTargetPlatform (69)
[2017.04.25-23.18.30:961][652]LogModuleManager: Shutting down and abandoning module WindowsNoEditorTargetPlatform (67)
[2017.04.25-23.18.30:961][652]LogModuleManager: Shutting down and abandoning module WindowsClientTargetPlatform (65)
[2017.04.25-23.18.30:961][652]LogModuleManager: Shutting down and abandoning module MacTargetPlatform (63)
[2017.04.25-23.18.30:961][652]LogModuleManager: Shutting down and abandoning module MacServerTargetPlatform (61)
[2017.04.25-23.18.30:961][652]LogModuleManager: Shutting down and abandoning module MacNoEditorTargetPlatform (59)
[2017.04.25-23.18.30:961][652]LogModuleManager: Shutting down and abandoning module MacClientTargetPlatform (57)
[2017.04.25-23.18.30:961][652]LogModuleManager: Shutting down and abandoning module AllDesktopTargetPlatform (55)
[2017.04.25-23.18.30:961][652]LogModuleManager: Shutting down and abandoning module InputCore (52)
[2017.04.25-23.18.30:961][652]LogModuleManager: Shutting down and abandoning module Settings (50)
[2017.04.25-23.18.30:961][652]LogModuleManager: Shutting down and abandoning module OculusRift (48)
[2017.04.25-23.18.30:961][652]LogModuleManager: Shutting down and abandoning module GearVR (46)
[2017.04.25-23.18.30:961][652]LogModuleManager: Shutting down and abandoning module ExampleDeviceProfileSelector (44)
[2017.04.25-23.18.30:961][652]LogModuleManager: Shutting down and abandoning module OnlineBlueprintSupport (42)
[2017.04.25-23.18.30:961][652]LogModuleManager: Shutting down and abandoning module OnlineSubsystem (38)
[2017.04.25-23.18.30:961][652]LogOnline:Display: Unloading online subsystem: NULL
[2017.04.25-23.18.30:961][652]LogModuleManager: Shutting down and abandoning module XMPP (37)
[2017.04.25-23.18.30:961][652]LogModuleManager: Shutting down and abandoning module HTTP (35)
[2017.04.25-23.18.30:961][652]LogHttp:Display: Http module shutting down, but needs to wait on 1 outstanding Http requests:
[2017.04.25-23.18.30:961][652]LogHttp:Display: 	verb=[POST] url=[https://datarouter.ol.epicgames.com/datarouter/api/v1/public/data?SessionID=%7B4D0EF6EE-47B5-B8D1-A7FD-B0A904A3BEAC%7D&AppID=UEEditor.Rocket.Release&AppVersion=4.15.1-3348071%2B%2B%2BUE4%2BRelease-4.15&UserID=02f34fd04642e422d35bafa41a4e8c6d%7C7f6ef8d628314cb5a467967ba286e7f7%7Cd2ebd992-1792-4692-891e-ca304229e822&AppEnvironment=datacollector-binary&UploadType=eteventstream] status=Processing
[2017.04.25-23.18.30:975][652]LogModuleManager: Shutting down and abandoning module SSL (34)
[2017.04.25-23.18.30:977][652]LogModuleManager: Shutting down and abandoning module AudioEditor (30)
[2017.04.25-23.18.30:977][652]LogModuleManager: Shutting down and abandoning module TextureCompressor (28)
[2017.04.25-23.18.30:977][652]LogModuleManager: Shutting down and abandoning module ShaderCore (26)
[2017.04.25-23.18.30:977][652]LogModuleManager: Shutting down and abandoning module Landscape (24)
[2017.04.25-23.18.30:977][652]LogModuleManager: Shutting down and abandoning module SlateRHIRenderer (22)
[2017.04.25-23.18.30:980][652]LogModuleManager: Shutting down and abandoning module OpenGLDrv (20)
[2017.04.25-23.18.30:980][652]LogModuleManager: Shutting down and abandoning module D3D11RHI (18)
[2017.04.25-23.18.30:980][652]LogModuleManager: Shutting down and abandoning module AnimGraphRuntime (16)
[2017.04.25-23.18.30:980][652]LogModuleManager: Shutting down and abandoning module Renderer (14)
[2017.04.25-23.18.30:980][652]LogModuleManager: Shutting down and abandoning module Engine (12)
[2017.04.25-23.18.30:980][652]LogModuleManager: Shutting down and abandoning module CoreUObject (10)
[2017.04.25-23.18.30:980][652]LogModuleManager: Shutting down and abandoning module NetworkFile (8)
[2017.04.25-23.18.30:980][652]LogModuleManager: Shutting down and abandoning module StreamingFile (6)
[2017.04.25-23.18.30:980][652]LogModuleManager: Shutting down and abandoning module SandboxFile (4)
[2017.04.25-23.18.30:980][652]LogModuleManager: Shutting down and abandoning module PakFile (2)
[2017.04.25-23.18.30:983][652]LogExit: Exiting.
[2017.04.25-23.18.30:997][652]Log file closed, 04/26/17 00:18:30
