Log file open, 04/25/17 14:40:14
LogInit:Display: Running engine for game: ArdunoGame
LogPlatformFile: Not using cached read wrapper
LogInit:Display: RandInit(-813004439) SRandInit(-813004439).
LogTaskGraph: Started task graph with 5 named threads and 8 total threads with 1 sets of task threads.
LogStats: Stats thread started at 0.146862
LogInit: Using libcurl 7.47.1
LogInit:  - built for x86_64-pc-win32
LogInit:  - supports SSL with OpenSSL/1.0.2g
LogInit:  - supports HTTP deflate (compression) using libz 1.2.8
LogInit:  - other features:
LogInit:      CURL_VERSION_SSL
LogInit:      CURL_VERSION_LIBZ
LogInit:      CURL_VERSION_IPV6
LogInit:      CURL_VERSION_ASYNCHDNS
LogInit:      CURL_VERSION_LARGEFILE
LogInit:      CURL_VERSION_IDN
LogInit:  CurlRequestOptions (configurable via config and command line):
LogInit:  - bVerifyPeer = false  - Libcurl will NOT verify peer certificate
LogInit:  - bUseHttpProxy = false  - Libcurl will NOT use HTTP proxy
LogInit:  - bDontReuseConnections = false  - Libcurl will reuse connections
LogInit:  - CertBundlePath = nullptr  - Libcurl will use whatever was configured at build time.
LogInit: Build: ++UE4+Release-4.15-CL-3348071
LogInit: Engine Version: 4.15.1-3348071+++UE4+Release-4.15
LogInit: Compatible Engine Version: 4.15.0-3299760+++UE4+Release-4.15
LogInit: Net CL: 3299760
LogDevObjectVersion: Number of dev versions registered: 14
LogDevObjectVersion:   Dev-Blueprints (B0D832E4-1F89-4F0D-ACCF-7EB736FD4AA2): 8
LogDevObjectVersion:   Dev-Build (E1C64328-A22C-4D53-A36C-8E866417BD8C): 0
LogDevObjectVersion:   Dev-Core (375EC13C-06E4-48FB-B500-84F0262A717E): 2
LogDevObjectVersion:   Dev-Editor (E4B068ED-F494-42E9-A231-DA0B2E46BB41): 14
LogDevObjectVersion:   Dev-Framework (CFFC743F-43B0-4480-9391-14DF171D2073): 22
LogDevObjectVersion:   Dev-Mobile (B02B49B5-BB20-44E9-A304-32B752E40360): 0
LogDevObjectVersion:   Dev-Networking (A4E4105C-59A1-49B5-A7C5-40C4547EDFEE): 0
LogDevObjectVersion:   Dev-Online (39C831C9-5AE6-47DC-9A44-9C173E1C8E7C): 0
LogDevObjectVersion:   Dev-Physics (78F01B33-EBEA-4F98-B9B4-84EACCB95AA2): 0
LogDevObjectVersion:   Dev-Platform (6631380F-2D4D-43E0-8009-CF276956A95A): 0
LogDevObjectVersion:   Dev-Rendering (12F88B9F-8875-4AFC-A67C-D90C383ABD29): 12
LogDevObjectVersion:   Dev-Sequencer (7B5AE74C-D270-4C10-A958-57980B212A5A): 3
LogDevObjectVersion:   Dev-VR (D7296918-1DD6-4BDD-9DE2-64A83CC13884): 0
LogDevObjectVersion:   Dev-LoadTimes (C2A15278-BFE7-4AFE-6C17-90FF531DF755): 1
LogInit: Compiled (64-bit): Mar 15 2017 16:52:47
LogInit: Compiled with Visual C++: 19.00.23026.00
LogInit: Build Configuration: Development
LogInit: Branch Name: ++UE4+Release-4.15
LogInit: Command line: -EpicPortal 
LogInit: Base directory: C:/Program Files/Epic Games/UE_4.15/Engine/Binaries/Win64/
LogInit: Installed Engine Build: 1
LogInit: Presizing for max 8388607 objects, including 0 objects not considered by GC, pre-allocating 0 bytes for permanent pool.
LogInit: Object subsystem initialized
[2017.04.25-13.40.17:206][  0]LogInit: Selected Device Profile: [Windows]
[2017.04.25-13.40.17:206][  0]LogInit: Applying CVar settings loaded from the selected device profile: [Windows]
[2017.04.25-13.40.17:216][  0]LogInit: Computer: DESKTOP-RFGC7MG
[2017.04.25-13.40.17:216][  0]LogInit: User: rasta
[2017.04.25-13.40.17:216][  0]LogInit: CPU Page size=65536, Cores=4
[2017.04.25-13.40.17:216][  0]LogInit: High frequency timer resolution =2.435776 MHz
[2017.04.25-13.40.17:217][  0]LogMemory: Memory total: Physical=15.9GB (16GB approx)
[2017.04.25-13.40.17:217][  0]LogMemory: Platform Memory Stats for Windows
[2017.04.25-13.40.17:217][  0]LogMemory: Process Physical Memory: 263.52 MB used, 263.52 MB peak
[2017.04.25-13.40.17:217][  0]LogMemory: Process Virtual Memory: 262.32 MB used, 262.32 MB peak
[2017.04.25-13.40.17:217][  0]LogMemory: Physical Memory: 6512.91 MB used,  9787.45 MB free, 16300.36 MB total
[2017.04.25-13.40.17:217][  0]LogMemory: Virtual Memory: 644.98 MB used,  9787.45 MB free, 134217728.00 MB total
[2017.04.25-13.40.17:558][  0]LogTextLocalizationManager: No specific translations for ('en-GB') exist, so ('en') translations will be used.
[2017.04.25-13.40.28:811][  0]LogD3D11RHI: D3D11 adapters:
[2017.04.25-13.40.30:535][  0]LogD3D11RHI:    0. 'NVIDIA GeForce GTX 860M' (Feature Level 11_0)
[2017.04.25-13.40.30:535][  0]LogD3D11RHI:       2019/0/8150 MB DedicatedVideo/DedicatedSystem/SharedSystem, Outputs:1, VendorId:0x10de
[2017.04.25-13.40.30:551][  0]LogD3D11RHI:    1. 'Intel(R) HD Graphics 4600' (Feature Level 11_0)
[2017.04.25-13.40.30:551][  0]LogD3D11RHI:       112/0/2048 MB DedicatedVideo/DedicatedSystem/SharedSystem, Outputs:0, VendorId:0x8086
[2017.04.25-13.40.30:556][  0]LogD3D11RHI:    2. 'Microsoft Basic Render Driver' (Feature Level 11_0)
[2017.04.25-13.40.30:556][  0]LogD3D11RHI:       0/0/8150 MB DedicatedVideo/DedicatedSystem/SharedSystem, Outputs:0, VendorId:0x1414
[2017.04.25-13.40.30:556][  0]LogD3D11RHI: Chosen D3D11 Adapter: 0
[2017.04.25-13.40.30:571][  0]LogD3D11RHI: Creating new Direct3DDevice
[2017.04.25-13.40.30:571][  0]LogD3D11RHI:     GPU DeviceId: 0x1392 (for the marketing name, search the web for "GPU Device Id")
[2017.04.25-13.40.30:571][  0]LogWindows: EnumDisplayDevices:
[2017.04.25-13.40.30:571][  0]LogWindows:    0. 'Intel(R) HD Graphics 4600' (P:1 D:1)
[2017.04.25-13.40.30:572][  0]LogWindows:    1. 'Intel(R) HD Graphics 4600' (P:0 D:0)
[2017.04.25-13.40.30:573][  0]LogWindows:    2. 'Intel(R) HD Graphics 4600' (P:0 D:0)
[2017.04.25-13.40.30:573][  0]LogWindows: DebugString: PrimaryIsNotTheChoosenAdapter PrimaryIsNotTheChoosenAdapter PrimaryIsNotTheChoosenAdapter FoundDriverCount:0 
[2017.04.25-13.40.30:573][  0]LogD3D11RHI:     Adapter Name: NVIDIA GeForce GTX 860M
[2017.04.25-13.40.30:573][  0]LogD3D11RHI:   Driver Version: Unknown (internal:Unknown, unified:Unknown)
[2017.04.25-13.40.30:573][  0]LogD3D11RHI:      Driver Date: Unknown
[2017.04.25-13.40.30:573][  0]LogRHI: Texture pool is 1361 MB (70% of 1945 MB)
[2017.04.25-13.40.31:995][  0]LogD3D11RHI: Async texture creation enabled
[2017.04.25-13.40.32:267][  0]LogD3D11RHI: GPU Timing Frequency: 1000.000000 (Debug: 2 1)
[2017.04.25-13.40.32:269][  0]LogShaderCompilers: Guid format shader working directory is -2 characters bigger than the processId version (../../../../../../Users/rasta/Desktop/ArdunoGame/Intermediate/Shaders/WorkingDirectory/9404/).
[2017.04.25-13.40.32:269][  0]LogShaderCompilers: Cleaned the shader compiler working directory 'C:/Users/rasta/AppData/Local/Temp/UnrealShaderWorkingDir/FC8D140C48FBB5D18DD937832EE18FA1/'.
[2017.04.25-13.40.32:269][  0]LogShaderCompilers:Display: Using Local Shader Compiler.
[2017.04.25-13.40.44:674][  0]LogTemp:Display: Loaded TP AllDesktopTargetPlatform
[2017.04.25-13.40.44:933][  0]LogTemp:Display: Loaded TP MacClientTargetPlatform
[2017.04.25-13.40.45:281][  0]LogTemp:Display: Loaded TP MacNoEditorTargetPlatform
[2017.04.25-13.40.45:568][  0]LogTemp:Display: Loaded TP MacServerTargetPlatform
[2017.04.25-13.40.45:779][  0]LogTemp:Display: Loaded TP MacTargetPlatform
[2017.04.25-13.40.45:951][  0]LogTemp:Display: Loaded TP WindowsClientTargetPlatform
[2017.04.25-13.40.46:113][  0]LogTemp:Display: Loaded TP WindowsNoEditorTargetPlatform
[2017.04.25-13.40.46:290][  0]LogTemp:Display: Loaded TP WindowsServerTargetPlatform
[2017.04.25-13.40.46:456][  0]LogTemp:Display: Loaded TP WindowsTargetPlatform
[2017.04.25-13.40.46:671][  0]LogTemp:Display: Loaded TP AndroidTargetPlatform
[2017.04.25-13.40.46:830][  0]LogTemp:Display: Loaded TP Android_ASTCTargetPlatform
[2017.04.25-13.40.46:991][  0]LogTemp:Display: Loaded TP Android_ATCTargetPlatform
[2017.04.25-13.40.47:164][  0]LogTemp:Display: Loaded TP Android_DXTTargetPlatform
[2017.04.25-13.40.47:331][  0]LogTemp:Display: Loaded TP Android_ETC1TargetPlatform
[2017.04.25-13.40.47:494][  0]LogTemp:Display: Loaded TP Android_ETC2TargetPlatform
[2017.04.25-13.40.47:853][  0]LogTemp:Display: Loaded TP Android_MultiTargetPlatform
[2017.04.25-13.40.47:853][  0]LogTemp:Display: Loaded TP Android_PVRTCTargetPlatform
[2017.04.25-13.40.48:000][  0]LogTemp:Display: Loaded TP HTML5TargetPlatform
[2017.04.25-13.40.48:295][  0]LogTemp:Display: Loaded TP IOSTargetPlatform
[2017.04.25-13.40.48:366][  0]LogTemp:Display: Loaded TP TVOSTargetPlatform
[2017.04.25-13.40.48:533][  0]LogTemp:Display: Loaded TP LinuxClientTargetPlatform
[2017.04.25-13.40.48:695][  0]LogTemp:Display: Loaded TP LinuxNoEditorTargetPlatform
[2017.04.25-13.40.48:863][  0]LogTemp:Display: Loaded TP LinuxServerTargetPlatform
[2017.04.25-13.40.49:046][  0]LogTemp:Display: Loaded TP LinuxTargetPlatform
[2017.04.25-13.40.49:046][  0]LogTargetPlatformManager:Display: Building Assets For Windows
[2017.04.25-13.40.50:218][  0]LogDerivedDataCache:Display: Max Cache Size: 512 MB
[2017.04.25-13.40.52:561][  0]LogDerivedDataCache: Loaded boot cache 2.34s 50MB C:/Users/rasta/AppData/Local/UnrealEngine/4.15/DerivedDataCache/Boot.ddc.
[2017.04.25-13.40.52:561][  0]LogDerivedDataCache:Display: Loaded Boot cache: C:/Users/rasta/AppData/Local/UnrealEngine/4.15/DerivedDataCache/Boot.ddc
[2017.04.25-13.40.52:561][  0]LogDerivedDataCache: FDerivedDataBackendGraph:  Pak pak cache file ../../../../../../Users/rasta/Desktop/ArdunoGame/DerivedDataCache/DDC.ddp not found, will not use a pak cache.
[2017.04.25-13.40.52:561][  0]LogDerivedDataCache: Unable to find inner node Pak for hierarchical cache Hierarchy.
[2017.04.25-13.40.52:561][  0]LogDerivedDataCache: FDerivedDataBackendGraph:  CompressedPak pak cache file ../../../../../../Users/rasta/Desktop/ArdunoGame/DerivedDataCache/Compressed.ddp not found, will not use a pak cache.
[2017.04.25-13.40.52:561][  0]LogDerivedDataCache: Unable to find inner node CompressedPak for hierarchical cache Hierarchy.
[2017.04.25-13.40.52:593][  0]LogDerivedDataCache:Display: Pak cache opened for reading ../../../Engine/DerivedDataCache/Compressed.ddp.
[2017.04.25-13.40.52:605][  0]LogDerivedDataCache: Using Local data cache path C:/Users/rasta/AppData/Local/UnrealEngine/Common/DerivedDataCache: Writable
[2017.04.25-13.40.52:623][  0]LogSlate: Using Freetype 2.6.0
[2017.04.25-13.40.52:633][  0]LogSlate: SlateFontCache - WITH_FREETYPE: 1, WITH_HARFBUZZ: 1
[2017.04.25-13.40.52:633][  0]LogSlate: SlateFontCache - WITH_FREETYPE: 1, WITH_HARFBUZZ: 1
[2017.04.25-13.40.55:919][  0]LogInit: Selected Device Profile: [Windows]
[2017.04.25-13.40.55:925][  0]LogContentStreaming: Texture pool size is 0.00 MB
[2017.04.25-13.40.56:620][  0]LogMeshUtilities: Using QuadricMeshReduction for automatic static mesh reduction
[2017.04.25-13.40.56:776][  0]LogSimplygon: Simplygon DLL not present - disabling.
[2017.04.25-13.40.56:957][  0]LogMeshUtilities: Using SimplygonSwarm for distributed automatic mesh merging
[2017.04.25-13.40.56:957][  0]LogMeshUtilities: No automatic skeletal mesh reduction module available
[2017.04.25-13.40.56:957][  0]LogMeshUtilities: No automatic mesh merging module available
[2017.04.25-13.40.59:544][  0]LogNetVersion: GetLocalNetworkVersion: CL: 3299760, ProjectName: ardunogame, ProjectVersion: , EngineNetworkVersion: 2, GameNetworkVersion: 0, NetworkChecksum: 3529948824
[2017.04.25-13.40.59:611][  0]LogAssetRegistry: FAssetRegistry took 0.0222 seconds to start up
[2017.04.25-13.40.59:677][  0]LogPackageLocalizationCache: Processed 3 localized package path(s) for 2 prioritized culture(s) in 0.029038 seconds
[2017.04.25-13.40.59:688][  0]LogUObjectArray: 32493 objects as part of root set at end of initial load.
[2017.04.25-13.40.59:688][  0]LogUObjectAllocator: 7077024 out of 0 bytes used by permanent object pool.
[2017.04.25-13.40.59:688][  0]LogUObjectArray: CloseDisregardForGC: 0/0 objects in disregard for GC pool
[2017.04.25-13.40.59:798][  0]LogInit: WinSock: version 1.1 (2.2), MaxSocks=32767, MaxUdp=65467
[2017.04.25-13.42.15:414][  0]LogTcpMessaging: Initializing TcpMessaging bridge
[2017.04.25-13.42.15:515][  0]LogUdpMessaging: Initializing bridge on interface 0.0.0.0:0 to multicast group 230.0.0.1:6666.
[2017.04.25-13.42.18:018][  0]LogMaterial: Uniform references updated for custom material expression Custom.
[2017.04.25-13.42.19:217][  0]SourceControl: Info Source control is disabled
[2017.04.25-13.42.19:427][  0]SourceControl: Info Source control is disabled
[2017.04.25-13.42.19:577][  0]SourceControl: Info Source control is disabled
[2017.04.25-13.42.19:732][  0]SourceControl: Info Source control is disabled
[2017.04.25-13.42.20:852][  0]LogLinker:Warning: Can't find file '/Game/ThirdPersonBP/ThirdPersonOverview'
[2017.04.25-13.42.20:852][  0]LogLinker:Warning: Can't find file '/Game/ThirdPersonBP/ThirdPersonOverview'
[2017.04.25-13.42.20:852][  0]LogUObjectGlobals:Warning: Failed to find object 'Class /Game/ThirdPersonBP/ThirdPersonOverview.ThirdPersonOverview_C'
[2017.04.25-13.42.24:269][  0]LogEngine: Initializing Engine...
[2017.04.25-13.42.24:269][  0]LogHMD: Failed to initialize OpenVR with code 110
[2017.04.25-13.42.24:866][  0]LogAIModule: Creating AISystem for world Untitled
[2017.04.25-13.42.24:885][  0]LogInit: XAudio2 using 'Speakers (Realtek High Definition Audio)' : 2 channels at 48 kHz using 16 bits per sample (channel mask 0x3)
[2017.04.25-13.42.24:926][  0]LogInit: FAudioDevice initialized.
[2017.04.25-13.42.24:965][  0]LogDerivedDataCache: Saved boot cache 0.04s 50MB C:/Users/rasta/AppData/Local/UnrealEngine/4.15/DerivedDataCache/Boot.ddc.
[2017.04.25-13.42.24:973][  0]LogInit: Texture streaming: Enabled
[2017.04.25-13.42.25:146][  0]LogEngineSessionManager: EngineSessionManager initialized
[2017.04.25-13.42.25:533][  0]LogInit: Transaction tracking system initialized
[2017.04.25-13.42.26:771][  0]BlueprintLog: New page: Editor Load
[2017.04.25-13.42.29:931][  0]LocalizationService: Info Localization service is disabled
[2017.04.25-13.42.32:452][  0]LogConsoleResponse:Display: 
[2017.04.25-13.42.32:916][  0]LogFileCache: Scanning file cache for directory 'C:/Users/rasta/Desktop/ArdunoGame/Content/' took 0.01s
[2017.04.25-13.42.32:916][  0]LogCook:Display: Max memory allowance for cook 16384mb min free memory 0mb
[2017.04.25-13.42.32:916][  0]LogCook:Display: Mobile HDR setting 1
[2017.04.25-13.42.36:621][  0]SourceControl: Info Source control is disabled
[2017.04.25-13.42.36:621][  0]Cmd: MAP LOAD FILE="../../../../../../Users/rasta/Desktop/ArdunoGame/Content/2DSideScrollerCPP/Maps/2DSideScrollerExampleMap.umap" TEMPLATE=0 SHOWPROGRESS=1 FEATURELEVEL=3
[2017.04.25-13.42.36:622][  0]LightingResults: New page: Lighting Build
[2017.04.25-13.42.36:756][  0]MapCheck: New page: Map Check
[2017.04.25-13.42.36:756][  0]LightingResults: New page: Lighting Build
[2017.04.25-13.42.37:880][  0]LogAIModule: Creating AISystem for world 2DSideScrollerExampleMap
[2017.04.25-13.42.38:533][  0]LogEditorServer: Finished looking for orphan Actors (0.000 secs)
[2017.04.25-13.42.38:707][  0]Cmd: MAP CHECKDEP NOCLEARLOG
[2017.04.25-13.42.38:759][  0]MapCheck: Info Map check complete: 0 Error(s), 0 Warning(s), took 51.694ms to complete.
[2017.04.25-13.42.38:759][  0]LogFileHelpers: Loading map '2DSideScrollerExampleMap' took 2.138
[2017.04.25-13.42.44:954][  0]LogCollectionManager: Loaded 0 collections in 0.003620 seconds
[2017.04.25-13.42.46:413][  0]LogFileCache: Scanning file cache for directory 'C:/Users/rasta/Desktop/ArdunoGame/Saved/Collections/' took 0.01s
[2017.04.25-13.42.46:414][  0]LogFileCache: Scanning file cache for directory 'C:/Users/rasta/Desktop/ArdunoGame/Content/Developers/rasta/Collections/' took 0.01s
[2017.04.25-13.42.46:414][  0]LogFileCache: Scanning file cache for directory 'C:/Users/rasta/Desktop/ArdunoGame/Content/Collections/' took 0.01s
[2017.04.25-13.42.46:414][  0]LogCollectionManager: Rebuilt the GUID cache for 0 collections in 0.000004 seconds
[2017.04.25-13.42.46:716][  0]LogContentBrowser: Native class hierarchy populated in 0.1316 seconds. Added 2247 classes and 455 folders.
[2017.04.25-13.42.47:130][  0]LogStats: UGameplayTagsManager::ConstructGameplayTagTree: Construct from data asset -  0.000 s
[2017.04.25-13.42.47:229][  0]LogStats: UGameplayTagsManager::ConstructGameplayTagTree: GameplayTagTreeChangedEvent.Broadcast -  0.033 s
[2017.04.25-13.42.47:495][  0]LogContentBrowser: Native class hierarchy updated for 'WidgetCarousel' in 0.0022 seconds. Added 0 classes and 0 folders.
[2017.04.25-13.42.49:333][  0]LogContentBrowser: Native class hierarchy updated for 'AddContentDialog' in 0.0022 seconds. Added 0 classes and 0 folders.
[2017.04.25-13.42.50:156][  0]LogContentBrowser: Native class hierarchy updated for 'SceneOutliner' in 0.0024 seconds. Added 1 classes and 2 folders.
[2017.04.25-13.42.53:296][  0]LogCrashTracker: Crashtracker disabled due to settings.
[2017.04.25-13.42.54:018][  0]LogUObjectGlobals:Warning: Failed to find object 'Class None.'
[2017.04.25-13.42.54:371][  0]LogContentBrowser: Native class hierarchy updated for 'HierarchicalLODOutliner' in 0.0023 seconds. Added 1 classes and 2 folders.
[2017.04.25-13.42.54:371][  0]LogLoad: (Engine Initialization) Total time: 163.18 seconds
[2017.04.25-13.42.54:371][  0]LogLoad: (Engine Initialization) Total Blueprint compile time: 0.27 seconds
[2017.04.25-13.42.54:371][  0]LogExternalProfiler: Found external profiler: VSPerf
[2017.04.25-13.42.54:371][  0]LogExternalProfiler: Using external profiler: VSPerf
[2017.04.25-13.42.54:711][  0]LogOcInput: OculusInput pre-init called
[2017.04.25-13.42.55:348][  0]LogContentStreaming: Texture pool size now 1000 MB
[2017.04.25-13.42.55:443][  0]LogSlate: Took 0.093108 seconds to synchronously load lazily loaded font '../../../Engine/Content/Slate/Fonts/Roboto-Regular.ttf' (155K)
[2017.04.25-13.42.55:501][  0]LogSlate: Took 0.052226 seconds to synchronously load lazily loaded font '../../../Engine/Content/Slate/Fonts/Roboto-Bold.ttf' (160K)
[2017.04.25-13.42.55:710][  0]LogSlate: Took 0.042214 seconds to synchronously load lazily loaded font '../../../Engine/Content/Editor/Slate/Fonts/FontAwesome.ttf' (139K)
[2017.04.25-13.42.59:483][  0]LogRenderer: Reallocating scene render targets to support 1208x580 NumSamples 1 (Frame:2).
[2017.04.25-13.43.00:483][  1]LogSlate: Took 0.013422 seconds to synchronously load lazily loaded font '../../../Engine/Content/Slate/Fonts/Roboto-Light.ttf' (159K)
[2017.04.25-13.43.00:968][  3]LogAssetRegistry: Asset discovery search completed in 121.3796 seconds
[2017.04.25-13.43.00:968][  3]LogCollectionManager: Rebuilt the object cache for 0 collections in 0.000007 seconds (found 0 objects)
[2017.04.25-13.43.00:968][  3]LogCollectionManager: Fixed up redirectors for 0 collections in 0.000040 seconds (updated 0 objects)
[2017.04.25-13.47.46:321][275]LogEditorViewport: Clicking on Actor (LMB): BP_2DSideScrollerCharacter_C (TP_2DSideScrollerCharacter)
[2017.04.25-13.47.58:943][797]LogSlate: Took 0.011293 seconds to synchronously load lazily loaded font '../../../Engine/Content/Slate/Fonts/Roboto-Light.ttf' (159K)
[2017.04.25-13.47.59:770][797]LogSlate: Took 0.000194 seconds to synchronously load lazily loaded font '../../../Engine/Content/Slate/Fonts/Roboto-Regular.ttf' (155K)
[2017.04.25-13.48.00:878][797]LogContentBrowser: Native class hierarchy updated for 'BlueprintGraph' in 0.0046 seconds. Added 112 classes and 0 folders.
[2017.04.25-13.48.15:258][203]LogSlate: Took 0.014037 seconds to synchronously load lazily loaded font '../../../Engine/Content/Editor/Slate/Fonts/Roboto-BoldCondensed.ttf' (158K)
[2017.04.25-13.48.17:955][210]LogRenderer: Reallocating scene render targets to support 1208x720 NumSamples 1 (Frame:1298).
[2017.04.25-13.48.53:907][120]BlueprintLog: New page: Compile BP_2DSideScrollerCharacter
[2017.04.25-13.48.58:515][182]LogTemp: Repeting last play command: Selected Viewport
[2017.04.25-13.48.58:542][182]LogBlueprintUserMessages: Early PlayInEditor Detection: Level '/Game/2DSideScrollerCPP/Maps/2DSideScrollerExampleMap.2DSideScrollerExampleMap:PersistentLevel' has LevelScriptBlueprint '/Game/2DSideScrollerCPP/Maps/2DSideScrollerExampleMap.2DSideScrollerExampleMap:PersistentLevel.2DSideScrollerExampleMap' with GeneratedClass '/Game/2DSideScrollerCPP/Maps/2DSideScrollerExampleMap.2DSideScrollerExampleMap_C' with ClassGeneratedBy '/Game/2DSideScrollerCPP/Maps/2DSideScrollerExampleMap.2DSideScrollerExampleMap:PersistentLevel.2DSideScrollerExampleMap'
[2017.04.25-13.48.58:596][182]LogPlayLevel: PlayLevel: No blueprints needed recompiling
[2017.04.25-13.48.58:728][182]PIE: New page: PIE session: 2DSideScrollerExampleMap (25 Apr 2017 15:48:58)
[2017.04.25-13.48.58:763][182]LogPlayLevel: Creating play world package: /Game/2DSideScrollerCPP/Maps/UEDPIE_0_2DSideScrollerExampleMap
[2017.04.25-13.48.58:939][182]LogPlayLevel: PIE: StaticDuplicateObject took: (0.175974s)
[2017.04.25-13.48.58:940][182]LogAIModule: Creating AISystem for world 2DSideScrollerExampleMap
[2017.04.25-13.48.58:940][182]LogPlayLevel: PIE: World Init took: (0.000942s)
[2017.04.25-13.48.58:966][182]LogPlayLevel: PIE: Created PIE world by copying editor world from /Game/2DSideScrollerCPP/Maps/2DSideScrollerExampleMap.2DSideScrollerExampleMap to /Game/2DSideScrollerCPP/Maps/UEDPIE_0_2DSideScrollerExampleMap.2DSideScrollerExampleMap (0.202620s)
[2017.04.25-13.48.59:129][182]LogInit: XAudio2 using 'Speakers (Realtek High Definition Audio)' : 2 channels at 48 kHz using 16 bits per sample (channel mask 0x3)
[2017.04.25-13.48.59:154][182]LogInit: FAudioDevice initialized.
[2017.04.25-13.48.59:596][182]LogLoad: Game class is 'ArdunoGameGameMode'
[2017.04.25-13.49.00:019][182]LogWorld: Bringing World /Game/2DSideScrollerCPP/Maps/UEDPIE_0_2DSideScrollerExampleMap.2DSideScrollerExampleMap up for play (max tick rate 3) at 2017.04.25-14.49.00
[2017.04.25-13.49.00:093][182]LogWorld: Bringing up level for play took: 0.076742
[2017.04.25-13.49.00:753][182]LogContentBrowser: Native class hierarchy updated for 'MovieSceneCapture' in 0.0026 seconds. Added 11 classes and 0 folders.
[2017.04.25-13.49.00:899][182]PIE: Info Play in editor start time for /Game/2DSideScrollerCPP/Maps/UEDPIE_0_2DSideScrollerExampleMap 3.236
[2017.04.25-13.49.00:899][182]LogBlueprintUserMessages: Late PlayInEditor Detection: Level '/Game/2DSideScrollerCPP/Maps/2DSideScrollerExampleMap.2DSideScrollerExampleMap:PersistentLevel' has LevelScriptBlueprint '/Game/2DSideScrollerCPP/Maps/2DSideScrollerExampleMap.2DSideScrollerExampleMap:PersistentLevel.2DSideScrollerExampleMap' with GeneratedClass '/Game/2DSideScrollerCPP/Maps/2DSideScrollerExampleMap.2DSideScrollerExampleMap_C' with ClassGeneratedBy '/Game/2DSideScrollerCPP/Maps/2DSideScrollerExampleMap.2DSideScrollerExampleMap:PersistentLevel.2DSideScrollerExampleMap'
[2017.04.25-13.49.12:694][743]LogBlueprintUserMessages: Early EndPlayMap Detection: Level '/Game/2DSideScrollerCPP/Maps/2DSideScrollerExampleMap.2DSideScrollerExampleMap:PersistentLevel' has LevelScriptBlueprint '/Game/2DSideScrollerCPP/Maps/2DSideScrollerExampleMap.2DSideScrollerExampleMap:PersistentLevel.2DSideScrollerExampleMap' with GeneratedClass '/Game/2DSideScrollerCPP/Maps/2DSideScrollerExampleMap.2DSideScrollerExampleMap_C' with ClassGeneratedBy '/Game/2DSideScrollerCPP/Maps/2DSideScrollerExampleMap.2DSideScrollerExampleMap:PersistentLevel.2DSideScrollerExampleMap'
[2017.04.25-13.49.13:362][743]LogBlueprintUserMessages: Late EndPlayMap Detection: Level '/Game/2DSideScrollerCPP/Maps/2DSideScrollerExampleMap.2DSideScrollerExampleMap:PersistentLevel' has LevelScriptBlueprint '/Game/2DSideScrollerCPP/Maps/2DSideScrollerExampleMap.2DSideScrollerExampleMap:PersistentLevel.2DSideScrollerExampleMap' with GeneratedClass '/Game/2DSideScrollerCPP/Maps/2DSideScrollerExampleMap.2DSideScrollerExampleMap_C' with ClassGeneratedBy '/Game/2DSideScrollerCPP/Maps/2DSideScrollerExampleMap.2DSideScrollerExampleMap:PersistentLevel.2DSideScrollerExampleMap'
[2017.04.25-13.49.20:494][128]BlueprintLog: New page: Compile BP_2DSideScrollerCharacter
[2017.04.25-13.49.22:667][160]LogTemp: Repeting last play command: Selected Viewport
[2017.04.25-13.49.22:678][160]LogBlueprintUserMessages: Early PlayInEditor Detection: Level '/Game/2DSideScrollerCPP/Maps/2DSideScrollerExampleMap.2DSideScrollerExampleMap:PersistentLevel' has LevelScriptBlueprint '/Game/2DSideScrollerCPP/Maps/2DSideScrollerExampleMap.2DSideScrollerExampleMap:PersistentLevel.2DSideScrollerExampleMap' with GeneratedClass '/Game/2DSideScrollerCPP/Maps/2DSideScrollerExampleMap.2DSideScrollerExampleMap_C' with ClassGeneratedBy '/Game/2DSideScrollerCPP/Maps/2DSideScrollerExampleMap.2DSideScrollerExampleMap:PersistentLevel.2DSideScrollerExampleMap'
[2017.04.25-13.49.22:678][160]LogPlayLevel: PlayLevel: No blueprints needed recompiling
[2017.04.25-13.49.22:679][160]PIE: New page: PIE session: 2DSideScrollerExampleMap (25 Apr 2017 15:49:22)
[2017.04.25-13.49.22:679][160]LogPlayLevel: Creating play world package: /Game/2DSideScrollerCPP/Maps/UEDPIE_0_2DSideScrollerExampleMap
[2017.04.25-13.49.22:682][160]LogPlayLevel: PIE: StaticDuplicateObject took: (0.003460s)
[2017.04.25-13.49.22:683][160]LogAIModule: Creating AISystem for world 2DSideScrollerExampleMap
[2017.04.25-13.49.22:683][160]LogPlayLevel: PIE: World Init took: (0.000851s)
[2017.04.25-13.49.22:683][160]LogPlayLevel: PIE: Created PIE world by copying editor world from /Game/2DSideScrollerCPP/Maps/2DSideScrollerExampleMap.2DSideScrollerExampleMap to /Game/2DSideScrollerCPP/Maps/UEDPIE_0_2DSideScrollerExampleMap.2DSideScrollerExampleMap (0.004587s)
[2017.04.25-13.49.22:748][160]LogInit: XAudio2 using 'Speakers (Realtek High Definition Audio)' : 2 channels at 48 kHz using 16 bits per sample (channel mask 0x3)
[2017.04.25-13.49.22:770][160]LogInit: FAudioDevice initialized.
[2017.04.25-13.49.22:835][160]LogLoad: Game class is 'ArdunoGameGameMode'
[2017.04.25-13.49.22:838][160]LogWorld: Bringing World /Game/2DSideScrollerCPP/Maps/UEDPIE_0_2DSideScrollerExampleMap.2DSideScrollerExampleMap up for play (max tick rate 60) at 2017.04.25-14.49.22
[2017.04.25-13.49.22:838][160]LogWorld: Bringing up level for play took: 0.002002
[2017.04.25-13.49.22:839][160]PIE: Info Play in editor start time for /Game/2DSideScrollerCPP/Maps/UEDPIE_0_2DSideScrollerExampleMap -0.823
[2017.04.25-13.49.22:840][160]LogBlueprintUserMessages: Late PlayInEditor Detection: Level '/Game/2DSideScrollerCPP/Maps/2DSideScrollerExampleMap.2DSideScrollerExampleMap:PersistentLevel' has LevelScriptBlueprint '/Game/2DSideScrollerCPP/Maps/2DSideScrollerExampleMap.2DSideScrollerExampleMap:PersistentLevel.2DSideScrollerExampleMap' with GeneratedClass '/Game/2DSideScrollerCPP/Maps/2DSideScrollerExampleMap.2DSideScrollerExampleMap_C' with ClassGeneratedBy '/Game/2DSideScrollerCPP/Maps/2DSideScrollerExampleMap.2DSideScrollerExampleMap:PersistentLevel.2DSideScrollerExampleMap'
[2017.04.25-13.49.32:104][715]LogBlueprintUserMessages: Early EndPlayMap Detection: Level '/Game/2DSideScrollerCPP/Maps/2DSideScrollerExampleMap.2DSideScrollerExampleMap:PersistentLevel' has LevelScriptBlueprint '/Game/2DSideScrollerCPP/Maps/2DSideScrollerExampleMap.2DSideScrollerExampleMap:PersistentLevel.2DSideScrollerExampleMap' with GeneratedClass '/Game/2DSideScrollerCPP/Maps/2DSideScrollerExampleMap.2DSideScrollerExampleMap_C' with ClassGeneratedBy '/Game/2DSideScrollerCPP/Maps/2DSideScrollerExampleMap.2DSideScrollerExampleMap:PersistentLevel.2DSideScrollerExampleMap'
[2017.04.25-13.49.32:368][715]LogBlueprintUserMessages: Late EndPlayMap Detection: Level '/Game/2DSideScrollerCPP/Maps/2DSideScrollerExampleMap.2DSideScrollerExampleMap:PersistentLevel' has LevelScriptBlueprint '/Game/2DSideScrollerCPP/Maps/2DSideScrollerExampleMap.2DSideScrollerExampleMap:PersistentLevel.2DSideScrollerExampleMap' with GeneratedClass '/Game/2DSideScrollerCPP/Maps/2DSideScrollerExampleMap.2DSideScrollerExampleMap_C' with ClassGeneratedBy '/Game/2DSideScrollerCPP/Maps/2DSideScrollerExampleMap.2DSideScrollerExampleMap:PersistentLevel.2DSideScrollerExampleMap'
[2017.04.25-13.49.37:247][838]LogSavePackage: Save=125.88ms
[2017.04.25-13.49.37:247][838]LogSavePackage: Moving '../../../../../../Users/rasta/Desktop/ArdunoGame/Saved/BP_2DSideScrollerCharacterCB5754EE4A58118920716D8B20376B7E.tmp' to '../../../../../../Users/rasta/Desktop/ArdunoGame/Content/2DSideScrollerCPP/Blueprints/BP_2DSideScrollerCharacter.uasset'
[2017.04.25-13.49.37:251][838]LogSavePackage:Display: Finished SavePackage ../../../../../../Users/rasta/Desktop/ArdunoGame/Content/2DSideScrollerCPP/Blueprints/BP_2DSideScrollerCharacter.uasset
[2017.04.25-13.49.37:522][838]LogSavePackage: Save=163.95ms
[2017.04.25-13.49.37:522][838]LogSavePackage: Moving '../../../../../../Users/rasta/Desktop/ArdunoGame/Saved/2DSideScrollerExampleMap9FF1B8B94AA1A92E8A375595E82D680E.tmp' to '../../../../../../Users/rasta/Desktop/ArdunoGame/Content/2DSideScrollerCPP/Maps/2DSideScrollerExampleMap.umap'
[2017.04.25-13.49.37:524][838]LogSavePackage:Display: Finished SavePackage ../../../../../../Users/rasta/Desktop/ArdunoGame/Content/2DSideScrollerCPP/Maps/2DSideScrollerExampleMap.umap
[2017.04.25-13.49.37:601][838]LogFileHelpers: Saving map '2DSideScrollerExampleMap' took 0.339
[2017.04.25-13.50.29:320][567]Running C:/Program Files/Epic Games/UE_4.15/Engine/Binaries/DotNET/UnrealBuildTool.exe ArdunoGame Win64 Development -editorrecompile "C:/Users/rasta/Desktop/ArdunoGame/ArdunoGame.uproject" -invalidatemakefilesonly
[2017.04.25-13.50.30:140][567]Invalidating makefiles only in this run.
[2017.04.25-13.50.30:291][567]Recompiling ArdunoGame...
[2017.04.25-13.50.30:291][567]Launching UnrealBuildTool... [C:/Program Files/Epic Games/UE_4.15/Engine/Binaries/DotNET/UnrealBuildTool.exe ArdunoGame -ModuleWithSuffix ArdunoGame 2417 Win64 Development -editorrecompile -canskiplink "C:/Users/rasta/Desktop/ArdunoGame/ArdunoGame.uproject" ]
[2017.04.25-13.50.49:392][567]CompilerResultsLog: New page: Compilation - 25 Apr 2017 15:50:49
[2017.04.25-13.50.49:392][567]CompilerResultsLog: Info Performing full C++ include scan (hot reloading a new target)
[2017.04.25-13.50.49:392][567]CompilerResultsLog: Info Compiling game modules for hot reload
[2017.04.25-13.50.49:392][567]CompilerResultsLog: Info Parsing headers for ArdunoGameEditor
[2017.04.25-13.50.49:392][567]CompilerResultsLog: Info   Running UnrealHeaderTool "C:\Users\rasta\Desktop\ArdunoGame\ArdunoGame.uproject" "C:\Users\rasta\Desktop\ArdunoGame\Intermediate\Build\Win64\ArdunoGameEditor\Development\ArdunoGameEditor.uhtmanifest" -LogCmds="loginit warning, logexit warning, logdatabase error" -Unattended -WarningsAsErrors -installed
[2017.04.25-13.50.49:392][567]CompilerResultsLog: Info Reflection code generated for ArdunoGameEditor in 9.209408 seconds
[2017.04.25-13.50.49:392][567]CompilerResultsLog: Info Performing 3 actions (4 in parallel)
[2017.04.25-13.50.49:392][567]CompilerResultsLog: Info MyClass.cpp
[2017.04.25-13.50.49:392][567]CompilerResultsLog: Info [2/3] Link UE4Editor-ArdunoGame-2417.dll
[2017.04.25-13.50.49:392][567]CompilerResultsLog: Info [3/3] Link UE4Editor-ArdunoGame-2417.lib
[2017.04.25-13.50.49:392][567]CompilerResultsLog: Info    Creating library C:\Users\rasta\Desktop\ArdunoGame\Intermediate\Build\Win64\UE4Editor\Development\UE4Editor-ArdunoGame-2417.lib and object C:\Users\rasta\Desktop\ArdunoGame\Intermediate\Build\Win64\UE4Editor\Development\UE4Editor-ArdunoGame-2417.exp
[2017.04.25-13.50.49:392][567]CompilerResultsLog: Info    Creating library C:\Users\rasta\Desktop\ArdunoGame\Intermediate\Build\Win64\UE4Editor\Development\UE4Editor-ArdunoGame-2417.suppressed.lib and object C:\Users\rasta\Desktop\ArdunoGame\Intermediate\Build\Win64\UE4Editor\Development\UE4Editor-ArdunoGame-2417.suppressed.exp
[2017.04.25-13.50.49:392][567]CompilerResultsLog: Info Total build time: 18.54 seconds (Local executor: 2.80 seconds)
[2017.04.25-13.50.49:411][567]LogMainFrame: MainFrame: Module compiling took 19.136 seconds
[2017.04.25-13.50.49:644][567]LogHotReload: Re-instancing ArdunoGameCharacter after hot-reload.
[2017.04.25-13.50.50:503][567]LogContentBrowser: Native class hierarchy updated for 'ArdunoGame' in 0.0023 seconds. Added 2 classes and 2 folders.
[2017.04.25-13.50.50:505][567]Display: HotReload successful (0 functions remapped  0 scriptstructs remapped)
[2017.04.25-13.50.50:975][567]LogContentBrowser: Native class hierarchy populated in 0.0156 seconds. Added 2249 classes and 459 folders.
[2017.04.25-13.50.51:057][567]Display: HotReload took 20.8s.
[2017.04.25-13.50.51:059][567]Warning: HotReload operation took 20.8s.
[2017.04.25-13.50.51:943][567]LogVSAccessor:Warning: Couldn't goto line number '0' in 'C:/Users/rasta/Desktop/ArdunoGame/Source/ArdunoGame/MyClass.h'
[2017.04.25-13.50.51:947][567]LogVSAccessor:Warning: Couldn't open file 'C:/Users/rasta/Desktop/ArdunoGame/Source/ArdunoGame/MyClass.cpp'.
[2017.04.25-13.50.51:974][567]LogHotReload: New module detected: UE4Editor-ArdunoGame-2417.dll
[2017.04.25-13.50.52:158][568]LogHotReload: Starting Hot-Reload from IDE
[2017.04.25-13.50.52:451][568]LogContentBrowser: Native class hierarchy updated for 'ArdunoGame' in 0.0024 seconds. Added 2 classes and 2 folders.
[2017.04.25-13.50.52:454][568]Display: HotReload successful (0 functions remapped  0 scriptstructs remapped)
[2017.04.25-13.50.52:826][568]LogContentBrowser: Native class hierarchy populated in 0.0153 seconds. Added 2249 classes and 459 folders.
[2017.04.25-13.50.52:833][568]Display: HotReload took  0.7s.
[2017.04.25-13.51.04:755][844]LogWindowsTextInputMethodSystem:Display: IME system now deactivated.
[2017.04.25-13.51.04:755][844]LogWindowsTextInputMethodSystem:Display: IME system now deactivated.
[2017.04.25-13.51.05:124][845]Cmd: QUIT_EDITOR
[2017.04.25-13.51.05:814][845]LogExit: Preparing to exit.
[2017.04.25-13.51.06:817][845]LogDirectoryWatcher: A directory notification for 'C:/Users/rasta/Desktop/ArdunoGame/Content/' was aborted.
[2017.04.25-13.51.06:851][845]LogExit: Editor shut down
[2017.04.25-13.51.06:852][845]LogExit: Transaction tracking system shut down
[2017.04.25-13.51.06:975][845]LogObj: Freed 0b from 0 cluster array pools.
[2017.04.25-13.51.06:975][845]LogExit: Object subsystem successfully closed.
[2017.04.25-13.51.06:995][845]LogD3D11RHI: Shutdown
[2017.04.25-13.51.06:995][845]LogD3D11RHI: CleanupD3DDevice
[2017.04.25-13.51.07:117][845]LogD3D11RHI: ~FD3D11DynamicRHI
[2017.04.25-13.51.07:160][845]LogModuleManager: Shutting down and abandoning module ArdunoGame (508)
[2017.04.25-13.51.07:160][845]LogModuleManager: Shutting down and abandoning module MovieSceneCapture (506)
[2017.04.25-13.51.07:160][845]LogModuleManager: Shutting down and abandoning module BlueprintGraph (504)
[2017.04.25-13.51.07:160][845]LogModuleManager: Shutting down and abandoning module BlueprintProfiler (502)
[2017.04.25-13.51.07:161][845]LogModuleManager: Shutting down and abandoning module HierarchicalLODOutliner (500)
[2017.04.25-13.51.07:161][845]LogModuleManager: Shutting down and abandoning module CrashTracker (498)
[2017.04.25-13.51.07:161][845]LogModuleManager: Shutting down and abandoning module SceneOutliner (496)
[2017.04.25-13.51.07:161][845]LogModuleManager: Shutting down and abandoning module AddContentDialog (494)
[2017.04.25-13.51.07:161][845]LogDirectoryWatcher: A directory notification for 'C:/Program Files/Epic Games/UE_4.15/FeaturePacks/' was aborted.
[2017.04.25-13.51.07:162][845]LogModuleManager: Shutting down and abandoning module WidgetCarousel (493)
[2017.04.25-13.51.07:162][845]LogModuleManager: Shutting down and abandoning module EditorWidgets (490)
[2017.04.25-13.51.07:162][845]LogModuleManager: Shutting down and abandoning module CollectionManager (488)
[2017.04.25-13.51.07:162][845]LogDirectoryWatcher: A directory notification for 'C:/Users/rasta/Desktop/ArdunoGame/Content/Collections/' was aborted.
[2017.04.25-13.51.07:162][845]LogDirectoryWatcher: A directory notification for 'C:/Users/rasta/Desktop/ArdunoGame/Content/Developers/rasta/Collections/' was aborted.
[2017.04.25-13.51.07:162][845]LogDirectoryWatcher: A directory notification for 'C:/Users/rasta/Desktop/ArdunoGame/Saved/Collections/' was aborted.
[2017.04.25-13.51.07:163][845]LogModuleManager: Shutting down and abandoning module StatsViewer (486)
[2017.04.25-13.51.07:163][845]LogModuleManager: Shutting down and abandoning module FoliageEdit (484)
[2017.04.25-13.51.07:163][845]LogModuleManager: Shutting down and abandoning module LandscapeEditor (482)
[2017.04.25-13.51.07:163][845]LogModuleManager: Shutting down and abandoning module SceneDepthPickerMode (480)
[2017.04.25-13.51.07:163][845]LogModuleManager: Shutting down and abandoning module ActorPickerMode (478)
[2017.04.25-13.51.07:163][845]LogModuleManager: Shutting down and abandoning module GeometryMode (476)
[2017.04.25-13.51.07:163][845]LogModuleManager: Shutting down and abandoning module TextureAlignMode (474)
[2017.04.25-13.51.07:163][845]LogModuleManager: Shutting down and abandoning module BspMode (472)
[2017.04.25-13.51.07:163][845]LogModuleManager: Shutting down and abandoning module HardwareSurvey (470)
[2017.04.25-13.51.07:163][845]LogModuleManager: Shutting down and abandoning module SequenceRecorderSections (468)
[2017.04.25-13.51.07:163][845]LogModuleManager: Shutting down and abandoning module AutomationWorker (466)
[2017.04.25-13.51.07:163][845]LogModuleManager: Shutting down and abandoning module MatineeToLevelSequence (464)
[2017.04.25-13.51.07:163][845]LogModuleManager: Shutting down and abandoning module LevelSequenceEditor (462)
[2017.04.25-13.51.07:163][845]LogModuleManager: Shutting down and abandoning module PlacementMode (461)
[2017.04.25-13.51.07:163][845]LogModuleManager: Shutting down and abandoning module WmfMediaFactory (458)
[2017.04.25-13.51.07:163][845]LogModuleManager: Shutting down and abandoning module WmfMediaEditor (456)
[2017.04.25-13.51.07:163][845]LogModuleManager: Shutting down and abandoning module MfMediaFactory (454)
[2017.04.25-13.51.07:163][845]LogModuleManager: Shutting down and abandoning module MfMediaEditor (452)
[2017.04.25-13.51.07:163][845]LogModuleManager: Shutting down and abandoning module AvfMediaFactory (450)
[2017.04.25-13.51.07:163][845]LogModuleManager: Shutting down and abandoning module AvfMediaEditor (448)
[2017.04.25-13.51.07:163][845]LogModuleManager: Shutting down and abandoning module AndroidMediaFactory (446)
[2017.04.25-13.51.07:163][845]LogModuleManager: Shutting down and abandoning module Media (445)
[2017.04.25-13.51.07:163][845]LogModuleManager: Shutting down and abandoning module AndroidMediaEditor (442)
[2017.04.25-13.51.07:163][845]LogModuleManager: Shutting down and abandoning module CharacterAI (440)
[2017.04.25-13.51.07:163][845]LogModuleManager: Shutting down and abandoning module AudioCapture (438)
[2017.04.25-13.51.07:163][845]LogModuleManager: Shutting down and abandoning module SequenceRecorder (437)
[2017.04.25-13.51.07:163][845]LogModuleManager: Shutting down and abandoning module SmartSnapping (434)
[2017.04.25-13.51.07:163][845]LogModuleManager: Shutting down and abandoning module SessionServices (432)
[2017.04.25-13.51.07:163][845]LogModuleManager: Shutting down and abandoning module ViewportSnapping (430)
[2017.04.25-13.51.07:163][845]LogModuleManager: Shutting down and abandoning module ViewportInteraction (428)
[2017.04.25-13.51.07:163][845]LogModuleManager: Shutting down and abandoning module LogVisualizer (426)
[2017.04.25-13.51.07:163][845]LogModuleManager: Shutting down and abandoning module IntroTutorials (424)
[2017.04.25-13.51.07:164][845]LogModuleManager: Shutting down and abandoning module GameProjectGeneration (423)
[2017.04.25-13.51.07:164][845]LogModuleManager: Shutting down and abandoning module EditorLiveStreaming (420)
[2017.04.25-13.51.07:164][845]LogModuleManager: Shutting down and abandoning module IOSPlatformEditor (418)
[2017.04.25-13.51.07:164][845]LogModuleManager: Shutting down and abandoning module HTML5PlatformEditor (416)
[2017.04.25-13.51.07:164][845]LogModuleManager: Shutting down and abandoning module AndroidPlatformEditor (414)
[2017.04.25-13.51.07:164][845]LogModuleManager: Shutting down and abandoning module AndroidDeviceDetection (413)
[2017.04.25-13.51.07:435][845]LogModuleManager: Shutting down and abandoning module IOSRuntimeSettings (410)
[2017.04.25-13.51.07:435][845]LogModuleManager: Shutting down and abandoning module AndroidRuntimeSettings (408)
[2017.04.25-13.51.07:435][845]LogModuleManager: Shutting down and abandoning module InputBindingEditor (406)
[2017.04.25-13.51.07:435][845]LogModuleManager: Shutting down and abandoning module NiagaraEditor (404)
[2017.04.25-13.51.07:435][845]LogModuleManager: Shutting down and abandoning module MergeActors (402)
[2017.04.25-13.51.07:435][845]LogModuleManager: Shutting down and abandoning module SizeMap (400)
[2017.04.25-13.51.07:435][845]LogModuleManager: Shutting down and abandoning module TreeMap (398)
[2017.04.25-13.51.07:435][845]LogModuleManager: Shutting down and abandoning module ReferenceViewer (396)
[2017.04.25-13.51.07:435][845]LogModuleManager: Shutting down and abandoning module LocalizationDashboard (394)
[2017.04.25-13.51.07:435][845]LogModuleManager: Shutting down and abandoning module LocalizationService (393)
[2017.04.25-13.51.07:435][845]LogModuleManager: Shutting down and abandoning module HardwareTargeting (390)
[2017.04.25-13.51.07:435][845]LogModuleManager: Shutting down and abandoning module DeviceProfileEditor (388)
[2017.04.25-13.51.07:435][845]LogModuleManager: Shutting down and abandoning module UndoHistory (386)
[2017.04.25-13.51.07:435][845]LogModuleManager: Shutting down and abandoning module UserFeedback (384)
[2017.04.25-13.51.07:435][845]LogModuleManager: Shutting down and abandoning module XmlParser (382)
[2017.04.25-13.51.07:435][845]LogModuleManager: Shutting down and abandoning module Blutility (380)
[2017.04.25-13.51.07:435][845]LogModuleManager: Shutting down and abandoning module ProjectSettingsViewer (378)
[2017.04.25-13.51.07:435][845]LogModuleManager: Shutting down and abandoning module ProjectTargetPlatformEditor (377)
[2017.04.25-13.51.07:436][845]LogModuleManager: Shutting down and abandoning module EditorSettingsViewer (374)
[2017.04.25-13.51.07:436][845]LogModuleManager: Shutting down and abandoning module SettingsEditor (372)
[2017.04.25-13.51.07:436][845]LogModuleManager: Shutting down and abandoning module ProjectLauncher (370)
[2017.04.25-13.51.07:436][845]LogModuleManager: Shutting down and abandoning module SessionFrontend (368)
[2017.04.25-13.51.07:436][845]LogModuleManager: Shutting down and abandoning module ProfilerClient (366)
[2017.04.25-13.51.07:436][845]LogModuleManager: Shutting down and abandoning module DeviceManager (364)
[2017.04.25-13.51.07:436][845]LogModuleManager: Shutting down and abandoning module TargetDeviceServices (363)
[2017.04.25-13.51.07:488][845]LogModuleManager: Shutting down and abandoning module AutomationController (360)
[2017.04.25-13.51.07:488][845]LogModuleManager: Shutting down and abandoning module AutomationWindow (358)
[2017.04.25-13.51.07:488][845]LogModuleManager: Shutting down and abandoning module Layers (356)
[2017.04.25-13.51.07:488][845]LogModuleManager: Shutting down and abandoning module ComponentVisualizers (354)
[2017.04.25-13.51.07:488][845]LogModuleManager: Shutting down and abandoning module DetailCustomizations (352)
[2017.04.25-13.51.07:488][845]LogModuleManager: Shutting down and abandoning module PackagesDialog (350)
[2017.04.25-13.51.07:489][845]LogModuleManager: Shutting down and abandoning module Persona (348)
[2017.04.25-13.51.07:489][845]LogModuleManager: Shutting down and abandoning module AnimGraph (347)
[2017.04.25-13.51.07:489][845]LogModuleManager: Shutting down and abandoning module Kismet (344)
[2017.04.25-13.51.07:492][845]LogModuleManager: Shutting down and abandoning module GraphEditor (342)
[2017.04.25-13.51.07:493][845]LogModuleManager: Shutting down and abandoning module ClassViewer (340)
[2017.04.25-13.51.07:496][845]LogModuleManager: Shutting down and abandoning module Toolbox (338)
[2017.04.25-13.51.07:496][845]LogModuleManager: Shutting down and abandoning module ModuleUI (336)
[2017.04.25-13.51.07:496][845]LogModuleManager: Shutting down and abandoning module MovieSceneTools (334)
[2017.04.25-13.51.07:496][845]LogModuleManager: Shutting down and abandoning module OutputLog (332)
[2017.04.25-13.51.07:496][845]LogModuleManager: Shutting down and abandoning module GammaUI (330)
[2017.04.25-13.51.07:497][845]LogModuleManager: Shutting down and abandoning module Documentation (328)
[2017.04.25-13.51.07:497][845]LogModuleManager: Shutting down and abandoning module Niagara (326)
[2017.04.25-13.51.07:497][845]LogModuleManager: Shutting down and abandoning module StreamingPauseRendering (324)
[2017.04.25-13.51.07:497][845]LogModuleManager: Shutting down and abandoning module AnalyticsET (322)
[2017.04.25-13.51.07:497][845]LogModuleManager: Shutting down and abandoning module PortalServices (320)
[2017.04.25-13.51.07:497][845]LogModuleManager: Shutting down and abandoning module PortalRpc (318)
[2017.04.25-13.51.07:497][845]LogModuleManager: Shutting down and abandoning module MessagingRpc (316)
[2017.04.25-13.51.07:497][845]LogModuleManager: Shutting down and abandoning module AIModule (314)
[2017.04.25-13.51.07:497][845]LogModuleManager: Shutting down and abandoning module GameplayDebugger (313)
[2017.04.25-13.51.07:497][845]LogModuleManager: Shutting down and abandoning module AITestSuite (311)
[2017.04.25-13.51.07:497][845]LogModuleManager: Shutting down and abandoning module ProfilerService (308)
[2017.04.25-13.51.07:571][845]LogModuleManager: Shutting down and abandoning module TaskGraph (306)
[2017.04.25-13.51.07:571][845]LogModuleManager: Shutting down and abandoning module SteamVRController (304)
[2017.04.25-13.51.07:571][845]LogModuleManager: Shutting down and abandoning module SteamVR (302)
[2017.04.25-13.51.07:571][845]LogModuleManager: Shutting down and abandoning module ProceduralMeshComponentEditor (300)
[2017.04.25-13.51.07:571][845]LogModuleManager: Shutting down and abandoning module ProceduralMeshComponent (298)
[2017.04.25-13.51.07:571][845]LogModuleManager: Shutting down and abandoning module OculusLibrary (296)
[2017.04.25-13.51.07:571][845]LogModuleManager: Shutting down and abandoning module OculusInput (294)
[2017.04.25-13.51.07:571][845]LogModuleManager: Shutting down and abandoning module MobilePatchingUtils (292)
[2017.04.25-13.51.07:571][845]LogModuleManager: Shutting down and abandoning module CustomMeshComponent (290)
[2017.04.25-13.51.07:571][845]LogModuleManager: Shutting down and abandoning module CableComponent (288)
[2017.04.25-13.51.07:571][845]LogModuleManager: Shutting down and abandoning module ArchVisCharacter (286)
[2017.04.25-13.51.07:571][845]LogModuleManager: Shutting down and abandoning module MediaPlayerEditor (282)
[2017.04.25-13.51.07:571][845]LogModuleManager: Shutting down and abandoning module HTML5Networking (280)
[2017.04.25-13.51.07:571][845]LogModuleManager: Shutting down and abandoning module AlembicImporter (278)
[2017.04.25-13.51.07:571][845]LogModuleManager: Shutting down and abandoning module AlembicLibrary (277)
[2017.04.25-13.51.07:571][845]LogModuleManager: Shutting down and abandoning module GeometryCache (276)
[2017.04.25-13.51.07:571][845]LogModuleManager: Shutting down and abandoning module GeometryCacheEd (275)
[2017.04.25-13.51.07:571][845]LogModuleManager: Shutting down and abandoning module SuperSearchEditor (270)
[2017.04.25-13.51.07:571][845]LogModuleManager: Shutting down and abandoning module SuperSearch (269)
[2017.04.25-13.51.07:571][845]LogModuleManager: Shutting down and abandoning module SpeedTreeImporter (266)
[2017.04.25-13.51.07:571][845]LogModuleManager: Shutting down and abandoning module PluginBrowser (264)
[2017.04.25-13.51.07:572][845]LogModuleManager: Shutting down and abandoning module MobileLauncherProfileWizard (262)
[2017.04.25-13.51.07:572][845]LogModuleManager: Shutting down and abandoning module EpicSurvey (260)
[2017.04.25-13.51.07:572][845]LogModuleManager: Shutting down and abandoning module VisualStudioSourceCodeAccess (258)
[2017.04.25-13.51.07:572][845]LogModuleManager: Shutting down and abandoning module DesktopPlatform (257)
[2017.04.25-13.51.07:572][845]LogModuleManager: Shutting down and abandoning module UObjectPlugin (254)
[2017.04.25-13.51.07:572][845]LogModuleManager: Shutting down and abandoning module SubversionSourceControl (252)
[2017.04.25-13.51.07:572][845]LogModuleManager: Shutting down and abandoning module PerforceSourceControl (250)
[2017.04.25-13.51.07:572][845]LogModuleManager: Shutting down and abandoning module GitSourceControl (248)
[2017.04.25-13.51.07:572][845]LogModuleManager: Shutting down and abandoning module SourceControl (247)
[2017.04.25-13.51.07:572][845]LogModuleManager: Shutting down and abandoning module LightPropagationVolumeEditor (244)
[2017.04.25-13.51.07:572][845]LogModuleManager: Shutting down and abandoning module PaperTiledImporter (242)
[2017.04.25-13.51.07:572][845]LogModuleManager: Shutting down and abandoning module PaperSpriteSheetImporter (240)
[2017.04.25-13.51.07:572][845]LogModuleManager: Shutting down and abandoning module Paper2DEditor (238)
[2017.04.25-13.51.07:572][845]LogModuleManager: Shutting down and abandoning module MeshPaint (237)
[2017.04.25-13.51.07:572][845]LogModuleManager: Shutting down and abandoning module LevelEditor (235)
[2017.04.25-13.51.07:573][845]LogModuleManager: Shutting down and abandoning module PixelInspectorModule (234)
[2017.04.25-13.51.07:573][845]LogModuleManager: Shutting down and abandoning module MainFrame (232)
[2017.04.25-13.51.07:573][845]LogModuleManager: Shutting down and abandoning module HotReload (231)
[2017.04.25-13.51.07:573][845]LogDirectoryWatcher: A directory notification for 'C:/Users/rasta/Desktop/ArdunoGame/Binaries/Win64' was aborted.
[2017.04.25-13.51.07:574][845]LogModuleManager: Shutting down and abandoning module ContentBrowser (227)
[2017.04.25-13.51.07:575][845]LogModuleManager: Shutting down and abandoning module PhysXVehiclesEditor (222)
[2017.04.25-13.51.07:575][845]LogModuleManager: Shutting down and abandoning module PhysXVehicles (220)
[2017.04.25-13.51.07:575][845]LogModuleManager: Shutting down and abandoning module LocationServicesBPLibrary (218)
[2017.04.25-13.51.07:575][845]LogModuleManager: Shutting down and abandoning module UdpMessaging (216)
[2017.04.25-13.51.07:676][845]LogModuleManager: Shutting down and abandoning module TcpMessaging (214)
[2017.04.25-13.51.07:776][845]LogModuleManager: Shutting down and abandoning module GameplayTagsEditor (212)
[2017.04.25-13.51.07:776][845]LogModuleManager: Shutting down and abandoning module FacialAnimationEditor (210)
[2017.04.25-13.51.07:776][845]LogModuleManager: Shutting down and abandoning module FacialAnimation (208)
[2017.04.25-13.51.07:776][845]LogModuleManager: Shutting down and abandoning module LightPropagationVolumeRuntime (206)
[2017.04.25-13.51.07:776][845]LogModuleManager: Shutting down and abandoning module Paper2D (204)
[2017.04.25-13.51.07:776][845]LogModuleManager: Shutting down and abandoning module WindowsMoviePlayer (202)
[2017.04.25-13.51.07:776][845]LogModuleManager: Shutting down and abandoning module WmfMedia (200)
[2017.04.25-13.51.07:776][845]LogModuleManager: Shutting down and abandoning module MfMedia (198)
[2017.04.25-13.51.07:776][845]LogModuleManager: Shutting down and abandoning module MediaAssets (196)
[2017.04.25-13.51.07:776][845]LogModuleManager: Shutting down and abandoning module GameLiveStreaming (194)
[2017.04.25-13.51.07:776][845]LogModuleManager: Shutting down and abandoning module VREditor (192)
[2017.04.25-13.51.07:776][845]LogModuleManager: Shutting down and abandoning module GameplayTasksEditor (190)
[2017.04.25-13.51.07:776][845]LogModuleManager: Shutting down and abandoning module BehaviorTreeEditor (188)
[2017.04.25-13.51.07:777][845]LogModuleManager: Shutting down and abandoning module FunctionalTesting (186)
[2017.04.25-13.51.07:777][845]LogModuleManager: Shutting down and abandoning module CollisionAnalyzer (184)
[2017.04.25-13.51.07:777][845]LogModuleManager: Shutting down and abandoning module UMG (182)
[2017.04.25-13.51.07:777][845]LogModuleManager: Shutting down and abandoning module UMGEditor (181)
[2017.04.25-13.51.07:777][845]LogModuleManager: Shutting down and abandoning module Sequencer (180)
[2017.04.25-13.51.07:777][845]LogModuleManager: Shutting down and abandoning module AssetTools (178)
[2017.04.25-13.51.07:777][845]LogModuleManager: Shutting down and abandoning module MessageLog (177)
[2017.04.25-13.51.07:777][845]LogModuleManager: Shutting down and abandoning module WorkspaceMenuStructure (176)
[2017.04.25-13.51.07:777][845]LogModuleManager: Shutting down and abandoning module SlateReflector (170)
[2017.04.25-13.51.07:777][845]LogModuleManager: Shutting down and abandoning module Slate (168)
[2017.04.25-13.51.07:777][845]LogModuleManager: Shutting down and abandoning module EditorStyle (166)
[2017.04.25-13.51.07:780][845]LogModuleManager: Shutting down and abandoning module SourceCodeAccess (164)
[2017.04.25-13.51.07:780][845]LogModuleManager: Shutting down and abandoning module HeadMountedDisplay (162)
[2017.04.25-13.51.07:780][845]LogModuleManager: Shutting down and abandoning module XAudio2 (160)
[2017.04.25-13.51.07:780][845]LogModuleManager: Shutting down and abandoning module Networking (158)
[2017.04.25-13.51.07:780][845]LogModuleManager: Shutting down and abandoning module Core (154)
[2017.04.25-13.51.07:780][845]LogModuleManager: Shutting down and abandoning module AssetRegistry (152)
[2017.04.25-13.51.07:989][845]LogDirectoryWatcher: A directory notification for '../../../Engine/Content/' was aborted.
[2017.04.25-13.51.07:989][845]LogDirectoryWatcher: A directory notification for '../../../../../../Users/rasta/Desktop/ArdunoGame/Content/' was aborted.
[2017.04.25-13.51.07:989][845]LogDirectoryWatcher: A directory notification for '../../../Engine/Plugins/2D/Paper2D/Content/' was aborted.
[2017.04.25-13.51.07:990][845]LogModuleManager: Shutting down and abandoning module DirectoryWatcher (151)
[2017.04.25-13.51.07:990][845]LogModuleManager: Shutting down and abandoning module KismetCompiler (148)
[2017.04.25-13.51.07:990][845]LogModuleManager: Shutting down and abandoning module PhysXFormats (146)
[2017.04.25-13.51.07:990][845]LogModuleManager: Shutting down and abandoning module MeshUtilities (144)
[2017.04.25-13.51.07:991][845]LogModuleManager: Shutting down and abandoning module SimplygonSwarm (143)
[2017.04.25-13.51.07:991][845]LogModuleManager: Shutting down and abandoning module SimplygonMeshReduction (141)
[2017.04.25-13.51.07:991][845]LogModuleManager: Shutting down and abandoning module QuadricMeshReduction (139)
[2017.04.25-13.51.07:991][845]LogModuleManager: Shutting down and abandoning module PropertyEditor (137)
[2017.04.25-13.51.07:991][845]LogModuleManager: Shutting down and abandoning module DerivedDataCache (134)
[2017.04.25-13.51.08:016][845]LogDerivedDataCache: Shutdown
[2017.04.25-13.51.08:016][845]LogModuleManager: Shutting down and abandoning module TargetPlatform (132)
[2017.04.25-13.51.08:016][845]LogModuleManager: Shutting down and abandoning module VulkanShaderFormat (131)
[2017.04.25-13.51.08:016][845]LogModuleManager: Shutting down and abandoning module ShaderFormatOpenGL (129)
[2017.04.25-13.51.08:016][845]LogModuleManager: Shutting down and abandoning module ShaderFormatD3D (127)
[2017.04.25-13.51.08:016][845]LogModuleManager: Shutting down and abandoning module MetalShaderFormat (125)
[2017.04.25-13.51.08:016][845]LogModuleManager: Shutting down and abandoning module TextureFormatUncompressed (123)
[2017.04.25-13.51.08:016][845]LogModuleManager: Shutting down and abandoning module TextureFormatPVR (121)
[2017.04.25-13.51.08:016][845]LogModuleManager: Shutting down and abandoning module TextureFormatDXT (119)
[2017.04.25-13.51.08:016][845]LogModuleManager: Shutting down and abandoning module TextureFormatIntelISPCTexComp (117)
[2017.04.25-13.51.08:016][845]LogModuleManager: Shutting down and abandoning module TextureFormatASTC (115)
[2017.04.25-13.51.08:016][845]LogModuleManager: Shutting down and abandoning module ImageWrapper (114)
[2017.04.25-13.51.08:016][845]LogModuleManager: Shutting down and abandoning module TextureFormatAndroid (111)
[2017.04.25-13.51.08:016][845]LogModuleManager: Shutting down and abandoning module AudioFormatOpus (109)
[2017.04.25-13.51.08:016][845]LogModuleManager: Shutting down and abandoning module AudioFormatOgg (107)
[2017.04.25-13.51.08:016][845]LogModuleManager: Shutting down and abandoning module AudioFormatADPCM (105)
[2017.04.25-13.51.08:016][845]LogModuleManager: Shutting down and abandoning module LinuxTargetPlatform (103)
[2017.04.25-13.51.08:016][845]LogModuleManager: Shutting down and abandoning module LinuxServerTargetPlatform (101)
[2017.04.25-13.51.08:016][845]LogModuleManager: Shutting down and abandoning module LinuxNoEditorTargetPlatform (99)
[2017.04.25-13.51.08:016][845]LogModuleManager: Shutting down and abandoning module LinuxClientTargetPlatform (97)
[2017.04.25-13.51.08:016][845]LogModuleManager: Shutting down and abandoning module TVOSTargetPlatform (95)
[2017.04.25-13.51.08:016][845]LogModuleManager: Shutting down and abandoning module Messaging (93)
[2017.04.25-13.51.08:016][845]LogModuleManager: Shutting down and abandoning module IOSTargetPlatform (91)
[2017.04.25-13.51.08:016][845]LogModuleManager: Shutting down and abandoning module HTML5TargetPlatform (89)
[2017.04.25-13.51.08:016][845]LogModuleManager: Shutting down and abandoning module Android_PVRTCTargetPlatform (87)
[2017.04.25-13.51.08:016][845]LogModuleManager: Shutting down and abandoning module Android_MultiTargetPlatform (85)
[2017.04.25-13.51.08:016][845]LogModuleManager: Shutting down and abandoning module Android_ETC2TargetPlatform (83)
[2017.04.25-13.51.08:016][845]LogModuleManager: Shutting down and abandoning module Android_ETC1TargetPlatform (81)
[2017.04.25-13.51.08:016][845]LogModuleManager: Shutting down and abandoning module Android_DXTTargetPlatform (79)
[2017.04.25-13.51.08:016][845]LogModuleManager: Shutting down and abandoning module Android_ATCTargetPlatform (77)
[2017.04.25-13.51.08:016][845]LogModuleManager: Shutting down and abandoning module Android_ASTCTargetPlatform (75)
[2017.04.25-13.51.08:016][845]LogModuleManager: Shutting down and abandoning module AndroidTargetPlatform (73)
[2017.04.25-13.51.08:016][845]LogModuleManager: Shutting down and abandoning module WindowsTargetPlatform (71)
[2017.04.25-13.51.08:016][845]LogModuleManager: Shutting down and abandoning module WindowsServerTargetPlatform (69)
[2017.04.25-13.51.08:016][845]LogModuleManager: Shutting down and abandoning module WindowsNoEditorTargetPlatform (67)
[2017.04.25-13.51.08:016][845]LogModuleManager: Shutting down and abandoning module WindowsClientTargetPlatform (65)
[2017.04.25-13.51.08:016][845]LogModuleManager: Shutting down and abandoning module MacTargetPlatform (63)
[2017.04.25-13.51.08:016][845]LogModuleManager: Shutting down and abandoning module MacServerTargetPlatform (61)
[2017.04.25-13.51.08:016][845]LogModuleManager: Shutting down and abandoning module MacNoEditorTargetPlatform (59)
[2017.04.25-13.51.08:016][845]LogModuleManager: Shutting down and abandoning module MacClientTargetPlatform (57)
[2017.04.25-13.51.08:016][845]LogModuleManager: Shutting down and abandoning module AllDesktopTargetPlatform (55)
[2017.04.25-13.51.08:016][845]LogModuleManager: Shutting down and abandoning module InputCore (52)
[2017.04.25-13.51.08:016][845]LogModuleManager: Shutting down and abandoning module Settings (50)
[2017.04.25-13.51.08:016][845]LogModuleManager: Shutting down and abandoning module OculusRift (48)
[2017.04.25-13.51.08:016][845]LogModuleManager: Shutting down and abandoning module GearVR (46)
[2017.04.25-13.51.08:016][845]LogModuleManager: Shutting down and abandoning module ExampleDeviceProfileSelector (44)
[2017.04.25-13.51.08:016][845]LogModuleManager: Shutting down and abandoning module OnlineBlueprintSupport (42)
[2017.04.25-13.51.08:016][845]LogModuleManager: Shutting down and abandoning module OnlineSubsystem (38)
[2017.04.25-13.51.08:016][845]LogOnline:Display: Unloading online subsystem: NULL
[2017.04.25-13.51.08:016][845]LogModuleManager: Shutting down and abandoning module XMPP (37)
[2017.04.25-13.51.08:017][845]LogModuleManager: Shutting down and abandoning module HTTP (35)
[2017.04.25-13.51.08:017][845]LogHttp:Display: Http module shutting down, but needs to wait on 1 outstanding Http requests:
[2017.04.25-13.51.08:017][845]LogHttp:Display: 	verb=[POST] url=[https://datarouter.ol.epicgames.com/datarouter/api/v1/public/data?SessionID=%7BEADDEF3D-43B1-45F1-8867-AF96BA8606AF%7D&AppID=UEEditor.Rocket.Release&AppVersion=4.15.1-3348071%2B%2B%2BUE4%2BRelease-4.15&UserID=02f34fd04642e422d35bafa41a4e8c6d%7C7f6ef8d628314cb5a467967ba286e7f7%7Cd2ebd992-1792-4692-891e-ca304229e822&AppEnvironment=datacollector-binary&UploadType=eteventstream] status=Processing
[2017.04.25-13.51.08:050][845]LogModuleManager: Shutting down and abandoning module SSL (34)
[2017.04.25-13.51.08:052][845]LogModuleManager: Shutting down and abandoning module AudioEditor (30)
[2017.04.25-13.51.08:052][845]LogModuleManager: Shutting down and abandoning module TextureCompressor (28)
[2017.04.25-13.51.08:052][845]LogModuleManager: Shutting down and abandoning module ShaderCore (26)
[2017.04.25-13.51.08:052][845]LogModuleManager: Shutting down and abandoning module Landscape (24)
[2017.04.25-13.51.08:052][845]LogModuleManager: Shutting down and abandoning module SlateRHIRenderer (22)
[2017.04.25-13.51.08:054][845]LogModuleManager: Shutting down and abandoning module OpenGLDrv (20)
[2017.04.25-13.51.08:054][845]LogModuleManager: Shutting down and abandoning module D3D11RHI (18)
[2017.04.25-13.51.08:054][845]LogModuleManager: Shutting down and abandoning module AnimGraphRuntime (16)
[2017.04.25-13.51.08:054][845]LogModuleManager: Shutting down and abandoning module Renderer (14)
[2017.04.25-13.51.08:054][845]LogModuleManager: Shutting down and abandoning module Engine (12)
[2017.04.25-13.51.08:054][845]LogModuleManager: Shutting down and abandoning module CoreUObject (10)
[2017.04.25-13.51.08:054][845]LogModuleManager: Shutting down and abandoning module NetworkFile (8)
[2017.04.25-13.51.08:054][845]LogModuleManager: Shutting down and abandoning module StreamingFile (6)
[2017.04.25-13.51.08:054][845]LogModuleManager: Shutting down and abandoning module SandboxFile (4)
[2017.04.25-13.51.08:054][845]LogModuleManager: Shutting down and abandoning module PakFile (2)
[2017.04.25-13.51.08:057][845]LogExit: Exiting.
[2017.04.25-13.51.08:071][845]Log file closed, 04/25/17 14:51:08
